This is pdfTeX, Version 3.141592653-2.6-1.40.26 (TeX Live 2024) (preloaded format=pdflatex 2024.3.22)  13 JUN 2024 10:14
entering extended mode
 restricted \write18 enabled.
 file:line:error style messages enabled.
 %&-line parsing enabled.
**d:/Programming/GitHub/Physics-Homework/663/Prez/QHD.tex
(d:/Programming/GitHub/Physics-Homework/663/Prez/QHD.tex
LaTeX2e <2023-11-01> patch level 1
L3 programming layer <2024-03-14>
(d:/Programs/texlive/2024/texmf-dist/tex/latex/beamer/beamer.cls
Document Class: beamer 2024/01/06 v3.71 A class for typesetting presentations
(d:/Programs/texlive/2024/texmf-dist/tex/latex/beamer/beamerbasemodes.sty (d:/Programs/texlive/2024/texmf-dist/tex/latex/etoolbox/etoolbox.sty
Package: etoolbox 2020/10/05 v2.5k e-TeX tools for LaTeX (JAW)
\etb@tempcnta=\count188
)
\beamer@tempbox=\box51
\beamer@tempcount=\count189
\c@beamerpauses=\count190
 (d:/Programs/texlive/2024/texmf-dist/tex/latex/beamer/beamerbasedecode.sty
\beamer@slideinframe=\count191
\beamer@minimum=\count192
\beamer@decode@box=\box52
)
\beamer@commentbox=\box53
\beamer@modecount=\count193
) (d:/Programs/texlive/2024/texmf-dist/tex/generic/iftex/iftex.sty
Package: iftex 2022/02/03 v1.0f TeX engine tests
)
\headdp=\dimen140
\footheight=\dimen141
\sidebarheight=\dimen142
\beamer@tempdim=\dimen143
\beamer@finalheight=\dimen144
\beamer@animht=\dimen145
\beamer@animdp=\dimen146
\beamer@animwd=\dimen147
\beamer@leftmargin=\dimen148
\beamer@rightmargin=\dimen149
\beamer@leftsidebar=\dimen150
\beamer@rightsidebar=\dimen151
\beamer@boxsize=\dimen152
\beamer@vboxoffset=\dimen153
\beamer@descdefault=\dimen154
\beamer@descriptionwidth=\dimen155
\beamer@lastskip=\skip48
\beamer@areabox=\box54
\beamer@animcurrent=\box55
\beamer@animshowbox=\box56
\beamer@sectionbox=\box57
\beamer@logobox=\box58
\beamer@linebox=\box59
\beamer@sectioncount=\count194
\beamer@subsubsectionmax=\count195
\beamer@subsectionmax=\count196
\beamer@sectionmax=\count197
\beamer@totalheads=\count198
\beamer@headcounter=\count199
\beamer@partstartpage=\count266
\beamer@sectionstartpage=\count267
\beamer@subsectionstartpage=\count268
\beamer@animationtempa=\count269
\beamer@animationtempb=\count270
\beamer@xpos=\count271
\beamer@ypos=\count272
\beamer@ypos@offset=\count273
\beamer@showpartnumber=\count274
\beamer@currentsubsection=\count275
\beamer@coveringdepth=\count276
\beamer@sectionadjust=\count277
\beamer@toclastsection=\count278
\beamer@tocsectionnumber=\count279
 (d:/Programs/texlive/2024/texmf-dist/tex/latex/beamer/beamerbaseoptions.sty (d:/Programs/texlive/2024/texmf-dist/tex/latex/graphics/keyval.sty
Package: keyval 2022/05/29 v1.15 key=value parser (DPC)
\KV@toks@=\toks17
))
\beamer@paperwidth=\skip49
\beamer@paperheight=\skip50
 (d:/Programs/texlive/2024/texmf-dist/tex/latex/geometry/geometry.sty
Package: geometry 2020/01/02 v5.9 Page Geometry
 (d:/Programs/texlive/2024/texmf-dist/tex/generic/iftex/ifvtex.sty
Package: ifvtex 2019/10/25 v1.7 ifvtex legacy package. Use iftex instead.
)
\Gm@cnth=\count280
\Gm@cntv=\count281
\c@Gm@tempcnt=\count282
\Gm@bindingoffset=\dimen156
\Gm@wd@mp=\dimen157
\Gm@odd@mp=\dimen158
\Gm@even@mp=\dimen159
\Gm@layoutwidth=\dimen160
\Gm@layoutheight=\dimen161
\Gm@layouthoffset=\dimen162
\Gm@layoutvoffset=\dimen163
\Gm@dimlist=\toks18
) (d:/Programs/texlive/2024/texmf-dist/tex/latex/pgf/math/pgfmath.sty (d:/Programs/texlive/2024/texmf-dist/tex/latex/pgf/utilities/pgfrcs.sty (d:/Programs/texlive/2024/texmf-dist/tex/generic/pgf/utilities/pgfutil-common.tex
\pgfutil@everybye=\toks19
\pgfutil@tempdima=\dimen164
\pgfutil@tempdimb=\dimen165
) (d:/Programs/texlive/2024/texmf-dist/tex/generic/pgf/utilities/pgfutil-latex.def
\pgfutil@abb=\box60
) (d:/Programs/texlive/2024/texmf-dist/tex/generic/pgf/utilities/pgfrcs.code.tex (d:/Programs/texlive/2024/texmf-dist/tex/generic/pgf/pgf.revision.tex)
Package: pgfrcs 2023-01-15 v3.1.10 (3.1.10)
)) (d:/Programs/texlive/2024/texmf-dist/tex/latex/pgf/utilities/pgfkeys.sty (d:/Programs/texlive/2024/texmf-dist/tex/generic/pgf/utilities/pgfkeys.code.tex
\pgfkeys@pathtoks=\toks20
\pgfkeys@temptoks=\toks21
 (d:/Programs/texlive/2024/texmf-dist/tex/generic/pgf/utilities/pgfkeyslibraryfiltered.code.tex
\pgfkeys@tmptoks=\toks22
))) (d:/Programs/texlive/2024/texmf-dist/tex/generic/pgf/math/pgfmath.code.tex (d:/Programs/texlive/2024/texmf-dist/tex/generic/pgf/math/pgfmathutil.code.tex
\pgf@x=\dimen166
\pgf@xa=\dimen167
\pgf@xb=\dimen168
\pgf@xc=\dimen169
\pgf@y=\dimen170
\pgf@ya=\dimen171
\pgf@yb=\dimen172
\pgf@yc=\dimen173
\c@pgf@counta=\count283
\c@pgf@countb=\count284
\c@pgf@countc=\count285
\c@pgf@countd=\count286
) (d:/Programs/texlive/2024/texmf-dist/tex/generic/pgf/math/pgfmathparser.code.tex
\pgfmath@dimen=\dimen174
\pgfmath@count=\count287
\pgfmath@box=\box61
\pgfmath@toks=\toks23
\pgfmath@stack@operand=\toks24
\pgfmath@stack@operation=\toks25
) (d:/Programs/texlive/2024/texmf-dist/tex/generic/pgf/math/pgfmathfunctions.code.tex) (d:/Programs/texlive/2024/texmf-dist/tex/generic/pgf/math/pgfmathfunctions.basic.code.tex) (d:/Programs/texlive/2024/texmf-dist/tex/generic/pgf/math/pgfmathfunctions.trigonometric.code.tex) (d:/Programs/texlive/2024/texmf-dist/tex/generic/pgf/math/pgfmathfunctions.random.code.tex) (d:/Programs/texlive/2024/texmf-dist/tex/generic/pgf/math/pgfmathfunctions.comparison.code.tex) (d:/Programs/texlive/2024/texmf-dist/tex/generic/pgf/math/pgfmathfunctions.base.code.tex) (d:/Programs/texlive/2024/texmf-dist/tex/generic/pgf/math/pgfmathfunctions.round.code.tex) (d:/Programs/texlive/2024/texmf-dist/tex/generic/pgf/math/pgfmathfunctions.misc.code.tex) (d:/Programs/texlive/2024/texmf-dist/tex/generic/pgf/math/pgfmathfunctions.integerarithmetics.code.tex) (d:/Programs/texlive/2024/texmf-dist/tex/generic/pgf/math/pgfmathcalc.code.tex) (d:/Programs/texlive/2024/texmf-dist/tex/generic/pgf/math/pgfmathfloat.code.tex
\c@pgfmathroundto@lastzeros=\count288
))) (d:/Programs/texlive/2024/texmf-dist/tex/latex/base/size11.clo
File: size11.clo 2023/05/17 v1.4n Standard LaTeX file (size option)
) (d:/Programs/texlive/2024/texmf-dist/tex/latex/pgf/basiclayer/pgfcore.sty (d:/Programs/texlive/2024/texmf-dist/tex/latex/graphics/graphicx.sty
Package: graphicx 2021/09/16 v1.2d Enhanced LaTeX Graphics (DPC,SPQR)
 (d:/Programs/texlive/2024/texmf-dist/tex/latex/graphics/graphics.sty
Package: graphics 2022/03/10 v1.4e Standard LaTeX Graphics (DPC,SPQR)
 (d:/Programs/texlive/2024/texmf-dist/tex/latex/graphics/trig.sty
Package: trig 2021/08/11 v1.11 sin cos tan (DPC)
) (d:/Programs/texlive/2024/texmf-dist/tex/latex/graphics-cfg/graphics.cfg
File: graphics.cfg 2016/06/04 v1.11 sample graphics configuration
)
Package graphics Info: Driver file: pdftex.def on input line 107.
 (d:/Programs/texlive/2024/texmf-dist/tex/latex/graphics-def/pdftex.def
File: pdftex.def 2022/09/22 v1.2b Graphics/color driver for pdftex
))
\Gin@req@height=\dimen175
\Gin@req@width=\dimen176
) (d:/Programs/texlive/2024/texmf-dist/tex/latex/pgf/systemlayer/pgfsys.sty (d:/Programs/texlive/2024/texmf-dist/tex/generic/pgf/systemlayer/pgfsys.code.tex
Package: pgfsys 2023-01-15 v3.1.10 (3.1.10)
\pgf@x=\dimen177
\pgf@y=\dimen178
\pgf@xa=\dimen179
\pgf@ya=\dimen180
\pgf@xb=\dimen181
\pgf@yb=\dimen182
\pgf@xc=\dimen183
\pgf@yc=\dimen184
\pgf@xd=\dimen185
\pgf@yd=\dimen186
\w@pgf@writea=\write3
\r@pgf@reada=\read2
\c@pgf@counta=\count289
\c@pgf@countb=\count290
\c@pgf@countc=\count291
\c@pgf@countd=\count292
\t@pgf@toka=\toks26
\t@pgf@tokb=\toks27
\t@pgf@tokc=\toks28
\pgf@sys@id@count=\count293
 (d:/Programs/texlive/2024/texmf-dist/tex/generic/pgf/systemlayer/pgf.cfg
File: pgf.cfg 2023-01-15 v3.1.10 (3.1.10)
)
Driver file for pgf: pgfsys-pdftex.def
 (d:/Programs/texlive/2024/texmf-dist/tex/generic/pgf/systemlayer/pgfsys-pdftex.def
File: pgfsys-pdftex.def 2023-01-15 v3.1.10 (3.1.10)
 (d:/Programs/texlive/2024/texmf-dist/tex/generic/pgf/systemlayer/pgfsys-common-pdf.def
File: pgfsys-common-pdf.def 2023-01-15 v3.1.10 (3.1.10)
))) (d:/Programs/texlive/2024/texmf-dist/tex/generic/pgf/systemlayer/pgfsyssoftpath.code.tex
File: pgfsyssoftpath.code.tex 2023-01-15 v3.1.10 (3.1.10)
\pgfsyssoftpath@smallbuffer@items=\count294
\pgfsyssoftpath@bigbuffer@items=\count295
) (d:/Programs/texlive/2024/texmf-dist/tex/generic/pgf/systemlayer/pgfsysprotocol.code.tex
File: pgfsysprotocol.code.tex 2023-01-15 v3.1.10 (3.1.10)
)) (d:/Programs/texlive/2024/texmf-dist/tex/latex/xcolor/xcolor.sty
Package: xcolor 2023/11/15 v3.01 LaTeX color extensions (UK)
 (d:/Programs/texlive/2024/texmf-dist/tex/latex/graphics-cfg/color.cfg
File: color.cfg 2016/01/02 v1.6 sample color configuration
)
Package xcolor Info: Driver file: pdftex.def on input line 274.
 (d:/Programs/texlive/2024/texmf-dist/tex/latex/graphics/mathcolor.ltx)
Package xcolor Info: Model `cmy' substituted by `cmy0' on input line 1350.
Package xcolor Info: Model `hsb' substituted by `rgb' on input line 1354.
Package xcolor Info: Model `RGB' extended on input line 1366.
Package xcolor Info: Model `HTML' substituted by `rgb' on input line 1368.
Package xcolor Info: Model `Hsb' substituted by `hsb' on input line 1369.
Package xcolor Info: Model `tHsb' substituted by `hsb' on input line 1370.
Package xcolor Info: Model `HSB' substituted by `hsb' on input line 1371.
Package xcolor Info: Model `Gray' substituted by `gray' on input line 1372.
Package xcolor Info: Model `wave' substituted by `hsb' on input line 1373.
) (d:/Programs/texlive/2024/texmf-dist/tex/latex/graphics/dvipsnam.def
File: dvipsnam.def 2016/06/17 v3.0m Driver-dependent file (DPC,SPQR)
) (d:/Programs/texlive/2024/texmf-dist/tex/generic/pgf/basiclayer/pgfcore.code.tex
Package: pgfcore 2023-01-15 v3.1.10 (3.1.10)
 (d:/Programs/texlive/2024/texmf-dist/tex/generic/pgf/math/pgfint.code.tex) (d:/Programs/texlive/2024/texmf-dist/tex/generic/pgf/basiclayer/pgfcorepoints.code.tex
File: pgfcorepoints.code.tex 2023-01-15 v3.1.10 (3.1.10)
\pgf@picminx=\dimen187
\pgf@picmaxx=\dimen188
\pgf@picminy=\dimen189
\pgf@picmaxy=\dimen190
\pgf@pathminx=\dimen191
\pgf@pathmaxx=\dimen192
\pgf@pathminy=\dimen193
\pgf@pathmaxy=\dimen194
\pgf@xx=\dimen195
\pgf@xy=\dimen196
\pgf@yx=\dimen197
\pgf@yy=\dimen198
\pgf@zx=\dimen199
\pgf@zy=\dimen256
) (d:/Programs/texlive/2024/texmf-dist/tex/generic/pgf/basiclayer/pgfcorepathconstruct.code.tex
File: pgfcorepathconstruct.code.tex 2023-01-15 v3.1.10 (3.1.10)
\pgf@path@lastx=\dimen257
\pgf@path@lasty=\dimen258
) (d:/Programs/texlive/2024/texmf-dist/tex/generic/pgf/basiclayer/pgfcorepathusage.code.tex
File: pgfcorepathusage.code.tex 2023-01-15 v3.1.10 (3.1.10)
\pgf@shorten@end@additional=\dimen259
\pgf@shorten@start@additional=\dimen260
) (d:/Programs/texlive/2024/texmf-dist/tex/generic/pgf/basiclayer/pgfcorescopes.code.tex
File: pgfcorescopes.code.tex 2023-01-15 v3.1.10 (3.1.10)
\pgfpic=\box62
\pgf@hbox=\box63
\pgf@layerbox@main=\box64
\pgf@picture@serial@count=\count296
) (d:/Programs/texlive/2024/texmf-dist/tex/generic/pgf/basiclayer/pgfcoregraphicstate.code.tex
File: pgfcoregraphicstate.code.tex 2023-01-15 v3.1.10 (3.1.10)
\pgflinewidth=\dimen261
) (d:/Programs/texlive/2024/texmf-dist/tex/generic/pgf/basiclayer/pgfcoretransformations.code.tex
File: pgfcoretransformations.code.tex 2023-01-15 v3.1.10 (3.1.10)
\pgf@pt@x=\dimen262
\pgf@pt@y=\dimen263
\pgf@pt@temp=\dimen264
) (d:/Programs/texlive/2024/texmf-dist/tex/generic/pgf/basiclayer/pgfcorequick.code.tex
File: pgfcorequick.code.tex 2023-01-15 v3.1.10 (3.1.10)
) (d:/Programs/texlive/2024/texmf-dist/tex/generic/pgf/basiclayer/pgfcoreobjects.code.tex
File: pgfcoreobjects.code.tex 2023-01-15 v3.1.10 (3.1.10)
) (d:/Programs/texlive/2024/texmf-dist/tex/generic/pgf/basiclayer/pgfcorepathprocessing.code.tex
File: pgfcorepathprocessing.code.tex 2023-01-15 v3.1.10 (3.1.10)
) (d:/Programs/texlive/2024/texmf-dist/tex/generic/pgf/basiclayer/pgfcorearrows.code.tex
File: pgfcorearrows.code.tex 2023-01-15 v3.1.10 (3.1.10)
\pgfarrowsep=\dimen265
) (d:/Programs/texlive/2024/texmf-dist/tex/generic/pgf/basiclayer/pgfcoreshade.code.tex
File: pgfcoreshade.code.tex 2023-01-15 v3.1.10 (3.1.10)
\pgf@max=\dimen266
\pgf@sys@shading@range@num=\count297
\pgf@shadingcount=\count298
) (d:/Programs/texlive/2024/texmf-dist/tex/generic/pgf/basiclayer/pgfcoreimage.code.tex
File: pgfcoreimage.code.tex 2023-01-15 v3.1.10 (3.1.10)
) (d:/Programs/texlive/2024/texmf-dist/tex/generic/pgf/basiclayer/pgfcoreexternal.code.tex
File: pgfcoreexternal.code.tex 2023-01-15 v3.1.10 (3.1.10)
\pgfexternal@startupbox=\box65
) (d:/Programs/texlive/2024/texmf-dist/tex/generic/pgf/basiclayer/pgfcorelayers.code.tex
File: pgfcorelayers.code.tex 2023-01-15 v3.1.10 (3.1.10)
) (d:/Programs/texlive/2024/texmf-dist/tex/generic/pgf/basiclayer/pgfcoretransparency.code.tex
File: pgfcoretransparency.code.tex 2023-01-15 v3.1.10 (3.1.10)
) (d:/Programs/texlive/2024/texmf-dist/tex/generic/pgf/basiclayer/pgfcorepatterns.code.tex
File: pgfcorepatterns.code.tex 2023-01-15 v3.1.10 (3.1.10)
) (d:/Programs/texlive/2024/texmf-dist/tex/generic/pgf/basiclayer/pgfcorerdf.code.tex
File: pgfcorerdf.code.tex 2023-01-15 v3.1.10 (3.1.10)
))) (d:/Programs/texlive/2024/texmf-dist/tex/latex/pgf/utilities/xxcolor.sty
Package: xxcolor 2003/10/24 ver 0.1
\XC@nummixins=\count299
\XC@countmixins=\count300
) (d:/Programs/texlive/2024/texmf-dist/tex/latex/base/atbegshi-ltx.sty
Package: atbegshi-ltx 2021/01/10 v1.0c Emulation of the original atbegshi
package with kernel methods
) (d:/Programs/texlive/2024/texmf-dist/tex/latex/hyperref/hyperref.sty
Package: hyperref 2024-01-20 v7.01h Hypertext links for LaTeX
 (d:/Programs/texlive/2024/texmf-dist/tex/latex/kvsetkeys/kvsetkeys.sty
Package: kvsetkeys 2022-10-05 v1.19 Key value parser (HO)
) (d:/Programs/texlive/2024/texmf-dist/tex/generic/kvdefinekeys/kvdefinekeys.sty
Package: kvdefinekeys 2019-12-19 v1.6 Define keys (HO)
) (d:/Programs/texlive/2024/texmf-dist/tex/generic/pdfescape/pdfescape.sty
Package: pdfescape 2019/12/09 v1.15 Implements pdfTeX's escape features (HO)
 (d:/Programs/texlive/2024/texmf-dist/tex/generic/ltxcmds/ltxcmds.sty
Package: ltxcmds 2023-12-04 v1.26 LaTeX kernel commands for general use (HO)
) (d:/Programs/texlive/2024/texmf-dist/tex/generic/pdftexcmds/pdftexcmds.sty
Package: pdftexcmds 2020-06-27 v0.33 Utility functions of pdfTeX for LuaTeX (HO)
 (d:/Programs/texlive/2024/texmf-dist/tex/generic/infwarerr/infwarerr.sty
Package: infwarerr 2019/12/03 v1.5 Providing info/warning/error messages (HO)
)
Package pdftexcmds Info: \pdf@primitive is available.
Package pdftexcmds Info: \pdf@ifprimitive is available.
Package pdftexcmds Info: \pdfdraftmode found.
)) (d:/Programs/texlive/2024/texmf-dist/tex/latex/hycolor/hycolor.sty
Package: hycolor 2020-01-27 v1.10 Color options for hyperref/bookmark (HO)
) (d:/Programs/texlive/2024/texmf-dist/tex/latex/auxhook/auxhook.sty
Package: auxhook 2019-12-17 v1.6 Hooks for auxiliary files (HO)
) (d:/Programs/texlive/2024/texmf-dist/tex/latex/hyperref/nameref.sty
Package: nameref 2023-11-26 v2.56 Cross-referencing by name of section
 (d:/Programs/texlive/2024/texmf-dist/tex/latex/refcount/refcount.sty
Package: refcount 2019/12/15 v3.6 Data extraction from label references (HO)
) (d:/Programs/texlive/2024/texmf-dist/tex/generic/gettitlestring/gettitlestring.sty
Package: gettitlestring 2019/12/15 v1.6 Cleanup title references (HO)
 (d:/Programs/texlive/2024/texmf-dist/tex/latex/kvoptions/kvoptions.sty
Package: kvoptions 2022-06-15 v3.15 Key value format for package options (HO)
))
\c@section@level=\count301
)
\@linkdim=\dimen267
\Hy@linkcounter=\count302
\Hy@pagecounter=\count303
 (d:/Programs/texlive/2024/texmf-dist/tex/latex/hyperref/pd1enc.def
File: pd1enc.def 2024-01-20 v7.01h Hyperref: PDFDocEncoding definition (HO)
Now handling font encoding PD1 ...
... no UTF-8 mapping file for font encoding PD1
) (d:/Programs/texlive/2024/texmf-dist/tex/generic/intcalc/intcalc.sty
Package: intcalc 2019/12/15 v1.3 Expandable calculations with integers (HO)
)
\Hy@SavedSpaceFactor=\count304
 (d:/Programs/texlive/2024/texmf-dist/tex/latex/hyperref/puenc.def
File: puenc.def 2024-01-20 v7.01h Hyperref: PDF Unicode definition (HO)
Now handling font encoding PU ...
... no UTF-8 mapping file for font encoding PU
)
Package hyperref Info: Option `bookmarks' set `true' on input line 4062.
Package hyperref Info: Option `bookmarksopen' set `true' on input line 4062.
Package hyperref Info: Option `implicit' set `false' on input line 4062.
Package hyperref Info: Hyper figures OFF on input line 4179.
Package hyperref Info: Link nesting OFF on input line 4184.
Package hyperref Info: Hyper index ON on input line 4187.
Package hyperref Info: Plain pages OFF on input line 4194.
Package hyperref Info: Backreferencing OFF on input line 4199.
Package hyperref Info: Implicit mode OFF; no redefinition of LaTeX internals.
Package hyperref Info: Bookmarks ON on input line 4446.
\c@Hy@tempcnt=\count305
 (d:/Programs/texlive/2024/texmf-dist/tex/latex/url/url.sty
\Urlmuskip=\muskip16
Package: url 2013/09/16  ver 3.4  Verb mode for urls, etc.
)
LaTeX Info: Redefining \url on input line 4784.
\XeTeXLinkMargin=\dimen268
 (d:/Programs/texlive/2024/texmf-dist/tex/generic/bitset/bitset.sty
Package: bitset 2019/12/09 v1.3 Handle bit-vector datatype (HO)
 (d:/Programs/texlive/2024/texmf-dist/tex/generic/bigintcalc/bigintcalc.sty
Package: bigintcalc 2019/12/15 v1.5 Expandable calculations on big integers (HO)
))
\Fld@menulength=\count306
\Field@Width=\dimen269
\Fld@charsize=\dimen270
Package hyperref Info: Hyper figures OFF on input line 6063.
Package hyperref Info: Link nesting OFF on input line 6068.
Package hyperref Info: Hyper index ON on input line 6071.
Package hyperref Info: backreferencing OFF on input line 6078.
Package hyperref Info: Link coloring OFF on input line 6083.
Package hyperref Info: Link coloring with OCG OFF on input line 6088.
Package hyperref Info: PDF/A mode OFF on input line 6093.
\Hy@abspage=\count307


Package hyperref Message: Stopped early.

)
Package hyperref Info: Driver (autodetected): hpdftex.
 (d:/Programs/texlive/2024/texmf-dist/tex/latex/hyperref/hpdftex.def
File: hpdftex.def 2024-01-20 v7.01h Hyperref driver for pdfTeX
 (d:/Programs/texlive/2024/texmf-dist/tex/latex/base/atveryend-ltx.sty
Package: atveryend-ltx 2020/08/19 v1.0a Emulation of the original atveryend package
with kernel methods
)
\Fld@listcount=\count308
\c@bookmark@seq@number=\count309
 (d:/Programs/texlive/2024/texmf-dist/tex/latex/rerunfilecheck/rerunfilecheck.sty
Package: rerunfilecheck 2022-07-10 v1.10 Rerun checks for auxiliary files (HO)
 (d:/Programs/texlive/2024/texmf-dist/tex/generic/uniquecounter/uniquecounter.sty
Package: uniquecounter 2019/12/15 v1.4 Provide unlimited unique counter (HO)
)
Package uniquecounter Info: New unique counter `rerunfilecheck' on input line 285.
)) (d:/Programs/texlive/2024/texmf-dist/tex/latex/beamer/beamerbaserequires.sty (d:/Programs/texlive/2024/texmf-dist/tex/latex/beamer/beamerbasecompatibility.sty) (d:/Programs/texlive/2024/texmf-dist/tex/latex/beamer/beamerbasefont.sty (d:/Programs/texlive/2024/texmf-dist/tex/latex/amsfonts/amssymb.sty
Package: amssymb 2013/01/14 v3.01 AMS font symbols
 (d:/Programs/texlive/2024/texmf-dist/tex/latex/amsfonts/amsfonts.sty
Package: amsfonts 2013/01/14 v3.01 Basic AMSFonts support
\@emptytoks=\toks29
\symAMSa=\mathgroup4
\symAMSb=\mathgroup5
LaTeX Font Info:    Redeclaring math symbol \hbar on input line 98.
LaTeX Font Info:    Overwriting math alphabet `\mathfrak' in version `bold'
(Font)                  U/euf/m/n --> U/euf/b/n on input line 106.
)) (d:/Programs/texlive/2024/texmf-dist/tex/latex/sansmathaccent/sansmathaccent.sty
Package: sansmathaccent 2020/01/31
 (d:/Programs/texlive/2024/texmf-dist/tex/latex/koma-script/scrlfile.sty
Package: scrlfile 2023/07/07 v3.41 KOMA-Script package (file load hooks)
 (d:/Programs/texlive/2024/texmf-dist/tex/latex/koma-script/scrlfile-hook.sty
Package: scrlfile-hook 2023/07/07 v3.41 KOMA-Script package (using LaTeX hooks)
 (d:/Programs/texlive/2024/texmf-dist/tex/latex/koma-script/scrlogo.sty
Package: scrlogo 2023/07/07 v3.41 KOMA-Script package (logo)
))))) (d:/Programs/texlive/2024/texmf-dist/tex/latex/beamer/beamerbasetranslator.sty (d:/Programs/texlive/2024/texmf-dist/tex/latex/translator/translator.sty
Package: translator 2021-05-31 v1.12d Easy translation of strings in LaTeX
)) (d:/Programs/texlive/2024/texmf-dist/tex/latex/beamer/beamerbasemisc.sty) (d:/Programs/texlive/2024/texmf-dist/tex/latex/beamer/beamerbasetwoscreens.sty) (d:/Programs/texlive/2024/texmf-dist/tex/latex/beamer/beamerbaseoverlay.sty
\beamer@argscount=\count310
\beamer@lastskipcover=\skip51
\beamer@trivlistdepth=\count311
) (d:/Programs/texlive/2024/texmf-dist/tex/latex/beamer/beamerbasetitle.sty) (d:/Programs/texlive/2024/texmf-dist/tex/latex/beamer/beamerbasesection.sty
\c@lecture=\count312
\c@part=\count313
\c@section=\count314
\c@subsection=\count315
\c@subsubsection=\count316
) (d:/Programs/texlive/2024/texmf-dist/tex/latex/beamer/beamerbaseframe.sty
\beamer@framebox=\box66
\beamer@frametitlebox=\box67
\beamer@zoombox=\box68
\beamer@zoomcount=\count317
\beamer@zoomframecount=\count318
\beamer@frametextheight=\dimen271
\c@subsectionslide=\count319
\beamer@frametopskip=\skip52
\beamer@framebottomskip=\skip53
\beamer@frametopskipautobreak=\skip54
\beamer@framebottomskipautobreak=\skip55
\beamer@envbody=\toks30
\framewidth=\dimen272
\c@framenumber=\count320
) (d:/Programs/texlive/2024/texmf-dist/tex/latex/beamer/beamerbaseverbatim.sty
\beamer@verbatimfileout=\write4
) (d:/Programs/texlive/2024/texmf-dist/tex/latex/beamer/beamerbaseframesize.sty
\beamer@splitbox=\box69
\beamer@autobreakcount=\count321
\beamer@autobreaklastheight=\dimen273
\beamer@frametitletoks=\toks31
\beamer@framesubtitletoks=\toks32
) (d:/Programs/texlive/2024/texmf-dist/tex/latex/beamer/beamerbaseframecomponents.sty
\beamer@footins=\box70
) (d:/Programs/texlive/2024/texmf-dist/tex/latex/beamer/beamerbasecolor.sty) (d:/Programs/texlive/2024/texmf-dist/tex/latex/beamer/beamerbasenotes.sty
\beamer@frameboxcopy=\box71
) (d:/Programs/texlive/2024/texmf-dist/tex/latex/beamer/beamerbasetoc.sty) (d:/Programs/texlive/2024/texmf-dist/tex/latex/beamer/beamerbasetemplates.sty
\beamer@sbttoks=\toks33
 (d:/Programs/texlive/2024/texmf-dist/tex/latex/beamer/beamerbaseauxtemplates.sty (d:/Programs/texlive/2024/texmf-dist/tex/latex/beamer/beamerbaseboxes.sty
\bmb@box=\box72
\bmb@colorbox=\box73
\bmb@boxwidth=\dimen274
\bmb@boxheight=\dimen275
\bmb@prevheight=\dimen276
\bmb@temp=\dimen277
\bmb@dima=\dimen278
\bmb@dimb=\dimen279
\bmb@prevheight=\dimen280
)
\beamer@blockheadheight=\dimen281
)) (d:/Programs/texlive/2024/texmf-dist/tex/latex/beamer/beamerbaselocalstructure.sty (d:/Programs/texlive/2024/texmf-dist/tex/latex/tools/enumerate.sty
Package: enumerate 2023/07/04 v3.00 enumerate extensions (DPC)
\@enLab=\toks34
)
\beamer@bibiconwidth=\skip56
\c@figure=\count322
\c@table=\count323
\abovecaptionskip=\skip57
\belowcaptionskip=\skip58
) (d:/Programs/texlive/2024/texmf-dist/tex/latex/beamer/beamerbasenavigation.sty (d:/Programs/texlive/2024/texmf-dist/tex/latex/beamer/beamerbasenavigationsymbols.tex)
\beamer@section@min@dim=\dimen282
) (d:/Programs/texlive/2024/texmf-dist/tex/latex/beamer/beamerbasetheorems.sty (d:/Programs/texlive/2024/texmf-dist/tex/latex/amsmath/amsmath.sty
Package: amsmath 2023/05/13 v2.17o AMS math features
\@mathmargin=\skip59

For additional information on amsmath, use the `?' option.
(d:/Programs/texlive/2024/texmf-dist/tex/latex/amsmath/amstext.sty
Package: amstext 2021/08/26 v2.01 AMS text
 (d:/Programs/texlive/2024/texmf-dist/tex/latex/amsmath/amsgen.sty
File: amsgen.sty 1999/11/30 v2.0 generic functions
\@emptytoks=\toks35
\ex@=\dimen283
)) (d:/Programs/texlive/2024/texmf-dist/tex/latex/amsmath/amsbsy.sty
Package: amsbsy 1999/11/29 v1.2d Bold Symbols
\pmbraise@=\dimen284
) (d:/Programs/texlive/2024/texmf-dist/tex/latex/amsmath/amsopn.sty
Package: amsopn 2022/04/08 v2.04 operator names
)
\inf@bad=\count324
LaTeX Info: Redefining \frac on input line 234.
\uproot@=\count325
\leftroot@=\count326
LaTeX Info: Redefining \overline on input line 399.
LaTeX Info: Redefining \colon on input line 410.
\classnum@=\count327
\DOTSCASE@=\count328
LaTeX Info: Redefining \ldots on input line 496.
LaTeX Info: Redefining \dots on input line 499.
LaTeX Info: Redefining \cdots on input line 620.
\Mathstrutbox@=\box74
\strutbox@=\box75
LaTeX Info: Redefining \big on input line 722.
LaTeX Info: Redefining \Big on input line 723.
LaTeX Info: Redefining \bigg on input line 724.
LaTeX Info: Redefining \Bigg on input line 725.
\big@size=\dimen285
LaTeX Font Info:    Redeclaring font encoding OML on input line 743.
LaTeX Font Info:    Redeclaring font encoding OMS on input line 744.
\macc@depth=\count329
LaTeX Info: Redefining \bmod on input line 905.
LaTeX Info: Redefining \pmod on input line 910.
LaTeX Info: Redefining \smash on input line 940.
LaTeX Info: Redefining \relbar on input line 970.
LaTeX Info: Redefining \Relbar on input line 971.
\c@MaxMatrixCols=\count330
\dotsspace@=\muskip17
\c@parentequation=\count331
\dspbrk@lvl=\count332
\tag@help=\toks36
\row@=\count333
\column@=\count334
\maxfields@=\count335
\andhelp@=\toks37
\eqnshift@=\dimen286
\alignsep@=\dimen287
\tagshift@=\dimen288
\tagwidth@=\dimen289
\totwidth@=\dimen290
\lineht@=\dimen291
\@envbody=\toks38
\multlinegap=\skip60
\multlinetaggap=\skip61
\mathdisplay@stack=\toks39
LaTeX Info: Redefining \[ on input line 2953.
LaTeX Info: Redefining \] on input line 2954.
) (d:/Programs/texlive/2024/texmf-dist/tex/latex/amscls/amsthm.sty
Package: amsthm 2020/05/29 v2.20.6
\thm@style=\toks40
\thm@bodyfont=\toks41
\thm@headfont=\toks42
\thm@notefont=\toks43
\thm@headpunct=\toks44
\thm@preskip=\skip62
\thm@postskip=\skip63
\thm@headsep=\skip64
\dth@everypar=\toks45
)
\c@theorem=\count336
) (d:/Programs/texlive/2024/texmf-dist/tex/latex/beamer/beamerbasethemes.sty)) (d:/Programs/texlive/2024/texmf-dist/tex/latex/beamer/beamerthemedefault.sty (d:/Programs/texlive/2024/texmf-dist/tex/latex/beamer/beamerfontthemedefault.sty) (d:/Programs/texlive/2024/texmf-dist/tex/latex/beamer/beamercolorthemedefault.sty) (d:/Programs/texlive/2024/texmf-dist/tex/latex/beamer/beamerinnerthemedefault.sty
\beamer@dima=\dimen292
\beamer@dimb=\dimen293
) (d:/Programs/texlive/2024/texmf-dist/tex/latex/beamer/beamerouterthemedefault.sty))) (d:/Programs/texlive/2024/texmf-dist/tex/latex/beamer/beamerthemeMalmoe.sty (d:/Programs/texlive/2024/texmf-dist/tex/latex/beamer/beamerouterthemesplit.sty) (d:/Programs/texlive/2024/texmf-dist/tex/latex/beamer/beamercolorthemewhale.sty)) (d:/Programs/texlive/2024/texmf-dist/tex/latex/beamer/beamercolorthemespruce.sty) (d:/Programs/texlive/2024/texmf-dist/tex/latex/natbib/natbib.sty
Package: natbib 2010/09/13 8.31b (PWD, AO)
\bibhang=\skip65
\bibsep=\skip66
LaTeX Info: Redefining \cite on input line 694.
\c@NAT@ctr=\count337
) (d:/Programs/texlive/2024/texmf-dist/tex/latex/mathtools/mathtools.sty
Package: mathtools 2024/03/11 v1.30 mathematical typesetting tools
 (d:/Programs/texlive/2024/texmf-dist/tex/latex/tools/calc.sty
Package: calc 2023/07/08 v4.3 Infix arithmetic (KKT,FJ)
\calc@Acount=\count338
\calc@Bcount=\count339
\calc@Adimen=\dimen294
\calc@Bdimen=\dimen295
\calc@Askip=\skip67
\calc@Bskip=\skip68
LaTeX Info: Redefining \setlength on input line 80.
LaTeX Info: Redefining \addtolength on input line 81.
\calc@Ccount=\count340
\calc@Cskip=\skip69
) (d:/Programs/texlive/2024/texmf-dist/tex/latex/mathtools/mhsetup.sty
Package: mhsetup 2021/03/18 v1.4 programming setup (MH)
)
\g_MT_multlinerow_int=\count341
\l_MT_multwidth_dim=\dimen296
\origjot=\skip70
\l_MT_shortvdotswithinadjustabove_dim=\dimen297
\l_MT_shortvdotswithinadjustbelow_dim=\dimen298
\l_MT_above_intertext_sep=\dimen299
\l_MT_below_intertext_sep=\dimen300
\l_MT_above_shortintertext_sep=\dimen301
\l_MT_below_shortintertext_sep=\dimen302
\xmathstrut@box=\box76
\xmathstrut@dim=\dimen303
) (d:/Programs/texlive/2024/texmf-dist/tex/latex/jknapltx/mathrsfs.sty
Package: mathrsfs 1996/01/01 Math RSFS package v1.0 (jk)
\symrsfs=\mathgroup6
)
\sympureletters=\mathgroup7
LaTeX Font Info:    Overwriting symbol font `pureletters' in version `bold'
(Font)                  OT1/mathkerncmss/m/sl --> OT1/mathkerncmss/bx/sl on input line 21.
 (d:/Programs/texlive/2024/texmf-dist/tex/latex/tools/bm.sty
Package: bm 2023/07/08 v1.2f Bold Symbol Support (DPC/FMi)
\symboldoperators=\mathgroup8
\symboldletters=\mathgroup9
\symboldsymbols=\mathgroup10
Package bm Info: No bold for \OMX/cmex/m/n, using \pmb.
Package bm Info: No bold for \U/msa/m/n, using \pmb.
Package bm Info: No bold for \U/msb/m/n, using \pmb.
Package bm Info: No bold for \U/rsfs/m/n, using \pmb.
\symboldpureletters=\mathgroup11
LaTeX Font Info:    Redeclaring math alphabet \mathbf on input line 149.
) (d:/Programs/texlive/2024/texmf-dist/tex/latex/physics/physics.sty
Package: physics 
 (d:/Programs/texlive/2024/texmf-dist/tex/latex/l3packages/xparse/xparse.sty (d:/Programs/texlive/2024/texmf-dist/tex/latex/l3kernel/expl3.sty
Package: expl3 2024-03-14 L3 programming layer (loader) 
 (d:/Programs/texlive/2024/texmf-dist/tex/latex/l3backend/l3backend-pdftex.def
File: l3backend-pdftex.def 2024-03-14 L3 backend support: PDF output (pdfTeX)
\l__color_backend_stack_int=\count342
\l__pdf_internal_box=\box77
))
Package: xparse 2024-03-14 L3 Experimental document command parser
)) (d:/Programs/texlive/2024/texmf-dist/tex/latex/carlisle/slashed.sty
Package: slashed 1997/01/16 v0.01 Feynman Slashed Character Notation (DPC)
) (d:/Programs/texlive/2024/texmf-dist/tex/latex/caption/caption.sty
Package: caption 2023/08/05 v3.6o Customizing captions (AR)
 (d:/Programs/texlive/2024/texmf-dist/tex/latex/caption/caption3.sty
Package: caption3 2023/07/31 v2.4d caption3 kernel (AR)
\caption@tempdima=\dimen304
\captionmargin=\dimen305
\caption@leftmargin=\dimen306
\caption@rightmargin=\dimen307
\caption@width=\dimen308
\caption@indent=\dimen309
\caption@parindent=\dimen310
\caption@hangindent=\dimen311
Package caption Info: beamer document class detected.
 (d:/Programs/texlive/2024/texmf-dist/tex/latex/caption/caption-beamer.sto
File: caption-beamer.sto 2022/01/06 v2.0c Adaption of the caption package to the beamer document classes (AR)
))
\c@caption@flags=\count343
\c@continuedfloat=\count344
Package caption Info: hyperref package is loaded.
Package caption Info: Hyperref support is turned off
(caption)             because hyperref has stopped early.
) (./QHD.aux)
\openout1 = `QHD.aux'.

LaTeX Font Info:    Checking defaults for OML/cmm/m/it on input line 40.
LaTeX Font Info:    ... okay on input line 40.
LaTeX Font Info:    Checking defaults for OMS/cmsy/m/n on input line 40.
LaTeX Font Info:    ... okay on input line 40.
LaTeX Font Info:    Checking defaults for OT1/cmr/m/n on input line 40.
LaTeX Font Info:    ... okay on input line 40.
LaTeX Font Info:    Checking defaults for T1/cmr/m/n on input line 40.
LaTeX Font Info:    ... okay on input line 40.
LaTeX Font Info:    Checking defaults for TS1/cmr/m/n on input line 40.
LaTeX Font Info:    ... okay on input line 40.
LaTeX Font Info:    Checking defaults for OMX/cmex/m/n on input line 40.
LaTeX Font Info:    ... okay on input line 40.
LaTeX Font Info:    Checking defaults for U/cmr/m/n on input line 40.
LaTeX Font Info:    ... okay on input line 40.
LaTeX Font Info:    Checking defaults for PD1/pdf/m/n on input line 40.
LaTeX Font Info:    ... okay on input line 40.
LaTeX Font Info:    Checking defaults for PU/pdf/m/n on input line 40.
LaTeX Font Info:    ... okay on input line 40.

*geometry* driver: auto-detecting
*geometry* detected driver: pdftex
*geometry* verbose mode - [ preamble ] result:
* driver: pdftex
* paper: custom
* layout: <same size as paper>
* layoutoffset:(h,v)=(0.0pt,0.0pt)
* modes: includehead includefoot 
* h-part:(L,W,R)=(28.45274pt, 307.28987pt, 28.45274pt)
* v-part:(T,H,B)=(0.0pt, 273.14662pt, 0.0pt)
* \paperwidth=364.19536pt
* \paperheight=273.14662pt
* \textwidth=307.28987pt
* \textheight=244.6939pt
* \oddsidemargin=-43.81725pt
* \evensidemargin=-43.81725pt
* \topmargin=-72.26999pt
* \headheight=14.22636pt
* \headsep=0.0pt
* \topskip=11.0pt
* \footskip=14.22636pt
* \marginparwidth=4.0pt
* \marginparsep=10.0pt
* \columnsep=10.0pt
* \skip\footins=10.0pt plus 4.0pt minus 2.0pt
* \hoffset=0.0pt
* \voffset=0.0pt
* \mag=1000
* \@twocolumnfalse
* \@twosidefalse
* \@mparswitchfalse
* \@reversemarginfalse
* (1in=72.27pt=25.4mm, 1cm=28.453pt)

(d:/Programs/texlive/2024/texmf-dist/tex/context/base/mkii/supp-pdf.mkii
[Loading MPS to PDF converter (version 2006.09.02).]
\scratchcounter=\count345
\scratchdimen=\dimen312
\scratchbox=\box78
\nofMPsegments=\count346
\nofMParguments=\count347
\everyMPshowfont=\toks46
\MPscratchCnt=\count348
\MPscratchDim=\dimen313
\MPnumerator=\count349
\makeMPintoPDFobject=\count350
\everyMPtoPDFconversion=\toks47
) (d:/Programs/texlive/2024/texmf-dist/tex/latex/epstopdf-pkg/epstopdf-base.sty
Package: epstopdf-base 2020-01-24 v2.11 Base part for package epstopdf
Package epstopdf-base Info: Redefining graphics rule for `.eps' on input line 485.
 (d:/Programs/texlive/2024/texmf-dist/tex/latex/latexconfig/epstopdf-sys.cfg
File: epstopdf-sys.cfg 2010/07/13 v1.3 Configuration of (r)epstopdf for TeX Live
))
Package hyperref Info: Link coloring OFF on input line 40.
 (./QHD.out) (./QHD.out)
\@outlinefile=\write5
\openout5 = `QHD.out'.

LaTeX Font Info:    Overwriting symbol font `operators' in version `normal'
(Font)                  OT1/cmr/m/n --> OT1/cmss/m/n on input line 40.
LaTeX Font Info:    Overwriting symbol font `operators' in version `bold'
(Font)                  OT1/cmr/bx/n --> OT1/cmss/b/n on input line 40.
\symnumbers=\mathgroup12
LaTeX Font Info:    Redeclaring symbol font `pureletters' on input line 40.
LaTeX Font Info:    Overwriting symbol font `pureletters' in version `normal'
(Font)                  OT1/mathkerncmss/m/sl --> OT1/cmss/m/it on input line 40.
LaTeX Font Info:    Overwriting symbol font `pureletters' in version `bold'
(Font)                  OT1/mathkerncmss/bx/sl --> OT1/cmss/m/it on input line 40.
LaTeX Font Info:    Overwriting math alphabet `\mathrm' in version `normal'
(Font)                  OT1/cmss/m/n --> OT1/cmr/m/n on input line 40.
LaTeX Font Info:    Redeclaring math alphabet \mathbf on input line 40.
LaTeX Font Info:    Redeclaring math alphabet \mathsf on input line 40.
LaTeX Font Info:    Overwriting math alphabet `\mathsf' in version `normal'
(Font)                  OT1/cmss/m/n --> OT1/cmss/m/n on input line 40.
LaTeX Font Info:    Overwriting math alphabet `\mathsf' in version `bold'
(Font)                  OT1/cmss/bx/n --> OT1/cmss/m/n on input line 40.
LaTeX Font Info:    Redeclaring math alphabet \mathit on input line 40.
LaTeX Font Info:    Overwriting math alphabet `\mathit' in version `normal'
(Font)                  OT1/cmr/m/it --> OT1/cmss/m/it on input line 40.
LaTeX Font Info:    Overwriting math alphabet `\mathit' in version `bold'
(Font)                  OT1/cmr/bx/it --> OT1/cmss/m/it on input line 40.
LaTeX Font Info:    Redeclaring math alphabet \mathtt on input line 40.
LaTeX Font Info:    Overwriting math alphabet `\mathtt' in version `normal'
(Font)                  OT1/cmtt/m/n --> OT1/cmtt/m/n on input line 40.
LaTeX Font Info:    Overwriting math alphabet `\mathtt' in version `bold'
(Font)                  OT1/cmtt/m/n --> OT1/cmtt/m/n on input line 40.
LaTeX Font Info:    Overwriting symbol font `numbers' in version `bold'
(Font)                  OT1/cmss/m/n --> OT1/cmss/b/n on input line 40.
LaTeX Font Info:    Overwriting symbol font `pureletters' in version `bold'
(Font)                  OT1/cmss/m/it --> OT1/cmss/b/it on input line 40.
LaTeX Font Info:    Overwriting math alphabet `\mathrm' in version `bold'
(Font)                  OT1/cmss/b/n --> OT1/cmr/b/n on input line 40.
LaTeX Font Info:    Overwriting math alphabet `\mathbf' in version `bold'
(Font)                  OT1/cmss/b/n --> OT1/cmss/b/n on input line 40.
LaTeX Font Info:    Overwriting math alphabet `\mathsf' in version `bold'
(Font)                  OT1/cmss/m/n --> OT1/cmss/b/n on input line 40.
LaTeX Font Info:    Overwriting math alphabet `\mathit' in version `bold'
(Font)                  OT1/cmss/m/it --> OT1/cmss/b/it on input line 40.
LaTeX Font Info:    Overwriting math alphabet `\mathtt' in version `bold'
(Font)                  OT1/cmtt/m/n --> OT1/cmtt/b/n on input line 40.
LaTeX Font Info:    Redeclaring symbol font `pureletters' on input line 40.
LaTeX Font Info:    Overwriting symbol font `pureletters' in version `normal'
(Font)                  OT1/cmss/m/it --> OT1/mathkerncmss/m/sl on input line 40.
LaTeX Font Info:    Overwriting symbol font `pureletters' in version `bold'
(Font)                  OT1/cmss/b/it --> OT1/mathkerncmss/m/sl on input line 40.
LaTeX Font Info:    Overwriting symbol font `pureletters' in version `bold'
(Font)                  OT1/mathkerncmss/m/sl --> OT1/mathkerncmss/bx/sl on input line 40.
 (d:/Programs/texlive/2024/texmf-dist/tex/latex/translator/translator-basic-dictionary-English.dict
Dictionary: translator-basic-dictionary, Language: English 
) (d:/Programs/texlive/2024/texmf-dist/tex/latex/translator/translator-bibliography-dictionary-English.dict
Dictionary: translator-bibliography-dictionary, Language: English 
) (d:/Programs/texlive/2024/texmf-dist/tex/latex/translator/translator-environment-dictionary-English.dict
Dictionary: translator-environment-dictionary, Language: English 
) (d:/Programs/texlive/2024/texmf-dist/tex/latex/translator/translator-months-dictionary-English.dict
Dictionary: translator-months-dictionary, Language: English 
) (d:/Programs/texlive/2024/texmf-dist/tex/latex/translator/translator-numbers-dictionary-English.dict
Dictionary: translator-numbers-dictionary, Language: English 
) (d:/Programs/texlive/2024/texmf-dist/tex/latex/translator/translator-theorem-dictionary-English.dict
Dictionary: translator-theorem-dictionary, Language: English 
)
Package caption Info: Begin \AtBeginDocument code.
Package caption Info: End \AtBeginDocument code.
 (./QHD.nav)
<./images/seal.jpg, id=21, 188.95593pt x 151.3153pt>
File: ./images/seal.jpg Graphic file (type jpg)
<use ./images/seal.jpg>
Package pdftex.def Info: ./images/seal.jpg  used on input line 42.
(pdftex.def)             Requested size: 113.37442pt x 90.78987pt.

Overfull \vbox (0.45908pt too high) detected at line 42
 []

[1{d:/Programs/texlive/2024/texmf-var/fonts/map/pdftex/updmap/pdftex.map}

 <./images/seal.jpg>] [2

] [3

] [4

] [5

] [6

] [7

] [8

]
<./images/barbenheimer.png, id=251, 1204.5pt x 950.55125pt>
File: ./images/barbenheimer.png Graphic file (type png)
<use ./images/barbenheimer.png>
Package pdftex.def Info: ./images/barbenheimer.png  used on input line 61.
(pdftex.def)             Requested size: 325.21935pt x 256.65227pt.

Overfull \hbox (17.92947pt too wide) in paragraph at lines 61--61
 [] 
 []


Overfull \vbox (31.13889pt too high) detected at line 61
 []

[9

 <./images/barbenheimer.png>]
LaTeX Font Info:    Trying to load font information for U+msa on input line 84.
 (d:/Programs/texlive/2024/texmf-dist/tex/latex/amsfonts/umsa.fd
File: umsa.fd 2013/01/14 v3.01 AMS symbols A
)
LaTeX Font Info:    Trying to load font information for U+msb on input line 84.
 (d:/Programs/texlive/2024/texmf-dist/tex/latex/amsfonts/umsb.fd
File: umsb.fd 2013/01/14 v3.01 AMS symbols B
)
LaTeX Font Info:    Trying to load font information for U+rsfs on input line 84.
 (d:/Programs/texlive/2024/texmf-dist/tex/latex/jknapltx/ursfs.fd
File: ursfs.fd 1998/03/24 rsfs font definition file (jk)
)
LaTeX Font Info:    Trying to load font information for OT1+mathkerncmss on input line 84.
 (d:/Programs/texlive/2024/texmf-dist/tex/latex/sansmathaccent/ot1mathkerncmss.fd
File: ot1mathkerncmss.fd 2020/01/31 Fontinst v1.933 font definitions for OT1/mathkerncmss.
) [10

] [11

] [12

] [13

] [14

] [15

] [16

] [17

] [18

] [19

] [20

] [21

]
<./images/D_square_well.PNG, id=621, 274.02374pt x 216.81pt>
File: ./images/D_square_well.PNG Graphic file (type png)
<use ./images/D_square_well.PNG>
Package pdftex.def Info: ./images/D_square_well.PNG  used on input line 112.
(pdftex.def)             Requested size: 95.90974pt x 75.88463pt.

Overfull \hbox (19.08728pt too wide) in paragraph at lines 112--112
[][][][]  
 []

[22

 <./images/D_square_well.PNG>]
File: ./images/D_square_well.PNG Graphic file (type png)
<use ./images/D_square_well.PNG>
Package pdftex.def Info: ./images/D_square_well.PNG  used on input line 112.
(pdftex.def)             Requested size: 95.90974pt x 75.88463pt.

Overfull \hbox (19.08728pt too wide) in paragraph at lines 112--112
[][][][]  
 []

[23

]
File: ./images/D_square_well.PNG Graphic file (type png)
<use ./images/D_square_well.PNG>
Package pdftex.def Info: ./images/D_square_well.PNG  used on input line 112.
(pdftex.def)             Requested size: 95.90974pt x 75.88463pt.

Overfull \hbox (19.08728pt too wide) in paragraph at lines 112--112
[][][][]  
 []

[24

]
File: ./images/D_square_well.PNG Graphic file (type png)
<use ./images/D_square_well.PNG>
Package pdftex.def Info: ./images/D_square_well.PNG  used on input line 112.
(pdftex.def)             Requested size: 95.90974pt x 75.88463pt.

Overfull \hbox (19.08728pt too wide) in paragraph at lines 112--112
[][][][]  
 []

[25

]
File: ./images/D_square_well.PNG Graphic file (type png)
<use ./images/D_square_well.PNG>
Package pdftex.def Info: ./images/D_square_well.PNG  used on input line 112.
(pdftex.def)             Requested size: 95.90974pt x 75.88463pt.

Overfull \hbox (19.08728pt too wide) in paragraph at lines 112--112
[][][][]  
 []

[26

]
File: ./images/D_square_well.PNG Graphic file (type png)
<use ./images/D_square_well.PNG>
Package pdftex.def Info: ./images/D_square_well.PNG  used on input line 112.
(pdftex.def)             Requested size: 95.90974pt x 75.88463pt.

Overfull \hbox (19.08728pt too wide) in paragraph at lines 112--112
[][][][]  
 []

[27

]
File: ./images/D_square_well.PNG Graphic file (type png)
<use ./images/D_square_well.PNG>
Package pdftex.def Info: ./images/D_square_well.PNG  used on input line 112.
(pdftex.def)             Requested size: 95.90974pt x 75.88463pt.

Overfull \hbox (19.08728pt too wide) in paragraph at lines 112--112
[][][][][][]  
 []

[28

]
File: ./images/D_square_well.PNG Graphic file (type png)
<use ./images/D_square_well.PNG>
Package pdftex.def Info: ./images/D_square_well.PNG  used on input line 112.
(pdftex.def)             Requested size: 95.90974pt x 75.88463pt.

Overfull \hbox (19.08728pt too wide) in paragraph at lines 112--112
[][][][][][]  
 []

[29

]
File: ./images/D_square_well.PNG Graphic file (type png)
<use ./images/D_square_well.PNG>
Package pdftex.def Info: ./images/D_square_well.PNG  used on input line 112.
(pdftex.def)             Requested size: 95.90974pt x 75.88463pt.

Overfull \hbox (19.08728pt too wide) in paragraph at lines 112--112
[][][][][][]  
 []

[30

] [31

] [32

] [33

] [34

] [35

] [36

]
<./images/nn_pot.PNG, id=1046, 298.61563pt x 245.91875pt>
File: ./images/nn_pot.PNG Graphic file (type png)
<use ./images/nn_pot.PNG>
Package pdftex.def Info: ./images/nn_pot.PNG  used on input line 155.
(pdftex.def)             Requested size: 149.30745pt x 122.95906pt.

Overfull \hbox (4.55153pt too wide) detected at line 155
[][][] $[]$[][][][][][][][] $[]$[][][][][][] 
 []


Overfull \vbox (13.0128pt too high) detected at line 155
 []

[37

 <./images/nn_pot.PNG>]
File: ./images/nn_pot.PNG Graphic file (type png)
<use ./images/nn_pot.PNG>
Package pdftex.def Info: ./images/nn_pot.PNG  used on input line 155.
(pdftex.def)             Requested size: 149.30745pt x 122.95906pt.

Overfull \hbox (4.55153pt too wide) detected at line 155
[][][] $[]$[][][][][][][][] $[]$[][][][][][] 
 []


Overfull \vbox (13.0128pt too high) detected at line 155
 []

[38

]
File: ./images/nn_pot.PNG Graphic file (type png)
<use ./images/nn_pot.PNG>
Package pdftex.def Info: ./images/nn_pot.PNG  used on input line 155.
(pdftex.def)             Requested size: 149.30745pt x 122.95906pt.

Overfull \hbox (4.55153pt too wide) detected at line 155
[][][] $[]$[][][][][][][][] $[]$[][][][][][] 
 []


Overfull \vbox (13.0128pt too high) detected at line 155
 []

[39

]
File: ./images/nn_pot.PNG Graphic file (type png)
<use ./images/nn_pot.PNG>
Package pdftex.def Info: ./images/nn_pot.PNG  used on input line 155.
(pdftex.def)             Requested size: 149.30745pt x 122.95906pt.

Overfull \hbox (4.55153pt too wide) detected at line 155
[][][] $[]$[][][][][][][][] $[]$[][][][][][] 
 []


Overfull \vbox (13.0128pt too high) detected at line 155
 []

[40

]
File: ./images/nn_pot.PNG Graphic file (type png)
<use ./images/nn_pot.PNG>
Package pdftex.def Info: ./images/nn_pot.PNG  used on input line 155.
(pdftex.def)             Requested size: 149.30745pt x 122.95906pt.

Overfull \hbox (4.55153pt too wide) detected at line 155
[][][] $[]$[][][][][][][][] $[]$[][][][][][] 
 []


Overfull \vbox (13.0128pt too high) detected at line 155
 []

[41

]
File: ./images/nn_pot.PNG Graphic file (type png)
<use ./images/nn_pot.PNG>
Package pdftex.def Info: ./images/nn_pot.PNG  used on input line 155.
(pdftex.def)             Requested size: 149.30745pt x 122.95906pt.

Overfull \hbox (4.55153pt too wide) detected at line 155
[][][] $[]$[][][][][][][][] $[]$[][][][][][] 
 []


Overfull \vbox (13.0128pt too high) detected at line 155
 []

[42

]
File: ./images/nn_pot.PNG Graphic file (type png)
<use ./images/nn_pot.PNG>
Package pdftex.def Info: ./images/nn_pot.PNG  used on input line 155.
(pdftex.def)             Requested size: 149.30745pt x 122.95906pt.

Overfull \hbox (4.55153pt too wide) detected at line 155
[][][] $[]$[][][][][][][][] $[]$[][][][][][] 
 []


Overfull \vbox (13.0128pt too high) detected at line 155
 []

[43

]
File: ./images/nn_pot.PNG Graphic file (type png)
<use ./images/nn_pot.PNG>
Package pdftex.def Info: ./images/nn_pot.PNG  used on input line 155.
(pdftex.def)             Requested size: 149.30745pt x 122.95906pt.

Overfull \hbox (4.55153pt too wide) detected at line 155
[][][] $[]$[][][][][][][][] $[]$[][][][][][] 
 []


Overfull \vbox (13.0128pt too high) detected at line 155
 []

[44

]
File: ./images/nn_pot.PNG Graphic file (type png)
<use ./images/nn_pot.PNG>
Package pdftex.def Info: ./images/nn_pot.PNG  used on input line 155.
(pdftex.def)             Requested size: 149.30745pt x 122.95906pt.

Overfull \hbox (4.55153pt too wide) detected at line 155
[][][] $[]$[][][][][][][][] $[]$[][][][][][] 
 []


Overfull \vbox (13.0128pt too high) detected at line 155
 []

[45

]
File: ./images/nn_pot.PNG Graphic file (type png)
<use ./images/nn_pot.PNG>
Package pdftex.def Info: ./images/nn_pot.PNG  used on input line 155.
(pdftex.def)             Requested size: 149.30745pt x 122.95906pt.

Overfull \hbox (4.55153pt too wide) detected at line 155
[][][] $[]$[][][][][][][][] $[]$[][][][][][] 
 []


Overfull \vbox (13.0128pt too high) detected at line 155
 []

[46

]
File: ./images/nn_pot.PNG Graphic file (type png)
<use ./images/nn_pot.PNG>
Package pdftex.def Info: ./images/nn_pot.PNG  used on input line 155.
(pdftex.def)             Requested size: 149.30745pt x 122.95906pt.

Overfull \hbox (4.55153pt too wide) detected at line 155
[][][] $[]$[][][][][][][][] $[]$[][][][][][] 
 []


Overfull \vbox (13.0128pt too high) detected at line 155
 []

[47

]
<./images/obe_diagrams.png, id=1366, 496.35437pt x 171.64125pt>
File: ./images/obe_diagrams.png Graphic file (type png)
<use ./images/obe_diagrams.png>
Package pdftex.def Info: ./images/obe_diagrams.png  used on input line 171.
(pdftex.def)             Requested size: 198.53822pt x 68.65527pt.
 [48

 <./images/obe_diagrams.png>]
File: ./images/obe_diagrams.png Graphic file (type png)
<use ./images/obe_diagrams.png>
Package pdftex.def Info: ./images/obe_diagrams.png  used on input line 171.
(pdftex.def)             Requested size: 198.53822pt x 68.65527pt.
 [49

]
File: ./images/obe_diagrams.png Graphic file (type png)
<use ./images/obe_diagrams.png>
Package pdftex.def Info: ./images/obe_diagrams.png  used on input line 171.
(pdftex.def)             Requested size: 198.53822pt x 68.65527pt.
 [50

]
File: ./images/obe_diagrams.png Graphic file (type png)
<use ./images/obe_diagrams.png>
Package pdftex.def Info: ./images/obe_diagrams.png  used on input line 171.
(pdftex.def)             Requested size: 198.53822pt x 68.65527pt.
 [51

]
File: ./images/obe_diagrams.png Graphic file (type png)
<use ./images/obe_diagrams.png>
Package pdftex.def Info: ./images/obe_diagrams.png  used on input line 171.
(pdftex.def)             Requested size: 198.53822pt x 68.65527pt.
 [52

]
File: ./images/obe_diagrams.png Graphic file (type png)
<use ./images/obe_diagrams.png>
Package pdftex.def Info: ./images/obe_diagrams.png  used on input line 171.
(pdftex.def)             Requested size: 198.53822pt x 68.65527pt.
 [53

]
File: ./images/obe_diagrams.png Graphic file (type png)
<use ./images/obe_diagrams.png>
Package pdftex.def Info: ./images/obe_diagrams.png  used on input line 171.
(pdftex.def)             Requested size: 198.53822pt x 68.65527pt.
 [54

]
File: ./images/obe_diagrams.png Graphic file (type png)
<use ./images/obe_diagrams.png>
Package pdftex.def Info: ./images/obe_diagrams.png  used on input line 171.
(pdftex.def)             Requested size: 198.53822pt x 68.65527pt.
 [55

] [56

] [57

] [58

] [59

] [60

] [61

] [62

{d:/Programs/texlive/2024/texmf-dist/fonts/enc/dvips/cm-super/cm-super-t1.enc}] [63

] [64

] [65

] [66

] [67

] [68

] [69

] [70

] [71

] [72

] [73

] [74

] [75

] [76

] [77

] [78

] [79

] [80

]
<./images/tetraquark.png, id=2317, 150.06062pt x 84.315pt>
File: ./images/tetraquark.png Graphic file (type png)
<use ./images/tetraquark.png>
Package pdftex.def Info: ./images/tetraquark.png  used on input line 233.
(pdftex.def)             Requested size: 225.09038pt x 126.47215pt.
 [81

 <./images/tetraquark.png>]
<./images/binding.png, id=2348, 803.0pt x 652.93938pt>
File: ./images/binding.png Graphic file (type png)
<use ./images/binding.png>
Package pdftex.def Info: ./images/binding.png  used on input line 257.
(pdftex.def)             Requested size: 140.5271pt x 114.2661pt.

Overfull \hbox (17.61304pt too wide) in paragraph at lines 257--257
[][]  
 []

[82

 <./images/binding.png>]
File: ./images/binding.png Graphic file (type png)
<use ./images/binding.png>
Package pdftex.def Info: ./images/binding.png  used on input line 257.
(pdftex.def)             Requested size: 140.5271pt x 114.2661pt.

Overfull \hbox (17.61304pt too wide) in paragraph at lines 257--257
[][]  
 []

[83

]
File: ./images/binding.png Graphic file (type png)
<use ./images/binding.png>
Package pdftex.def Info: ./images/binding.png  used on input line 257.
(pdftex.def)             Requested size: 140.5271pt x 114.2661pt.

Overfull \hbox (17.61304pt too wide) in paragraph at lines 257--257
[][][]  
 []

[84

]
File: ./images/binding.png Graphic file (type png)
<use ./images/binding.png>
Package pdftex.def Info: ./images/binding.png  used on input line 257.
(pdftex.def)             Requested size: 140.5271pt x 114.2661pt.

Overfull \hbox (17.61304pt too wide) in paragraph at lines 257--257
[][][]  
 []

[85

]
File: ./images/binding.png Graphic file (type png)
<use ./images/binding.png>
Package pdftex.def Info: ./images/binding.png  used on input line 257.
(pdftex.def)             Requested size: 140.5271pt x 114.2661pt.

Overfull \hbox (17.61304pt too wide) in paragraph at lines 257--257
[][][]  
 []

[86

]
File: ./images/binding.png Graphic file (type png)
<use ./images/binding.png>
Package pdftex.def Info: ./images/binding.png  used on input line 257.
(pdftex.def)             Requested size: 140.5271pt x 114.2661pt.

Overfull \hbox (17.61304pt too wide) in paragraph at lines 257--257
[][][]  
 []

[87

]
File: ./images/binding.png Graphic file (type png)
<use ./images/binding.png>
Package pdftex.def Info: ./images/binding.png  used on input line 257.
(pdftex.def)             Requested size: 140.5271pt x 114.2661pt.

Overfull \hbox (17.61304pt too wide) in paragraph at lines 257--257
[][][]  
 []

[88

]
<./images/fields.PNG, id=2544, 767.36688pt x 339.76938pt>
File: ./images/fields.PNG Graphic file (type png)
<use ./images/fields.PNG>
Package pdftex.def Info: ./images/fields.PNG  used on input line 261.
(pdftex.def)             Requested size: 326.13246pt x 144.40266pt.

Overfull \hbox (18.84259pt too wide) in paragraph at lines 261--261
[][]  
 []

[89

 <./images/fields.PNG>]
Overfull \hbox (4.6935pt too wide) detected at line 278
[]
 []

[90

]
Overfull \hbox (4.6935pt too wide) detected at line 278
[]
 []

[91

]
Overfull \hbox (4.6935pt too wide) detected at line 278
[]
 []

[92

]
Overfull \hbox (4.6935pt too wide) detected at line 278
[]
 []

[93

]
Overfull \hbox (4.6935pt too wide) detected at line 278
[]
 []

[94

]
Overfull \hbox (4.6935pt too wide) detected at line 278
[]
 []

[95

]
Overfull \hbox (4.6935pt too wide) detected at line 278
[]
 []

[96

]
Overfull \hbox (4.6935pt too wide) detected at line 278
[]
 []

[97

]
Overfull \vbox (0.84203pt too high) detected at line 297
 []

[98

]
Overfull \vbox (0.84203pt too high) detected at line 297
 []

[99

]
Overfull \vbox (0.84203pt too high) detected at line 297
 []

[100

]
Overfull \vbox (0.84203pt too high) detected at line 297
 []

[101

]
Overfull \vbox (0.84203pt too high) detected at line 297
 []

[102

]
Overfull \vbox (0.84203pt too high) detected at line 297
 []

[103

]
Overfull \vbox (0.84203pt too high) detected at line 297
 []

[104

]
Overfull \vbox (0.84203pt too high) detected at line 297
 []

[105

] (./QHD.bbl

Package hyperref Warning: Token not allowed in a PDF string (Unicode):
(hyperref)                removing `\translate ' on input line 1.

) [106

]
\tf@nav=\write6
\openout6 = `QHD.nav'.

\tf@toc=\write7
\openout7 = `QHD.toc'.

\tf@snm=\write8
\openout8 = `QHD.snm'.

 (./QHD.aux)
 ***********
LaTeX2e <2023-11-01> patch level 1
L3 programming layer <2024-03-14>
 ***********
Package rerunfilecheck Info: File `QHD.out' has not changed.
(rerunfilecheck)             Checksum: AEA4B6A8AE45636C75679C2F0DFA4493;93.
 ) 
Here is how much of TeX's memory you used:
 25181 strings out of 474103
 479221 string characters out of 5742948
 1947496 words of memory out of 5000000
 46806 multiletter control sequences out of 15000+600000
 585094 words of font info for 120 fonts, out of 8000000 for 9000
 1141 hyphenation exceptions out of 8191
 128i,19n,123p,443b,803s stack positions out of 10000i,1000n,20000p,200000b,200000s
<d:/Programs/texlive/2024/texmf-dist/fonts/type1/public/amsfonts/cm/cmex10.pfb><d:/Programs/texlive/2024/texmf-dist/fonts/type1/public/amsfonts/cm/cmmi10.pfb><d:/Programs/texlive/2024/texmf-dist/fonts/type1/public/amsfonts/cm/cmmi12.pfb><d:/Programs/texlive/2024/texmf-dist/fonts/type1/public/amsfonts/cm/cmmi6.pfb><d:/Programs/texlive/2024/texmf-dist/fonts/type1/public/amsfonts/cm/cmmi8.pfb><d:/Programs/texlive/2024/texmf-dist/fonts/type1/public/amsfonts/cm/cmmib10.pfb><d:/Programs/texlive/2024/texmf-dist/fonts/type1/public/amsfonts/cm/cmss10.pfb><d:/Programs/texlive/2024/texmf-dist/fonts/type1/public/amsfonts/cm/cmss12.pfb><d:/Programs/texlive/2024/texmf-dist/fonts/type1/public/amsfonts/cm/cmss8.pfb><d:/Programs/texlive/2024/texmf-dist/fonts/type1/public/amsfonts/cm/cmssi10.pfb><d:/Programs/texlive/2024/texmf-dist/fonts/type1/public/amsfonts/cm/cmssi12.pfb><d:/Programs/texlive/2024/texmf-dist/fonts/type1/public/amsfonts/cm/cmssi8.pfb><d:/Programs/texlive/2024/texmf-dist/fonts/type1/public/amsfonts/cm/cmsy10.pfb><d:/Programs/texlive/2024/texmf-dist/fonts/type1/public/amsfonts/cm/cmsy6.pfb><d:/Programs/texlive/2024/texmf-dist/fonts/type1/public/amsfonts/cm/cmsy7.pfb><d:/Programs/texlive/2024/texmf-dist/fonts/type1/public/amsfonts/cm/cmsy8.pfb><d:/Programs/texlive/2024/texmf-dist/fonts/type1/public/amsfonts/symbols/msam10.pfb><d:/Programs/texlive/2024/texmf-dist/fonts/type1/public/cm-super/sfso1000.pfb>
Output written on QHD.pdf (106 pages, 6450744 bytes).
PDF statistics:
 3186 PDF objects out of 3580 (max. 8388607)
 2954 compressed objects within 30 object streams
 219 named destinations out of 1000 (max. 500000)
 91 words of extra memory for PDF output out of 10000 (max. 10000000)

