This is pdfTeX, Version 3.141592653-2.6-1.40.23 (TeX Live 2021/W32TeX) (preloaded format=pdflatex 2022.1.17)  18 MAR 2024 11:15
entering extended mode
 restricted \write18 enabled.
 file:line:error style messages enabled.
 %&-line parsing enabled.
**d:/Programming/GitHub/Physics-Homework/662/Prez/Jet_Alg_Complexity.tex
(d:/Programming/GitHub/Physics-Homework/662/Prez/Jet_Alg_Complexity.tex
LaTeX2e <2021-11-15> patch level 1
L3 programming layer <2022-01-12> (d:/Programs/texlive/2021/texmf-dist/tex/latex/beamer/beamer.cls
Document Class: beamer 2021/10/18 v3.64 A class for typesetting presentations
(d:/Programs/texlive/2021/texmf-dist/tex/latex/beamer/beamerbasemodes.sty (d:/Programs/texlive/2021/texmf-dist/tex/latex/etoolbox/etoolbox.sty
Package: etoolbox 2020/10/05 v2.5k e-TeX tools for LaTeX (JAW)
\etb@tempcnta=\count185
)
\beamer@tempbox=\box50
\beamer@tempcount=\count186
\c@beamerpauses=\count187
 (d:/Programs/texlive/2021/texmf-dist/tex/latex/beamer/beamerbasedecode.sty
\beamer@slideinframe=\count188
\beamer@minimum=\count189
\beamer@decode@box=\box51
)
\beamer@commentbox=\box52
\beamer@modecount=\count190
) (d:/Programs/texlive/2021/texmf-dist/tex/generic/iftex/ifpdf.sty
Package: ifpdf 2019/10/25 v3.4 ifpdf legacy package. Use iftex instead.
 (d:/Programs/texlive/2021/texmf-dist/tex/generic/iftex/iftex.sty
Package: iftex 2020/03/06 v1.0d TeX engine tests
))
\headdp=\dimen138
\footheight=\dimen139
\sidebarheight=\dimen140
\beamer@tempdim=\dimen141
\beamer@finalheight=\dimen142
\beamer@animht=\dimen143
\beamer@animdp=\dimen144
\beamer@animwd=\dimen145
\beamer@leftmargin=\dimen146
\beamer@rightmargin=\dimen147
\beamer@leftsidebar=\dimen148
\beamer@rightsidebar=\dimen149
\beamer@boxsize=\dimen150
\beamer@vboxoffset=\dimen151
\beamer@descdefault=\dimen152
\beamer@descriptionwidth=\dimen153
\beamer@lastskip=\skip47
\beamer@areabox=\box53
\beamer@animcurrent=\box54
\beamer@animshowbox=\box55
\beamer@sectionbox=\box56
\beamer@logobox=\box57
\beamer@linebox=\box58
\beamer@sectioncount=\count191
\beamer@subsubsectionmax=\count192
\beamer@subsectionmax=\count193
\beamer@sectionmax=\count194
\beamer@totalheads=\count195
\beamer@headcounter=\count196
\beamer@partstartpage=\count197
\beamer@sectionstartpage=\count198
\beamer@subsectionstartpage=\count199
\beamer@animationtempa=\count266
\beamer@animationtempb=\count267
\beamer@xpos=\count268
\beamer@ypos=\count269
\beamer@ypos@offset=\count270
\beamer@showpartnumber=\count271
\beamer@currentsubsection=\count272
\beamer@coveringdepth=\count273
\beamer@sectionadjust=\count274
\beamer@toclastsection=\count275
\beamer@tocsectionnumber=\count276
 (d:/Programs/texlive/2021/texmf-dist/tex/latex/beamer/beamerbaseoptions.sty (d:/Programs/texlive/2021/texmf-dist/tex/latex/graphics/keyval.sty
Package: keyval 2014/10/28 v1.15 key=value parser (DPC)
\KV@toks@=\toks16
))
\beamer@paperwidth=\skip48
\beamer@paperheight=\skip49
 (d:/Programs/texlive/2021/texmf-dist/tex/latex/geometry/geometry.sty
Package: geometry 2020/01/02 v5.9 Page Geometry
 (d:/Programs/texlive/2021/texmf-dist/tex/generic/iftex/ifvtex.sty
Package: ifvtex 2019/10/25 v1.7 ifvtex legacy package. Use iftex instead.
)
\Gm@cnth=\count277
\Gm@cntv=\count278
\c@Gm@tempcnt=\count279
\Gm@bindingoffset=\dimen154
\Gm@wd@mp=\dimen155
\Gm@odd@mp=\dimen156
\Gm@even@mp=\dimen157
\Gm@layoutwidth=\dimen158
\Gm@layoutheight=\dimen159
\Gm@layouthoffset=\dimen160
\Gm@layoutvoffset=\dimen161
\Gm@dimlist=\toks17
) (d:/Programs/texlive/2021/texmf-dist/tex/latex/base/size11.clo
File: size11.clo 2021/10/04 v1.4n Standard LaTeX file (size option)
) (d:/Programs/texlive/2021/texmf-dist/tex/latex/pgf/basiclayer/pgfcore.sty (d:/Programs/texlive/2021/texmf-dist/tex/latex/graphics/graphicx.sty
Package: graphicx 2021/09/16 v1.2d Enhanced LaTeX Graphics (DPC,SPQR)
 (d:/Programs/texlive/2021/texmf-dist/tex/latex/graphics/graphics.sty
Package: graphics 2021/03/04 v1.4d Standard LaTeX Graphics (DPC,SPQR)
 (d:/Programs/texlive/2021/texmf-dist/tex/latex/graphics/trig.sty
Package: trig 2021/08/11 v1.11 sin cos tan (DPC)
) (d:/Programs/texlive/2021/texmf-dist/tex/latex/graphics-cfg/graphics.cfg
File: graphics.cfg 2016/06/04 v1.11 sample graphics configuration
)
Package graphics Info: Driver file: pdftex.def on input line 107.
 (d:/Programs/texlive/2021/texmf-dist/tex/latex/graphics-def/pdftex.def
File: pdftex.def 2020/10/05 v1.2a Graphics/color driver for pdftex
))
\Gin@req@height=\dimen162
\Gin@req@width=\dimen163
) (d:/Programs/texlive/2021/texmf-dist/tex/latex/pgf/systemlayer/pgfsys.sty (d:/Programs/texlive/2021/texmf-dist/tex/latex/pgf/utilities/pgfrcs.sty (d:/Programs/texlive/2021/texmf-dist/tex/generic/pgf/utilities/pgfutil-common.tex
\pgfutil@everybye=\toks18
\pgfutil@tempdima=\dimen164
\pgfutil@tempdimb=\dimen165
 (d:/Programs/texlive/2021/texmf-dist/tex/generic/pgf/utilities/pgfutil-common-lists.tex)) (d:/Programs/texlive/2021/texmf-dist/tex/generic/pgf/utilities/pgfutil-latex.def
\pgfutil@abb=\box59
) (d:/Programs/texlive/2021/texmf-dist/tex/generic/pgf/utilities/pgfrcs.code.tex (d:/Programs/texlive/2021/texmf-dist/tex/generic/pgf/pgf.revision.tex)
Package: pgfrcs 2021/05/15 v3.1.9a (3.1.9a)
)) (d:/Programs/texlive/2021/texmf-dist/tex/generic/pgf/systemlayer/pgfsys.code.tex
Package: pgfsys 2021/05/15 v3.1.9a (3.1.9a)
 (d:/Programs/texlive/2021/texmf-dist/tex/generic/pgf/utilities/pgfkeys.code.tex
\pgfkeys@pathtoks=\toks19
\pgfkeys@temptoks=\toks20
 (d:/Programs/texlive/2021/texmf-dist/tex/generic/pgf/utilities/pgfkeysfiltered.code.tex
\pgfkeys@tmptoks=\toks21
))
\pgf@x=\dimen166
\pgf@y=\dimen167
\pgf@xa=\dimen168
\pgf@ya=\dimen169
\pgf@xb=\dimen170
\pgf@yb=\dimen171
\pgf@xc=\dimen172
\pgf@yc=\dimen173
\pgf@xd=\dimen174
\pgf@yd=\dimen175
\w@pgf@writea=\write3
\r@pgf@reada=\read2
\c@pgf@counta=\count280
\c@pgf@countb=\count281
\c@pgf@countc=\count282
\c@pgf@countd=\count283
\t@pgf@toka=\toks22
\t@pgf@tokb=\toks23
\t@pgf@tokc=\toks24
\pgf@sys@id@count=\count284
 (d:/Programs/texlive/2021/texmf-dist/tex/generic/pgf/systemlayer/pgf.cfg
File: pgf.cfg 2021/05/15 v3.1.9a (3.1.9a)
)
Driver file for pgf: pgfsys-pdftex.def
 (d:/Programs/texlive/2021/texmf-dist/tex/generic/pgf/systemlayer/pgfsys-pdftex.def
File: pgfsys-pdftex.def 2021/05/15 v3.1.9a (3.1.9a)
 (d:/Programs/texlive/2021/texmf-dist/tex/generic/pgf/systemlayer/pgfsys-common-pdf.def
File: pgfsys-common-pdf.def 2021/05/15 v3.1.9a (3.1.9a)
))) (d:/Programs/texlive/2021/texmf-dist/tex/generic/pgf/systemlayer/pgfsyssoftpath.code.tex
File: pgfsyssoftpath.code.tex 2021/05/15 v3.1.9a (3.1.9a)
\pgfsyssoftpath@smallbuffer@items=\count285
\pgfsyssoftpath@bigbuffer@items=\count286
) (d:/Programs/texlive/2021/texmf-dist/tex/generic/pgf/systemlayer/pgfsysprotocol.code.tex
File: pgfsysprotocol.code.tex 2021/05/15 v3.1.9a (3.1.9a)
)) (d:/Programs/texlive/2021/texmf-dist/tex/latex/xcolor/xcolor.sty
Package: xcolor 2021/10/31 v2.13 LaTeX color extensions (UK)
 (d:/Programs/texlive/2021/texmf-dist/tex/latex/graphics-cfg/color.cfg
File: color.cfg 2016/01/02 v1.6 sample color configuration
)
Package xcolor Info: Driver file: pdftex.def on input line 227.
Package xcolor Info: Model `cmy' substituted by `cmy0' on input line 1352.
Package xcolor Info: Model `hsb' substituted by `rgb' on input line 1356.
Package xcolor Info: Model `RGB' extended on input line 1368.
Package xcolor Info: Model `HTML' substituted by `rgb' on input line 1370.
Package xcolor Info: Model `Hsb' substituted by `hsb' on input line 1371.
Package xcolor Info: Model `tHsb' substituted by `hsb' on input line 1372.
Package xcolor Info: Model `HSB' substituted by `hsb' on input line 1373.
Package xcolor Info: Model `Gray' substituted by `gray' on input line 1374.
Package xcolor Info: Model `wave' substituted by `hsb' on input line 1375.
 (d:/Programs/texlive/2021/texmf-dist/tex/latex/graphics/dvipsnam.def
File: dvipsnam.def 2016/06/17 v3.0m Driver-dependent file (DPC,SPQR)
)) (d:/Programs/texlive/2021/texmf-dist/tex/generic/pgf/basiclayer/pgfcore.code.tex
Package: pgfcore 2021/05/15 v3.1.9a (3.1.9a)
 (d:/Programs/texlive/2021/texmf-dist/tex/generic/pgf/math/pgfmath.code.tex (d:/Programs/texlive/2021/texmf-dist/tex/generic/pgf/math/pgfmathcalc.code.tex (d:/Programs/texlive/2021/texmf-dist/tex/generic/pgf/math/pgfmathutil.code.tex) (d:/Programs/texlive/2021/texmf-dist/tex/generic/pgf/math/pgfmathparser.code.tex
\pgfmath@dimen=\dimen176
\pgfmath@count=\count287
\pgfmath@box=\box60
\pgfmath@toks=\toks25
\pgfmath@stack@operand=\toks26
\pgfmath@stack@operation=\toks27
) (d:/Programs/texlive/2021/texmf-dist/tex/generic/pgf/math/pgfmathfunctions.code.tex (d:/Programs/texlive/2021/texmf-dist/tex/generic/pgf/math/pgfmathfunctions.basic.code.tex) (d:/Programs/texlive/2021/texmf-dist/tex/generic/pgf/math/pgfmathfunctions.trigonometric.code.tex) (d:/Programs/texlive/2021/texmf-dist/tex/generic/pgf/math/pgfmathfunctions.random.code.tex) (d:/Programs/texlive/2021/texmf-dist/tex/generic/pgf/math/pgfmathfunctions.comparison.code.tex) (d:/Programs/texlive/2021/texmf-dist/tex/generic/pgf/math/pgfmathfunctions.base.code.tex) (d:/Programs/texlive/2021/texmf-dist/tex/generic/pgf/math/pgfmathfunctions.round.code.tex) (d:/Programs/texlive/2021/texmf-dist/tex/generic/pgf/math/pgfmathfunctions.misc.code.tex) (d:/Programs/texlive/2021/texmf-dist/tex/generic/pgf/math/pgfmathfunctions.integerarithmetics.code.tex))) (d:/Programs/texlive/2021/texmf-dist/tex/generic/pgf/math/pgfmathfloat.code.tex
\c@pgfmathroundto@lastzeros=\count288
)) (d:/Programs/texlive/2021/texmf-dist/tex/generic/pgf/math/pgfint.code.tex) (d:/Programs/texlive/2021/texmf-dist/tex/generic/pgf/basiclayer/pgfcorepoints.code.tex
File: pgfcorepoints.code.tex 2021/05/15 v3.1.9a (3.1.9a)
\pgf@picminx=\dimen177
\pgf@picmaxx=\dimen178
\pgf@picminy=\dimen179
\pgf@picmaxy=\dimen180
\pgf@pathminx=\dimen181
\pgf@pathmaxx=\dimen182
\pgf@pathminy=\dimen183
\pgf@pathmaxy=\dimen184
\pgf@xx=\dimen185
\pgf@xy=\dimen186
\pgf@yx=\dimen187
\pgf@yy=\dimen188
\pgf@zx=\dimen189
\pgf@zy=\dimen190
) (d:/Programs/texlive/2021/texmf-dist/tex/generic/pgf/basiclayer/pgfcorepathconstruct.code.tex
File: pgfcorepathconstruct.code.tex 2021/05/15 v3.1.9a (3.1.9a)
\pgf@path@lastx=\dimen191
\pgf@path@lasty=\dimen192
) (d:/Programs/texlive/2021/texmf-dist/tex/generic/pgf/basiclayer/pgfcorepathusage.code.tex
File: pgfcorepathusage.code.tex 2021/05/15 v3.1.9a (3.1.9a)
\pgf@shorten@end@additional=\dimen193
\pgf@shorten@start@additional=\dimen194
) (d:/Programs/texlive/2021/texmf-dist/tex/generic/pgf/basiclayer/pgfcorescopes.code.tex
File: pgfcorescopes.code.tex 2021/05/15 v3.1.9a (3.1.9a)
\pgfpic=\box61
\pgf@hbox=\box62
\pgf@layerbox@main=\box63
\pgf@picture@serial@count=\count289
) (d:/Programs/texlive/2021/texmf-dist/tex/generic/pgf/basiclayer/pgfcoregraphicstate.code.tex
File: pgfcoregraphicstate.code.tex 2021/05/15 v3.1.9a (3.1.9a)
\pgflinewidth=\dimen195
) (d:/Programs/texlive/2021/texmf-dist/tex/generic/pgf/basiclayer/pgfcoretransformations.code.tex
File: pgfcoretransformations.code.tex 2021/05/15 v3.1.9a (3.1.9a)
\pgf@pt@x=\dimen196
\pgf@pt@y=\dimen197
\pgf@pt@temp=\dimen198
) (d:/Programs/texlive/2021/texmf-dist/tex/generic/pgf/basiclayer/pgfcorequick.code.tex
File: pgfcorequick.code.tex 2021/05/15 v3.1.9a (3.1.9a)
) (d:/Programs/texlive/2021/texmf-dist/tex/generic/pgf/basiclayer/pgfcoreobjects.code.tex
File: pgfcoreobjects.code.tex 2021/05/15 v3.1.9a (3.1.9a)
) (d:/Programs/texlive/2021/texmf-dist/tex/generic/pgf/basiclayer/pgfcorepathprocessing.code.tex
File: pgfcorepathprocessing.code.tex 2021/05/15 v3.1.9a (3.1.9a)
) (d:/Programs/texlive/2021/texmf-dist/tex/generic/pgf/basiclayer/pgfcorearrows.code.tex
File: pgfcorearrows.code.tex 2021/05/15 v3.1.9a (3.1.9a)
\pgfarrowsep=\dimen199
) (d:/Programs/texlive/2021/texmf-dist/tex/generic/pgf/basiclayer/pgfcoreshade.code.tex
File: pgfcoreshade.code.tex 2021/05/15 v3.1.9a (3.1.9a)
\pgf@max=\dimen256
\pgf@sys@shading@range@num=\count290
\pgf@shadingcount=\count291
) (d:/Programs/texlive/2021/texmf-dist/tex/generic/pgf/basiclayer/pgfcoreimage.code.tex
File: pgfcoreimage.code.tex 2021/05/15 v3.1.9a (3.1.9a)
 (d:/Programs/texlive/2021/texmf-dist/tex/generic/pgf/basiclayer/pgfcoreexternal.code.tex
File: pgfcoreexternal.code.tex 2021/05/15 v3.1.9a (3.1.9a)
\pgfexternal@startupbox=\box64
)) (d:/Programs/texlive/2021/texmf-dist/tex/generic/pgf/basiclayer/pgfcorelayers.code.tex
File: pgfcorelayers.code.tex 2021/05/15 v3.1.9a (3.1.9a)
) (d:/Programs/texlive/2021/texmf-dist/tex/generic/pgf/basiclayer/pgfcoretransparency.code.tex
File: pgfcoretransparency.code.tex 2021/05/15 v3.1.9a (3.1.9a)
) (d:/Programs/texlive/2021/texmf-dist/tex/generic/pgf/basiclayer/pgfcorepatterns.code.tex
File: pgfcorepatterns.code.tex 2021/05/15 v3.1.9a (3.1.9a)
) (d:/Programs/texlive/2021/texmf-dist/tex/generic/pgf/basiclayer/pgfcorerdf.code.tex
File: pgfcorerdf.code.tex 2021/05/15 v3.1.9a (3.1.9a)
))) (d:/Programs/texlive/2021/texmf-dist/tex/latex/pgf/utilities/xxcolor.sty
Package: xxcolor 2003/10/24 ver 0.1
\XC@nummixins=\count292
\XC@countmixins=\count293
) (d:/Programs/texlive/2021/texmf-dist/tex/latex/base/atbegshi-ltx.sty
Package: atbegshi-ltx 2021/01/10 v1.0c Emulation of the original atbegshi
package with kernel methods
) (d:/Programs/texlive/2021/texmf-dist/tex/latex/hyperref/hyperref.sty
Package: hyperref 2021-06-07 v7.00m Hypertext links for LaTeX
 (d:/Programs/texlive/2021/texmf-dist/tex/generic/ltxcmds/ltxcmds.sty
Package: ltxcmds 2020-05-10 v1.25 LaTeX kernel commands for general use (HO)
) (d:/Programs/texlive/2021/texmf-dist/tex/generic/pdftexcmds/pdftexcmds.sty
Package: pdftexcmds 2020-06-27 v0.33 Utility functions of pdfTeX for LuaTeX (HO)
 (d:/Programs/texlive/2021/texmf-dist/tex/generic/infwarerr/infwarerr.sty
Package: infwarerr 2019/12/03 v1.5 Providing info/warning/error messages (HO)
)
Package pdftexcmds Info: \pdf@primitive is available.
Package pdftexcmds Info: \pdf@ifprimitive is available.
Package pdftexcmds Info: \pdfdraftmode found.
) (d:/Programs/texlive/2021/texmf-dist/tex/generic/kvsetkeys/kvsetkeys.sty
Package: kvsetkeys 2019/12/15 v1.18 Key value parser (HO)
) (d:/Programs/texlive/2021/texmf-dist/tex/generic/kvdefinekeys/kvdefinekeys.sty
Package: kvdefinekeys 2019-12-19 v1.6 Define keys (HO)
) (d:/Programs/texlive/2021/texmf-dist/tex/generic/pdfescape/pdfescape.sty
Package: pdfescape 2019/12/09 v1.15 Implements pdfTeX's escape features (HO)
) (d:/Programs/texlive/2021/texmf-dist/tex/latex/hycolor/hycolor.sty
Package: hycolor 2020-01-27 v1.10 Color options for hyperref/bookmark (HO)
) (d:/Programs/texlive/2021/texmf-dist/tex/latex/letltxmacro/letltxmacro.sty
Package: letltxmacro 2019/12/03 v1.6 Let assignment for LaTeX macros (HO)
) (d:/Programs/texlive/2021/texmf-dist/tex/latex/auxhook/auxhook.sty
Package: auxhook 2019-12-17 v1.6 Hooks for auxiliary files (HO)
) (d:/Programs/texlive/2021/texmf-dist/tex/latex/kvoptions/kvoptions.sty
Package: kvoptions 2020-10-07 v3.14 Key value format for package options (HO)
)
\@linkdim=\dimen257
\Hy@linkcounter=\count294
\Hy@pagecounter=\count295
 (d:/Programs/texlive/2021/texmf-dist/tex/latex/hyperref/pd1enc.def
File: pd1enc.def 2021-06-07 v7.00m Hyperref: PDFDocEncoding definition (HO)
Now handling font encoding PD1 ...
... no UTF-8 mapping file for font encoding PD1
) (d:/Programs/texlive/2021/texmf-dist/tex/latex/hyperref/hyperref-langpatches.def
File: hyperref-langpatches.def 2021-06-07 v7.00m Hyperref: patches for babel languages
) (d:/Programs/texlive/2021/texmf-dist/tex/generic/intcalc/intcalc.sty
Package: intcalc 2019/12/15 v1.3 Expandable calculations with integers (HO)
) (d:/Programs/texlive/2021/texmf-dist/tex/generic/etexcmds/etexcmds.sty
Package: etexcmds 2019/12/15 v1.7 Avoid name clashes with e-TeX commands (HO)
)
\Hy@SavedSpaceFactor=\count296
 (d:/Programs/texlive/2021/texmf-dist/tex/latex/hyperref/puenc.def
File: puenc.def 2021-06-07 v7.00m Hyperref: PDF Unicode definition (HO)
Now handling font encoding PU ...
... no UTF-8 mapping file for font encoding PU
)
Package hyperref Info: Option `bookmarks' set `true' on input line 4073.
Package hyperref Info: Option `bookmarksopen' set `true' on input line 4073.
Package hyperref Info: Option `implicit' set `false' on input line 4073.
Package hyperref Info: Hyper figures OFF on input line 4192.
Package hyperref Info: Link nesting OFF on input line 4197.
Package hyperref Info: Hyper index ON on input line 4200.
Package hyperref Info: Plain pages OFF on input line 4207.
Package hyperref Info: Backreferencing OFF on input line 4212.
Package hyperref Info: Implicit mode OFF; no redefinition of LaTeX internals.
Package hyperref Info: Bookmarks ON on input line 4445.
\c@Hy@tempcnt=\count297
 (d:/Programs/texlive/2021/texmf-dist/tex/latex/url/url.sty
\Urlmuskip=\muskip16
Package: url 2013/09/16  ver 3.4  Verb mode for urls, etc.
)
LaTeX Info: Redefining \url on input line 4804.
\XeTeXLinkMargin=\dimen258
 (d:/Programs/texlive/2021/texmf-dist/tex/generic/bitset/bitset.sty
Package: bitset 2019/12/09 v1.3 Handle bit-vector datatype (HO)
 (d:/Programs/texlive/2021/texmf-dist/tex/generic/bigintcalc/bigintcalc.sty
Package: bigintcalc 2019/12/15 v1.5 Expandable calculations on big integers (HO)
))
\Fld@menulength=\count298
\Field@Width=\dimen259
\Fld@charsize=\dimen260
Package hyperref Info: Hyper figures OFF on input line 6076.
Package hyperref Info: Link nesting OFF on input line 6081.
Package hyperref Info: Hyper index ON on input line 6084.
Package hyperref Info: backreferencing OFF on input line 6091.
Package hyperref Info: Link coloring OFF on input line 6096.
Package hyperref Info: Link coloring with OCG OFF on input line 6101.
Package hyperref Info: PDF/A mode OFF on input line 6106.
LaTeX Info: Redefining \ref on input line 6146.
LaTeX Info: Redefining \pageref on input line 6150.
\Hy@abspage=\count299


Package hyperref Message: Stopped early.

)
Package hyperref Info: Driver (autodetected): hpdftex.
 (d:/Programs/texlive/2021/texmf-dist/tex/latex/hyperref/hpdftex.def
File: hpdftex.def 2021-06-07 v7.00m Hyperref driver for pdfTeX
 (d:/Programs/texlive/2021/texmf-dist/tex/latex/base/atveryend-ltx.sty
Package: atveryend-ltx 2020/08/19 v1.0a Emulation of the original atveryend package
with kernel methods
)
\Fld@listcount=\count300
\c@bookmark@seq@number=\count301
 (d:/Programs/texlive/2021/texmf-dist/tex/latex/rerunfilecheck/rerunfilecheck.sty
Package: rerunfilecheck 2019/12/05 v1.9 Rerun checks for auxiliary files (HO)
 (d:/Programs/texlive/2021/texmf-dist/tex/generic/uniquecounter/uniquecounter.sty
Package: uniquecounter 2019/12/15 v1.4 Provide unlimited unique counter (HO)
)
Package uniquecounter Info: New unique counter `rerunfilecheck' on input line 286.
)) (d:/Programs/texlive/2021/texmf-dist/tex/latex/beamer/beamerbaserequires.sty (d:/Programs/texlive/2021/texmf-dist/tex/latex/beamer/beamerbasecompatibility.sty) (d:/Programs/texlive/2021/texmf-dist/tex/latex/beamer/beamerbasefont.sty (d:/Programs/texlive/2021/texmf-dist/tex/latex/amsfonts/amssymb.sty
Package: amssymb 2013/01/14 v3.01 AMS font symbols
 (d:/Programs/texlive/2021/texmf-dist/tex/latex/amsfonts/amsfonts.sty
Package: amsfonts 2013/01/14 v3.01 Basic AMSFonts support
\@emptytoks=\toks28
\symAMSa=\mathgroup4
\symAMSb=\mathgroup5
LaTeX Font Info:    Redeclaring math symbol \hbar on input line 98.
LaTeX Font Info:    Overwriting math alphabet `\mathfrak' in version `bold'
(Font)                  U/euf/m/n --> U/euf/b/n on input line 106.
)) (d:/Programs/texlive/2021/texmf-dist/tex/latex/sansmathaccent/sansmathaccent.sty
Package: sansmathaccent 2020/01/31
 (d:/Programs/texlive/2021/texmf-dist/tex/latex/koma-script/scrlfile.sty
Package: scrlfile 2021/11/13 v3.35 KOMA-Script package (file load hooks)
 (d:/Programs/texlive/2021/texmf-dist/tex/latex/koma-script/scrlfile-hook.sty
Package: scrlfile-hook 2021/11/13 v3.35 KOMA-Script package (using LaTeX hooks)
 (d:/Programs/texlive/2021/texmf-dist/tex/latex/koma-script/scrlogo.sty
Package: scrlogo 2021/11/13 v3.35 KOMA-Script package (logo)
))))) (d:/Programs/texlive/2021/texmf-dist/tex/latex/beamer/beamerbasetranslator.sty (d:/Programs/texlive/2021/texmf-dist/tex/latex/translator/translator.sty
Package: translator 2021-05-31 v1.12d Easy translation of strings in LaTeX
)) (d:/Programs/texlive/2021/texmf-dist/tex/latex/beamer/beamerbasemisc.sty) (d:/Programs/texlive/2021/texmf-dist/tex/latex/beamer/beamerbasetwoscreens.sty) (d:/Programs/texlive/2021/texmf-dist/tex/latex/beamer/beamerbaseoverlay.sty
\beamer@argscount=\count302
\beamer@lastskipcover=\skip50
\beamer@trivlistdepth=\count303
) (d:/Programs/texlive/2021/texmf-dist/tex/latex/beamer/beamerbasetitle.sty) (d:/Programs/texlive/2021/texmf-dist/tex/latex/beamer/beamerbasesection.sty
\c@lecture=\count304
\c@part=\count305
\c@section=\count306
\c@subsection=\count307
\c@subsubsection=\count308
) (d:/Programs/texlive/2021/texmf-dist/tex/latex/beamer/beamerbaseframe.sty
\beamer@framebox=\box65
\beamer@frametitlebox=\box66
\beamer@zoombox=\box67
\beamer@zoomcount=\count309
\beamer@zoomframecount=\count310
\beamer@frametextheight=\dimen261
\c@subsectionslide=\count311
\beamer@frametopskip=\skip51
\beamer@framebottomskip=\skip52
\beamer@frametopskipautobreak=\skip53
\beamer@framebottomskipautobreak=\skip54
\beamer@envbody=\toks29
\framewidth=\dimen262
\c@framenumber=\count312
) (d:/Programs/texlive/2021/texmf-dist/tex/latex/beamer/beamerbaseverbatim.sty
\beamer@verbatimfileout=\write4
) (d:/Programs/texlive/2021/texmf-dist/tex/latex/beamer/beamerbaseframesize.sty
\beamer@splitbox=\box68
\beamer@autobreakcount=\count313
\beamer@autobreaklastheight=\dimen263
\beamer@frametitletoks=\toks30
\beamer@framesubtitletoks=\toks31
) (d:/Programs/texlive/2021/texmf-dist/tex/latex/beamer/beamerbaseframecomponents.sty
\beamer@footins=\box69
) (d:/Programs/texlive/2021/texmf-dist/tex/latex/beamer/beamerbasecolor.sty) (d:/Programs/texlive/2021/texmf-dist/tex/latex/beamer/beamerbasenotes.sty
\beamer@frameboxcopy=\box70
) (d:/Programs/texlive/2021/texmf-dist/tex/latex/beamer/beamerbasetoc.sty) (d:/Programs/texlive/2021/texmf-dist/tex/latex/beamer/beamerbasetemplates.sty
\beamer@sbttoks=\toks32
 (d:/Programs/texlive/2021/texmf-dist/tex/latex/beamer/beamerbaseauxtemplates.sty (d:/Programs/texlive/2021/texmf-dist/tex/latex/beamer/beamerbaseboxes.sty
\bmb@box=\box71
\bmb@colorbox=\box72
\bmb@boxwidth=\dimen264
\bmb@boxheight=\dimen265
\bmb@prevheight=\dimen266
\bmb@temp=\dimen267
\bmb@dima=\dimen268
\bmb@dimb=\dimen269
\bmb@prevheight=\dimen270
)
\beamer@blockheadheight=\dimen271
)) (d:/Programs/texlive/2021/texmf-dist/tex/latex/beamer/beamerbaselocalstructure.sty (d:/Programs/texlive/2021/texmf-dist/tex/latex/tools/enumerate.sty
Package: enumerate 2015/07/23 v3.00 enumerate extensions (DPC)
\@enLab=\toks33
)
\beamer@bibiconwidth=\skip55
\c@figure=\count314
\c@table=\count315
\abovecaptionskip=\skip56
\belowcaptionskip=\skip57
) (d:/Programs/texlive/2021/texmf-dist/tex/latex/beamer/beamerbasenavigation.sty
\beamer@section@min@dim=\dimen272
) (d:/Programs/texlive/2021/texmf-dist/tex/latex/beamer/beamerbasetheorems.sty (d:/Programs/texlive/2021/texmf-dist/tex/latex/amsmath/amsmath.sty
Package: amsmath 2021/10/15 v2.17l AMS math features
\@mathmargin=\skip58

For additional information on amsmath, use the `?' option.
(d:/Programs/texlive/2021/texmf-dist/tex/latex/amsmath/amstext.sty
Package: amstext 2021/08/26 v2.01 AMS text
 (d:/Programs/texlive/2021/texmf-dist/tex/latex/amsmath/amsgen.sty
File: amsgen.sty 1999/11/30 v2.0 generic functions
\@emptytoks=\toks34
\ex@=\dimen273
)) (d:/Programs/texlive/2021/texmf-dist/tex/latex/amsmath/amsbsy.sty
Package: amsbsy 1999/11/29 v1.2d Bold Symbols
\pmbraise@=\dimen274
) (d:/Programs/texlive/2021/texmf-dist/tex/latex/amsmath/amsopn.sty
Package: amsopn 2021/08/26 v2.02 operator names
)
\inf@bad=\count316
LaTeX Info: Redefining \frac on input line 234.
\uproot@=\count317
\leftroot@=\count318
LaTeX Info: Redefining \overline on input line 399.
\classnum@=\count319
\DOTSCASE@=\count320
LaTeX Info: Redefining \ldots on input line 496.
LaTeX Info: Redefining \dots on input line 499.
LaTeX Info: Redefining \cdots on input line 620.
\Mathstrutbox@=\box73
\strutbox@=\box74
\big@size=\dimen275
LaTeX Font Info:    Redeclaring font encoding OML on input line 743.
LaTeX Font Info:    Redeclaring font encoding OMS on input line 744.
\macc@depth=\count321
\c@MaxMatrixCols=\count322
\dotsspace@=\muskip17
\c@parentequation=\count323
\dspbrk@lvl=\count324
\tag@help=\toks35
\row@=\count325
\column@=\count326
\maxfields@=\count327
\andhelp@=\toks36
\eqnshift@=\dimen276
\alignsep@=\dimen277
\tagshift@=\dimen278
\tagwidth@=\dimen279
\totwidth@=\dimen280
\lineht@=\dimen281
\@envbody=\toks37
\multlinegap=\skip59
\multlinetaggap=\skip60
\mathdisplay@stack=\toks38
LaTeX Info: Redefining \[ on input line 2938.
LaTeX Info: Redefining \] on input line 2939.
) (d:/Programs/texlive/2021/texmf-dist/tex/latex/amscls/amsthm.sty
Package: amsthm 2020/05/29 v2.20.6
\thm@style=\toks39
\thm@bodyfont=\toks40
\thm@headfont=\toks41
\thm@notefont=\toks42
\thm@headpunct=\toks43
\thm@preskip=\skip61
\thm@postskip=\skip62
\thm@headsep=\skip63
\dth@everypar=\toks44
)
\c@theorem=\count328
) (d:/Programs/texlive/2021/texmf-dist/tex/latex/beamer/beamerbasethemes.sty)) (d:/Programs/texlive/2021/texmf-dist/tex/latex/beamer/beamerthemedefault.sty (d:/Programs/texlive/2021/texmf-dist/tex/latex/beamer/beamerfontthemedefault.sty) (d:/Programs/texlive/2021/texmf-dist/tex/latex/beamer/beamercolorthemedefault.sty) (d:/Programs/texlive/2021/texmf-dist/tex/latex/beamer/beamerinnerthemedefault.sty
\beamer@dima=\dimen282
\beamer@dimb=\dimen283
) (d:/Programs/texlive/2021/texmf-dist/tex/latex/beamer/beamerouterthemedefault.sty))) (d:/Programs/texlive/2021/texmf-dist/tex/latex/beamer/beamerthemeMalmoe.sty (d:/Programs/texlive/2021/texmf-dist/tex/latex/beamer/beamerouterthemesplit.sty) (d:/Programs/texlive/2021/texmf-dist/tex/latex/beamer/beamercolorthemewhale.sty)) (d:/Programs/texlive/2021/texmf-dist/tex/latex/beamer/beamercolorthemespruce.sty) (d:/Programs/texlive/2021/texmf-dist/tex/latex/mathtools/mathtools.sty
Package: mathtools 2021/04/12 v1.27 mathematical typesetting tools
 (d:/Programs/texlive/2021/texmf-dist/tex/latex/tools/calc.sty
Package: calc 2017/05/25 v4.3 Infix arithmetic (KKT,FJ)
\calc@Acount=\count329
\calc@Bcount=\count330
\calc@Adimen=\dimen284
\calc@Bdimen=\dimen285
\calc@Askip=\skip64
\calc@Bskip=\skip65
LaTeX Info: Redefining \setlength on input line 80.
LaTeX Info: Redefining \addtolength on input line 81.
\calc@Ccount=\count331
\calc@Cskip=\skip66
) (d:/Programs/texlive/2021/texmf-dist/tex/latex/mathtools/mhsetup.sty
Package: mhsetup 2021/03/18 v1.4 programming setup (MH)
)
LaTeX Info: Thecontrolsequence`\('isalreadyrobust on input line 130.
LaTeX Info: Thecontrolsequence`\)'isalreadyrobust on input line 130.
LaTeX Info: Thecontrolsequence`\['isalreadyrobust on input line 130.
LaTeX Info: Thecontrolsequence`\]'isalreadyrobust on input line 130.
\g_MT_multlinerow_int=\count332
\l_MT_multwidth_dim=\dimen286
\origjot=\skip67
\l_MT_shortvdotswithinadjustabove_dim=\dimen287
\l_MT_shortvdotswithinadjustbelow_dim=\dimen288
\l_MT_above_intertext_sep=\dimen289
\l_MT_below_intertext_sep=\dimen290
\l_MT_above_shortintertext_sep=\dimen291
\l_MT_below_shortintertext_sep=\dimen292
\xmathstrut@box=\box75
\xmathstrut@dim=\dimen293
) (d:/Programs/texlive/2021/texmf-dist/tex/latex/jknapltx/mathrsfs.sty
Package: mathrsfs 1996/01/01 Math RSFS package v1.0 (jk)
\symrsfs=\mathgroup6
) (d:/Programs/texlive/2021/texmf-dist/tex/latex/physics/physics.sty
Package: physics 
 (d:/Programs/texlive/2021/texmf-dist/tex/latex/l3packages/xparse/xparse.sty (d:/Programs/texlive/2021/texmf-dist/tex/latex/l3kernel/expl3.sty
Package: expl3 2022-01-12 L3 programming layer (loader) 
 (d:/Programs/texlive/2021/texmf-dist/tex/latex/l3backend/l3backend-pdftex.def
File: l3backend-pdftex.def 2022-01-12 L3 backend support: PDF output (pdfTeX)
\l__color_backend_stack_int=\count333
\l__pdf_internal_box=\box76
))
Package: xparse 2022-01-12 L3 Experimental document command parser
)) (d:/Programs/texlive/2021/texmf-dist/tex/latex/caption/caption.sty
Package: caption 2020/10/26 v3.5g Customizing captions (AR)
 (d:/Programs/texlive/2021/texmf-dist/tex/latex/caption/caption3.sty
Package: caption3 2020/10/21 v2.2e caption3 kernel (AR)
\captionmargin=\dimen294
\captionmargin@=\dimen295
\captionwidth=\dimen296
\caption@tempdima=\dimen297
\caption@indent=\dimen298
\caption@parindent=\dimen299
\caption@hangindent=\dimen300
Package caption Info: beamer document class detected.
 (d:/Programs/texlive/2021/texmf-dist/tex/latex/caption/caption-beamer.sto
File: caption-beamer.sto 2020/08/22 v2.0 Adaption of the caption package to the beamer document classes (AR)
))
\c@caption@flags=\count334
\c@continuedfloat=\count335
Package caption Info: hyperref package is loaded.
Package caption Info: Hyperref support is turned off
(caption)             because hyperref has stopped early.
) (d:/Programs/texlive/2021/texmf-dist/tex/latex/algorithmicx/algpseudocode.sty
Package: algpseudocode 
 (d:/Programs/texlive/2021/texmf-dist/tex/latex/base/ifthen.sty
Package: ifthen 2020/11/24 v1.1c Standard LaTeX ifthen package (DPC)
) (d:/Programs/texlive/2021/texmf-dist/tex/latex/algorithmicx/algorithmicx.sty
Package: algorithmicx 2005/04/27 v1.2 Algorithmicx

Document Style algorithmicx 1.2 - a greatly improved `algorithmic' style
\c@ALG@line=\count336
\c@ALG@rem=\count337
\c@ALG@nested=\count338
\ALG@tlm=\skip68
\ALG@thistlm=\skip69
\c@ALG@Lnr=\count339
\c@ALG@blocknr=\count340
\c@ALG@storecount=\count341
\c@ALG@tmpcounter=\count342
\ALG@tmplength=\skip70
)
Document Style - pseudocode environments for use with the `algorithmicx' style
) (d:/Programs/texlive/2021/texmf-dist/tex/latex/algorithms/algorithm.sty
Package: algorithm 2009/08/24 v0.1 Document Style `algorithm' - floating environment
 (d:/Programs/texlive/2021/texmf-dist/tex/latex/float/float.sty
Package: float 2001/11/08 v1.3d Float enhancements (AL)
\c@float@type=\count343
\float@exts=\toks45
\float@box=\box77
\@float@everytoks=\toks46
\@floatcapt=\box78
)
\@float@every@algorithm=\toks47
\c@algorithm=\count344
) (d:/Programs/texlive/2021/texmf-dist/tex/latex/animate/animate.sty
Package: animate 2021/11/09 PDF & SVG animations from files and inline graphics
 (d:/Programs/texlive/2021/texmf-dist/tex/latex/xkeyval/xkeyval.sty
Package: xkeyval 2020/11/20 v2.8 package option processing (HA)
 (d:/Programs/texlive/2021/texmf-dist/tex/generic/xkeyval/xkeyval.tex (d:/Programs/texlive/2021/texmf-dist/tex/generic/xkeyval/xkvutils.tex
\XKV@toks=\toks48
\XKV@tempa@toks=\toks49
)
\XKV@depth=\count345
File: xkeyval.tex 2014/12/03 v2.7a key=value parser (HA)
)) (d:/Programs/texlive/2021/texmf-dist/tex/latex/oberdiek/ifdraft.sty
Package: ifdraft 2016/05/16 v1.4 Detect class options draft and final (HO)
) (d:/Programs/texlive/2021/texmf-dist/tex/latex/zref/zref-abspage.sty
Package: zref-abspage 2020-07-03 v2.32 Module abspage for zref (HO)
 (d:/Programs/texlive/2021/texmf-dist/tex/latex/zref/zref-base.sty
Package: zref-base 2020-07-03 v2.32 Module base for zref (HO)
Package zref Info: New property list: main on input line 764.
Package zref Info: New property: default on input line 765.
Package zref Info: New property: page on input line 766.
)
\c@abspage=\count346
Package zref Info: New property: abspage on input line 66.
) (d:/Programs/texlive/2021/texmf-dist/tex/latex/media9/pdfbase.sty (d:/Programs/texlive/2021/texmf-dist/tex/latex/l3packages/l3keys2e/l3keys2e.sty
Package: l3keys2e 2022-01-12 LaTeX2e option processing using LaTeX3 keys
)
Package: pdfbase 2021/09/12 v0.53 driver independent access to low-level PDF features
\g_pbs_page_int=\count347
\g_pbs_oc_int=\count348
) (d:/Programs/texlive/2021/texmf-dist/tex/latex/ocgx2/ocgbase.sty
Package: ocgbase 2021/06/11 v0.20 support package for ocgx2.sty
\g_ocgbase_nd_int=\count349
)
\@anim@box=\box79
\@anim@measbox=\box80
\@anim@tmpdima=\dimen301
\@anim@tmpdimb=\dimen302
\@anim@num=\count350
\@anim@curframe=\count351
\@anim@curframe@zb=\count352
\@anim@resizeflags=\count353
\@anim@skipfram=\count354
\@anim@mulframecnt=\count355
\@anim@@tmlnfile=\read3
\@anim@tmpcnt=\count356
\c@@anim@ltxcnt=\count357
\@anim@curlayer=\count358
\@anim@lineno=\count359
\@anim@curfield=\count360
\@anim@@resizeflags=\count361
) (./Jet_Alg_Complexity.aux)
\openout1 = `Jet_Alg_Complexity.aux'.

LaTeX Font Info:    Checking defaults for OML/cmm/m/it on input line 34.
LaTeX Font Info:    ... okay on input line 34.
LaTeX Font Info:    Checking defaults for OMS/cmsy/m/n on input line 34.
LaTeX Font Info:    ... okay on input line 34.
LaTeX Font Info:    Checking defaults for OT1/cmr/m/n on input line 34.
LaTeX Font Info:    ... okay on input line 34.
LaTeX Font Info:    Checking defaults for T1/cmr/m/n on input line 34.
LaTeX Font Info:    ... okay on input line 34.
LaTeX Font Info:    Checking defaults for TS1/cmr/m/n on input line 34.
LaTeX Font Info:    ... okay on input line 34.
LaTeX Font Info:    Checking defaults for OMX/cmex/m/n on input line 34.
LaTeX Font Info:    ... okay on input line 34.
LaTeX Font Info:    Checking defaults for U/cmr/m/n on input line 34.
LaTeX Font Info:    ... okay on input line 34.
LaTeX Font Info:    Checking defaults for PD1/pdf/m/n on input line 34.
LaTeX Font Info:    ... okay on input line 34.
LaTeX Font Info:    Checking defaults for PU/pdf/m/n on input line 34.
LaTeX Font Info:    ... okay on input line 34.

*geometry* driver: auto-detecting
*geometry* detected driver: pdftex
*geometry* verbose mode - [ preamble ] result:
* driver: pdftex
* paper: custom
* layout: <same size as paper>
* layoutoffset:(h,v)=(0.0pt,0.0pt)
* modes: includehead includefoot 
* h-part:(L,W,R)=(28.45274pt, 307.28987pt, 28.45274pt)
* v-part:(T,H,B)=(0.0pt, 273.14662pt, 0.0pt)
* \paperwidth=364.19536pt
* \paperheight=273.14662pt
* \textwidth=307.28987pt
* \textheight=244.6939pt
* \oddsidemargin=-43.81725pt
* \evensidemargin=-43.81725pt
* \topmargin=-72.26999pt
* \headheight=14.22636pt
* \headsep=0.0pt
* \topskip=11.0pt
* \footskip=14.22636pt
* \marginparwidth=4.0pt
* \marginparsep=10.0pt
* \columnsep=10.0pt
* \skip\footins=10.0pt plus 4.0pt minus 2.0pt
* \hoffset=0.0pt
* \voffset=0.0pt
* \mag=1000
* \@twocolumnfalse
* \@twosidefalse
* \@mparswitchfalse
* \@reversemarginfalse
* (1in=72.27pt=25.4mm, 1cm=28.453pt)

(d:/Programs/texlive/2021/texmf-dist/tex/context/base/mkii/supp-pdf.mkii
[Loading MPS to PDF converter (version 2006.09.02).]
\scratchcounter=\count362
\scratchdimen=\dimen303
\scratchbox=\box81
\nofMPsegments=\count363
\nofMParguments=\count364
\everyMPshowfont=\toks50
\MPscratchCnt=\count365
\MPscratchDim=\dimen304
\MPnumerator=\count366
\makeMPintoPDFobject=\count367
\everyMPtoPDFconversion=\toks51
) (d:/Programs/texlive/2021/texmf-dist/tex/latex/epstopdf-pkg/epstopdf-base.sty
Package: epstopdf-base 2020-01-24 v2.11 Base part for package epstopdf
Package epstopdf-base Info: Redefining graphics rule for `.eps' on input line 485.
 (d:/Programs/texlive/2021/texmf-dist/tex/latex/latexconfig/epstopdf-sys.cfg
File: epstopdf-sys.cfg 2010/07/13 v1.3 Configuration of (r)epstopdf for TeX Live
))
Package hyperref Info: Link coloring OFF on input line 34.
 (d:/Programs/texlive/2021/texmf-dist/tex/latex/hyperref/nameref.sty
Package: nameref 2021-04-02 v2.47 Cross-referencing by name of section
 (d:/Programs/texlive/2021/texmf-dist/tex/latex/refcount/refcount.sty
Package: refcount 2019/12/15 v3.6 Data extraction from label references (HO)
) (d:/Programs/texlive/2021/texmf-dist/tex/generic/gettitlestring/gettitlestring.sty
Package: gettitlestring 2019/12/15 v1.6 Cleanup title references (HO)
)
\c@section@level=\count368
)
LaTeX Info: Redefining \ref on input line 34.
LaTeX Info: Redefining \pageref on input line 34.
LaTeX Info: Redefining \nameref on input line 34.
 (./Jet_Alg_Complexity.out) (./Jet_Alg_Complexity.out)
\@outlinefile=\write5
\openout5 = `Jet_Alg_Complexity.out'.

LaTeX Font Info:    Overwriting symbol font `operators' in version `normal'
(Font)                  OT1/cmr/m/n --> OT1/cmss/m/n on input line 34.
LaTeX Font Info:    Overwriting symbol font `operators' in version `bold'
(Font)                  OT1/cmr/bx/n --> OT1/cmss/b/n on input line 34.
\symnumbers=\mathgroup7
\sympureletters=\mathgroup8
LaTeX Font Info:    Overwriting math alphabet `\mathrm' in version `normal'
(Font)                  OT1/cmss/m/n --> OT1/cmr/m/n on input line 34.
LaTeX Font Info:    Redeclaring math alphabet \mathbf on input line 34.
LaTeX Font Info:    Overwriting math alphabet `\mathbf' in version `normal'
(Font)                  OT1/cmr/bx/n --> OT1/cmss/b/n on input line 34.
LaTeX Font Info:    Overwriting math alphabet `\mathbf' in version `bold'
(Font)                  OT1/cmr/bx/n --> OT1/cmss/b/n on input line 34.
LaTeX Font Info:    Redeclaring math alphabet \mathsf on input line 34.
LaTeX Font Info:    Overwriting math alphabet `\mathsf' in version `normal'
(Font)                  OT1/cmss/m/n --> OT1/cmss/m/n on input line 34.
LaTeX Font Info:    Overwriting math alphabet `\mathsf' in version `bold'
(Font)                  OT1/cmss/bx/n --> OT1/cmss/m/n on input line 34.
LaTeX Font Info:    Redeclaring math alphabet \mathit on input line 34.
LaTeX Font Info:    Overwriting math alphabet `\mathit' in version `normal'
(Font)                  OT1/cmr/m/it --> OT1/cmss/m/it on input line 34.
LaTeX Font Info:    Overwriting math alphabet `\mathit' in version `bold'
(Font)                  OT1/cmr/bx/it --> OT1/cmss/m/it on input line 34.
LaTeX Font Info:    Redeclaring math alphabet \mathtt on input line 34.
LaTeX Font Info:    Overwriting math alphabet `\mathtt' in version `normal'
(Font)                  OT1/cmtt/m/n --> OT1/cmtt/m/n on input line 34.
LaTeX Font Info:    Overwriting math alphabet `\mathtt' in version `bold'
(Font)                  OT1/cmtt/m/n --> OT1/cmtt/m/n on input line 34.
LaTeX Font Info:    Overwriting symbol font `numbers' in version `bold'
(Font)                  OT1/cmss/m/n --> OT1/cmss/b/n on input line 34.
LaTeX Font Info:    Overwriting symbol font `pureletters' in version `bold'
(Font)                  OT1/cmss/m/it --> OT1/cmss/b/it on input line 34.
LaTeX Font Info:    Overwriting math alphabet `\mathrm' in version `bold'
(Font)                  OT1/cmss/b/n --> OT1/cmr/b/n on input line 34.
LaTeX Font Info:    Overwriting math alphabet `\mathbf' in version `bold'
(Font)                  OT1/cmss/b/n --> OT1/cmss/b/n on input line 34.
LaTeX Font Info:    Overwriting math alphabet `\mathsf' in version `bold'
(Font)                  OT1/cmss/m/n --> OT1/cmss/b/n on input line 34.
LaTeX Font Info:    Overwriting math alphabet `\mathit' in version `bold'
(Font)                  OT1/cmss/m/it --> OT1/cmss/b/it on input line 34.
LaTeX Font Info:    Overwriting math alphabet `\mathtt' in version `bold'
(Font)                  OT1/cmtt/m/n --> OT1/cmtt/b/n on input line 34.
LaTeX Font Info:    Redeclaring symbol font `pureletters' on input line 34.
LaTeX Font Info:    Overwriting symbol font `pureletters' in version `normal'
(Font)                  OT1/cmss/m/it --> OT1/mathkerncmss/m/sl on input line 34.
LaTeX Font Info:    Overwriting symbol font `pureletters' in version `bold'
(Font)                  OT1/cmss/b/it --> OT1/mathkerncmss/m/sl on input line 34.
LaTeX Font Info:    Overwriting symbol font `pureletters' in version `bold'
(Font)                  OT1/mathkerncmss/m/sl --> OT1/mathkerncmss/bx/sl on input line 34.
 (d:/Programs/texlive/2021/texmf-dist/tex/latex/translator/translator-basic-dictionary-English.dict
Dictionary: translator-basic-dictionary, Language: English 
) (d:/Programs/texlive/2021/texmf-dist/tex/latex/translator/translator-bibliography-dictionary-English.dict
Dictionary: translator-bibliography-dictionary, Language: English 
) (d:/Programs/texlive/2021/texmf-dist/tex/latex/translator/translator-environment-dictionary-English.dict
Dictionary: translator-environment-dictionary, Language: English 
) (d:/Programs/texlive/2021/texmf-dist/tex/latex/translator/translator-months-dictionary-English.dict
Dictionary: translator-months-dictionary, Language: English 
) (d:/Programs/texlive/2021/texmf-dist/tex/latex/translator/translator-numbers-dictionary-English.dict
Dictionary: translator-numbers-dictionary, Language: English 
) (d:/Programs/texlive/2021/texmf-dist/tex/latex/translator/translator-theorem-dictionary-English.dict
Dictionary: translator-theorem-dictionary, Language: English 
)
Package caption Info: Begin \AtBeginDocument code.
Package caption Info: float package is loaded.
Package caption Info: End \AtBeginDocument code.
 (./Jet_Alg_Complexity.nav)
<./images//seal.jpg, id=14, 188.95593pt x 151.3153pt>
File: ./images//seal.jpg Graphic file (type jpg)
<use ./images//seal.jpg>
Package pdftex.def Info: ./images//seal.jpg  used on input line 36.
(pdftex.def)             Requested size: 132.26823pt x 105.91998pt.
 [1

{d:/Programs/texlive/2021/texmf-var/fonts/map/pdftex/updmap/pdftex.map} <./images//seal.jpg>]
LaTeX Font Info:    Trying to load font information for U+msa on input line 49.
 (d:/Programs/texlive/2021/texmf-dist/tex/latex/amsfonts/umsa.fd
File: umsa.fd 2013/01/14 v3.01 AMS symbols A
)
LaTeX Font Info:    Trying to load font information for U+msb on input line 49.
 (d:/Programs/texlive/2021/texmf-dist/tex/latex/amsfonts/umsb.fd
File: umsb.fd 2013/01/14 v3.01 AMS symbols B
)
LaTeX Font Info:    Trying to load font information for U+rsfs on input line 49.
 (d:/Programs/texlive/2021/texmf-dist/tex/latex/jknapltx/ursfs.fd
File: ursfs.fd 1998/03/24 rsfs font definition file (jk)
)
LaTeX Font Info:    Trying to load font information for OT1+mathkerncmss on input line 49.
 (d:/Programs/texlive/2021/texmf-dist/tex/latex/sansmathaccent/ot1mathkerncmss.fd
File: ot1mathkerncmss.fd 2020/01/31 Fontinst v1.933 font definitions for OT1/mathkerncmss.
) [2

] [3

] [4

] [5

] [6

] [7

] [8

] [9

] [10

] [11

] [12

] [13

] [14

] [15

]
<./images//jet_example.png, id=432, 1072.87422pt x 708.54402pt>
File: ./images//jet_example.png Graphic file (type png)
<use ./images//jet_example.png>
Package pdftex.def Info: ./images//jet_example.png  used on input line 73.
(pdftex.def)             Requested size: 289.6799pt x 191.30943pt.
 [16

 <./images//jet_example.png>] [17

] [18

] [19

] [20

] [21

] [22

] [23

] [24

] [25

] [26

] [27

] [28

] [29

] [30

] [31

] [32

] [33

] [34

] [35

] [36

] [37

] [38

] [39

] [40

] [41

] [42

]
Overfull \vbox (4.59344pt too high) detected at line 149
 []

[43

] [44

] [45

] [46

] [47

] [48

] [49

] [50

] [51

] [52

] [53

] [54

] [55

] [56

] [57

] [58

] [59

] [60

] [61

] [62

] [63

] [64

] [65

] [66

] [67

]
<./images//frames/frame-0.png, id=1874, 662.475pt x 679.53876pt>
File: ./images//frames/frame-0.png Graphic file (type png)
<use ./images//frames/frame-0.png>
Package pdftex.def Info: ./images//frames/frame-0.png  used on input line 221.
(pdftex.def)             Requested size: 662.47339pt x 679.53711pt.
 <./images//frames/frame-0.png> <a0,fr0>
<./images//frames/frame-1.png, id=1883, 662.475pt x 679.53876pt>
File: ./images//frames/frame-1.png Graphic file (type png)
<use ./images//frames/frame-1.png>
Package pdftex.def Info: ./images//frames/frame-1.png  used on input line 221.
(pdftex.def)             Requested size: 662.47339pt x 679.53711pt.
 <./images//frames/frame-1.png> <a0,fr1>
<./images//frames/frame-2.png, id=1892, 662.475pt x 679.53876pt>
File: ./images//frames/frame-2.png Graphic file (type png)
<use ./images//frames/frame-2.png>
Package pdftex.def Info: ./images//frames/frame-2.png  used on input line 221.
(pdftex.def)             Requested size: 662.47339pt x 679.53711pt.
 <./images//frames/frame-2.png> <a0,fr2>
<./images//frames/frame-3.png, id=1901, 662.475pt x 679.53876pt>
File: ./images//frames/frame-3.png Graphic file (type png)
<use ./images//frames/frame-3.png>
Package pdftex.def Info: ./images//frames/frame-3.png  used on input line 221.
(pdftex.def)             Requested size: 662.47339pt x 679.53711pt.
 <./images//frames/frame-3.png> <a0,fr3>
<./images//frames/frame-4.png, id=1910, 662.475pt x 679.53876pt>
File: ./images//frames/frame-4.png Graphic file (type png)
<use ./images//frames/frame-4.png>
Package pdftex.def Info: ./images//frames/frame-4.png  used on input line 221.
(pdftex.def)             Requested size: 662.47339pt x 679.53711pt.
 <./images//frames/frame-4.png> <a0,fr4>
<./images//frames/frame-5.png, id=1919, 662.475pt x 679.53876pt>
File: ./images//frames/frame-5.png Graphic file (type png)
<use ./images//frames/frame-5.png>
Package pdftex.def Info: ./images//frames/frame-5.png  used on input line 221.
(pdftex.def)             Requested size: 662.47339pt x 679.53711pt.
 <./images//frames/frame-5.png> <a0,fr5>
<./images//frames/frame-6.png, id=1928, 662.475pt x 679.53876pt>
File: ./images//frames/frame-6.png Graphic file (type png)
<use ./images//frames/frame-6.png>
Package pdftex.def Info: ./images//frames/frame-6.png  used on input line 221.
(pdftex.def)             Requested size: 662.47339pt x 679.53711pt.
 <./images//frames/frame-6.png> <a0,fr6>
<./images//frames/frame-7.png, id=1937, 662.475pt x 679.53876pt>
File: ./images//frames/frame-7.png Graphic file (type png)
<use ./images//frames/frame-7.png>
Package pdftex.def Info: ./images//frames/frame-7.png  used on input line 221.
(pdftex.def)             Requested size: 662.47339pt x 679.53711pt.
 <./images//frames/frame-7.png> <a0,fr7>
<./images//frames/frame-8.png, id=1946, 662.475pt x 679.53876pt>
File: ./images//frames/frame-8.png Graphic file (type png)
<use ./images//frames/frame-8.png>
Package pdftex.def Info: ./images//frames/frame-8.png  used on input line 221.
(pdftex.def)             Requested size: 662.47339pt x 679.53711pt.
 <./images//frames/frame-8.png> <a0,fr8>
<./images//frames/frame-9.png, id=1955, 662.475pt x 679.53876pt>
File: ./images//frames/frame-9.png Graphic file (type png)
<use ./images//frames/frame-9.png>
Package pdftex.def Info: ./images//frames/frame-9.png  used on input line 221.
(pdftex.def)             Requested size: 662.47339pt x 679.53711pt.
 <./images//frames/frame-9.png> <a0,fr9>
<./images//frames/frame-10.png, id=1964, 662.475pt x 679.53876pt>
File: ./images//frames/frame-10.png Graphic file (type png)
<use ./images//frames/frame-10.png>
Package pdftex.def Info: ./images//frames/frame-10.png  used on input line 221.
(pdftex.def)             Requested size: 662.47339pt x 679.53711pt.
 <./images//frames/frame-10.png> <a0,fr10>
<./images//frames/frame-11.png, id=1973, 662.475pt x 679.53876pt>
File: ./images//frames/frame-11.png Graphic file (type png)
<use ./images//frames/frame-11.png>
Package pdftex.def Info: ./images//frames/frame-11.png  used on input line 221.
(pdftex.def)             Requested size: 662.47339pt x 679.53711pt.
 <./images//frames/frame-11.png> <a0,fr11>
<./images//frames/frame-12.png, id=1982, 662.475pt x 679.53876pt>
File: ./images//frames/frame-12.png Graphic file (type png)
<use ./images//frames/frame-12.png>
Package pdftex.def Info: ./images//frames/frame-12.png  used on input line 221.
(pdftex.def)             Requested size: 662.47339pt x 679.53711pt.
 <./images//frames/frame-12.png> <a0,fr12>
<./images//frames/frame-13.png, id=1991, 662.475pt x 679.53876pt>
File: ./images//frames/frame-13.png Graphic file (type png)
<use ./images//frames/frame-13.png>
Package pdftex.def Info: ./images//frames/frame-13.png  used on input line 221.
(pdftex.def)             Requested size: 662.47339pt x 679.53711pt.
 <./images//frames/frame-13.png> <a0,fr13>
<./images//frames/frame-14.png, id=2000, 662.475pt x 679.53876pt>
File: ./images//frames/frame-14.png Graphic file (type png)
<use ./images//frames/frame-14.png>
Package pdftex.def Info: ./images//frames/frame-14.png  used on input line 221.
(pdftex.def)             Requested size: 662.47339pt x 679.53711pt.
 <./images//frames/frame-14.png> <a0,fr14>
<./images//frames/frame-15.png, id=2009, 662.475pt x 679.53876pt>
File: ./images//frames/frame-15.png Graphic file (type png)
<use ./images//frames/frame-15.png>
Package pdftex.def Info: ./images//frames/frame-15.png  used on input line 221.
(pdftex.def)             Requested size: 662.47339pt x 679.53711pt.
 <./images//frames/frame-15.png> <a0,fr15>
<./images//frames/frame-16.png, id=2018, 662.475pt x 679.53876pt>
File: ./images//frames/frame-16.png Graphic file (type png)
<use ./images//frames/frame-16.png>
Package pdftex.def Info: ./images//frames/frame-16.png  used on input line 221.
(pdftex.def)             Requested size: 662.47339pt x 679.53711pt.
 <./images//frames/frame-16.png> <a0,fr16>
<./images//frames/frame-17.png, id=2027, 662.475pt x 679.53876pt>
File: ./images//frames/frame-17.png Graphic file (type png)
<use ./images//frames/frame-17.png>
Package pdftex.def Info: ./images//frames/frame-17.png  used on input line 221.
(pdftex.def)             Requested size: 662.47339pt x 679.53711pt.
 <./images//frames/frame-17.png> <a0,fr17>
<./images//frames/frame-18.png, id=2036, 662.475pt x 679.53876pt>
File: ./images//frames/frame-18.png Graphic file (type png)
<use ./images//frames/frame-18.png>
Package pdftex.def Info: ./images//frames/frame-18.png  used on input line 221.
(pdftex.def)             Requested size: 662.47339pt x 679.53711pt.
 <./images//frames/frame-18.png> <a0,fr18>
<./images//frames/frame-19.png, id=2046, 662.475pt x 679.53876pt>
File: ./images//frames/frame-19.png Graphic file (type png)
<use ./images//frames/frame-19.png>
Package pdftex.def Info: ./images//frames/frame-19.png  used on input line 221.
(pdftex.def)             Requested size: 662.47339pt x 679.53711pt.
 <./images//frames/frame-19.png> <a0,fr19>
<./images//frames/frame-20.png, id=2055, 662.475pt x 679.53876pt>
File: ./images//frames/frame-20.png Graphic file (type png)
<use ./images//frames/frame-20.png>
Package pdftex.def Info: ./images//frames/frame-20.png  used on input line 221.
(pdftex.def)             Requested size: 662.47339pt x 679.53711pt.
 <./images//frames/frame-20.png> <a0,fr20>
<./images//frames/frame-21.png, id=2064, 662.475pt x 679.53876pt>
File: ./images//frames/frame-21.png Graphic file (type png)
<use ./images//frames/frame-21.png>
Package pdftex.def Info: ./images//frames/frame-21.png  used on input line 221.
(pdftex.def)             Requested size: 662.47339pt x 679.53711pt.
 <./images//frames/frame-21.png> <a0,fr21>
<./images//frames/frame-22.png, id=2073, 331.2375pt x 339.76938pt>
File: ./images//frames/frame-22.png Graphic file (type png)
<use ./images//frames/frame-22.png>
Package pdftex.def Info: ./images//frames/frame-22.png  used on input line 221.
(pdftex.def)             Requested size: 331.23668pt x 339.76854pt.
 <./images//frames/frame-22.png> <a0,fr22>
<./images//frames/frame-23.png, id=2083, 331.2375pt x 339.76938pt>
File: ./images//frames/frame-23.png Graphic file (type png)
<use ./images//frames/frame-23.png>
Package pdftex.def Info: ./images//frames/frame-23.png  used on input line 221.
(pdftex.def)             Requested size: 331.23668pt x 339.76854pt.
 <./images//frames/frame-23.png> <a0,fr23>
<./images//frames/frame-24.png, id=2092, 331.2375pt x 339.76938pt>
File: ./images//frames/frame-24.png Graphic file (type png)
<use ./images//frames/frame-24.png>
Package pdftex.def Info: ./images//frames/frame-24.png  used on input line 221.
(pdftex.def)             Requested size: 331.23668pt x 339.76854pt.
 <./images//frames/frame-24.png> <a0,fr24>
<./images//frames/frame-25.png, id=2101, 331.2375pt x 339.76938pt>
File: ./images//frames/frame-25.png Graphic file (type png)
<use ./images//frames/frame-25.png>
Package pdftex.def Info: ./images//frames/frame-25.png  used on input line 221.
(pdftex.def)             Requested size: 331.23668pt x 339.76854pt.
 <./images//frames/frame-25.png> <a0,fr25>
<./images//frames/frame-26.png, id=2110, 331.2375pt x 339.76938pt>
File: ./images//frames/frame-26.png Graphic file (type png)
<use ./images//frames/frame-26.png>
Package pdftex.def Info: ./images//frames/frame-26.png  used on input line 221.
(pdftex.def)             Requested size: 331.23668pt x 339.76854pt.
 <./images//frames/frame-26.png> <a0,fr26>
<./images//frames/frame-27.png, id=2119, 331.2375pt x 339.76938pt>
File: ./images//frames/frame-27.png Graphic file (type png)
<use ./images//frames/frame-27.png>
Package pdftex.def Info: ./images//frames/frame-27.png  used on input line 221.
(pdftex.def)             Requested size: 331.23668pt x 339.76854pt.
 <./images//frames/frame-27.png> <a0,fr27>
<./images//frames/frame-28.png, id=2128, 331.2375pt x 339.76938pt>
File: ./images//frames/frame-28.png Graphic file (type png)
<use ./images//frames/frame-28.png>
Package pdftex.def Info: ./images//frames/frame-28.png  used on input line 221.
(pdftex.def)             Requested size: 331.23668pt x 339.76854pt.
 <./images//frames/frame-28.png> <a0,fr28>
<./images//frames/frame-29.png, id=2137, 331.2375pt x 339.76938pt>
File: ./images//frames/frame-29.png Graphic file (type png)
<use ./images//frames/frame-29.png>
Package pdftex.def Info: ./images//frames/frame-29.png  used on input line 221.
(pdftex.def)             Requested size: 331.23668pt x 339.76854pt.
 <./images//frames/frame-29.png> <a0,fr29>
<./images//frames/frame-30.png, id=2146, 331.2375pt x 339.76938pt>
File: ./images//frames/frame-30.png Graphic file (type png)
<use ./images//frames/frame-30.png>
Package pdftex.def Info: ./images//frames/frame-30.png  used on input line 221.
(pdftex.def)             Requested size: 331.23668pt x 339.76854pt.
 <./images//frames/frame-30.png> <a0,fr30>
<./images//frames/frame-31.png, id=2155, 331.2375pt x 339.76938pt>
File: ./images//frames/frame-31.png Graphic file (type png)
<use ./images//frames/frame-31.png>
Package pdftex.def Info: ./images//frames/frame-31.png  used on input line 221.
(pdftex.def)             Requested size: 331.23668pt x 339.76854pt.
 <./images//frames/frame-31.png> <a0,fr31>
<./images//frames/frame-32.png, id=2164, 331.2375pt x 339.76938pt>
File: ./images//frames/frame-32.png Graphic file (type png)
<use ./images//frames/frame-32.png>
Package pdftex.def Info: ./images//frames/frame-32.png  used on input line 221.
(pdftex.def)             Requested size: 331.23668pt x 339.76854pt.
 <./images//frames/frame-32.png> <a0,fr32>
<./images//frames/frame-33.png, id=2173, 331.2375pt x 339.76938pt>
File: ./images//frames/frame-33.png Graphic file (type png)
<use ./images//frames/frame-33.png>
Package pdftex.def Info: ./images//frames/frame-33.png  used on input line 221.
(pdftex.def)             Requested size: 331.23668pt x 339.76854pt.
 <./images//frames/frame-33.png> <a0,fr33>
<./images//frames/frame-34.png, id=2182, 331.2375pt x 339.76938pt>
File: ./images//frames/frame-34.png Graphic file (type png)
<use ./images//frames/frame-34.png>
Package pdftex.def Info: ./images//frames/frame-34.png  used on input line 221.
(pdftex.def)             Requested size: 331.23668pt x 339.76854pt.
 <./images//frames/frame-34.png> <a0,fr34>
<./images//frames/frame-35.png, id=2191, 331.2375pt x 339.76938pt>
File: ./images//frames/frame-35.png Graphic file (type png)
<use ./images//frames/frame-35.png>
Package pdftex.def Info: ./images//frames/frame-35.png  used on input line 221.
(pdftex.def)             Requested size: 331.23668pt x 339.76854pt.
 <./images//frames/frame-35.png> <a0,fr35>
<./images//frames/frame-36.png, id=2200, 331.2375pt x 339.76938pt>
File: ./images//frames/frame-36.png Graphic file (type png)
<use ./images//frames/frame-36.png>
Package pdftex.def Info: ./images//frames/frame-36.png  used on input line 221.
(pdftex.def)             Requested size: 331.23668pt x 339.76854pt.
 <./images//frames/frame-36.png> <a0,fr36>
<./images//frames/frame-37.png, id=2209, 331.2375pt x 339.76938pt>
File: ./images//frames/frame-37.png Graphic file (type png)
<use ./images//frames/frame-37.png>
Package pdftex.def Info: ./images//frames/frame-37.png  used on input line 221.
(pdftex.def)             Requested size: 331.23668pt x 339.76854pt.
 <./images//frames/frame-37.png> <a0,fr37>
<./images//frames/frame-38.png, id=2218, 331.2375pt x 339.76938pt>
File: ./images//frames/frame-38.png Graphic file (type png)
<use ./images//frames/frame-38.png>
Package pdftex.def Info: ./images//frames/frame-38.png  used on input line 221.
(pdftex.def)             Requested size: 331.23668pt x 339.76854pt.
 <./images//frames/frame-38.png> <a0,fr38>
<./images//frames/frame-39.png, id=2227, 331.2375pt x 339.76938pt>
File: ./images//frames/frame-39.png Graphic file (type png)
<use ./images//frames/frame-39.png>
Package pdftex.def Info: ./images//frames/frame-39.png  used on input line 221.
(pdftex.def)             Requested size: 331.23668pt x 339.76854pt.
 <./images//frames/frame-39.png> <a0,fr39>
<./images//frames/frame-40.png, id=2236, 331.2375pt x 339.76938pt>
File: ./images//frames/frame-40.png Graphic file (type png)
<use ./images//frames/frame-40.png>
Package pdftex.def Info: ./images//frames/frame-40.png  used on input line 221.
(pdftex.def)             Requested size: 331.23668pt x 339.76854pt.
 <./images//frames/frame-40.png> <a0,fr40>
<./images//frames/frame-41.png, id=2245, 331.2375pt x 339.76938pt>
File: ./images//frames/frame-41.png Graphic file (type png)
<use ./images//frames/frame-41.png>
Package pdftex.def Info: ./images//frames/frame-41.png  used on input line 221.
(pdftex.def)             Requested size: 331.23668pt x 339.76854pt.
 <./images//frames/frame-41.png> <a0,fr41>
<./images//frames/frame-42.png, id=2254, 331.2375pt x 339.76938pt>
File: ./images//frames/frame-42.png Graphic file (type png)
<use ./images//frames/frame-42.png>
Package pdftex.def Info: ./images//frames/frame-42.png  used on input line 221.
(pdftex.def)             Requested size: 331.23668pt x 339.76854pt.
 <./images//frames/frame-42.png> <a0,fr42>
<./images//frames/frame-43.png, id=2263, 331.2375pt x 339.76938pt>
File: ./images//frames/frame-43.png Graphic file (type png)
<use ./images//frames/frame-43.png>
Package pdftex.def Info: ./images//frames/frame-43.png  used on input line 221.
(pdftex.def)             Requested size: 331.23668pt x 339.76854pt.
 <./images//frames/frame-43.png> <a0,fr43>
<./images//frames/frame-44.png, id=2272, 331.2375pt x 339.76938pt>
File: ./images//frames/frame-44.png Graphic file (type png)
<use ./images//frames/frame-44.png>
Package pdftex.def Info: ./images//frames/frame-44.png  used on input line 221.
(pdftex.def)             Requested size: 331.23668pt x 339.76854pt.
 <./images//frames/frame-44.png> <a0,fr44>
<./images//frames/frame-45.png, id=2281, 331.2375pt x 339.76938pt>
File: ./images//frames/frame-45.png Graphic file (type png)
<use ./images//frames/frame-45.png>
Package pdftex.def Info: ./images//frames/frame-45.png  used on input line 221.
(pdftex.def)             Requested size: 331.23668pt x 339.76854pt.
 <./images//frames/frame-45.png> <a0,fr45>
<./images//frames/frame-46.png, id=2290, 331.2375pt x 339.76938pt>
File: ./images//frames/frame-46.png Graphic file (type png)
<use ./images//frames/frame-46.png>
Package pdftex.def Info: ./images//frames/frame-46.png  used on input line 221.
(pdftex.def)             Requested size: 331.23668pt x 339.76854pt.
 <./images//frames/frame-46.png> <a0,fr46>
<./images//frames/frame-47.png, id=2299, 331.2375pt x 339.76938pt>
File: ./images//frames/frame-47.png Graphic file (type png)
<use ./images//frames/frame-47.png>
Package pdftex.def Info: ./images//frames/frame-47.png  used on input line 221.
(pdftex.def)             Requested size: 331.23668pt x 339.76854pt.
 <./images//frames/frame-47.png> <a0,fr47>
<./images//frames/frame-48.png, id=2308, 331.2375pt x 339.76938pt>
File: ./images//frames/frame-48.png Graphic file (type png)
<use ./images//frames/frame-48.png>
Package pdftex.def Info: ./images//frames/frame-48.png  used on input line 221.
(pdftex.def)             Requested size: 331.23668pt x 339.76854pt.
 <./images//frames/frame-48.png> <a0,fr48>
<./images//frames/frame-49.png, id=2317, 331.2375pt x 339.76938pt>
File: ./images//frames/frame-49.png Graphic file (type png)
<use ./images//frames/frame-49.png>
Package pdftex.def Info: ./images//frames/frame-49.png  used on input line 221.
(pdftex.def)             Requested size: 331.23668pt x 339.76854pt.
 <./images//frames/frame-49.png> <a0,fr49>
<./images//frames/frame-50.png, id=2326, 331.2375pt x 339.76938pt>
File: ./images//frames/frame-50.png Graphic file (type png)
<use ./images//frames/frame-50.png>
Package pdftex.def Info: ./images//frames/frame-50.png  used on input line 221.
(pdftex.def)             Requested size: 331.23668pt x 339.76854pt.
 <./images//frames/frame-50.png> <a0,fr50>
<./images//frames/frame-51.png, id=2335, 331.2375pt x 339.76938pt>
File: ./images//frames/frame-51.png Graphic file (type png)
<use ./images//frames/frame-51.png>
Package pdftex.def Info: ./images//frames/frame-51.png  used on input line 221.
(pdftex.def)             Requested size: 331.23668pt x 339.76854pt.
 <./images//frames/frame-51.png> <a0,fr51>
<./images//frames/frame-52.png, id=2345, 331.2375pt x 339.76938pt>
File: ./images//frames/frame-52.png Graphic file (type png)
<use ./images//frames/frame-52.png>
Package pdftex.def Info: ./images//frames/frame-52.png  used on input line 221.
(pdftex.def)             Requested size: 331.23668pt x 339.76854pt.
 <./images//frames/frame-52.png> <a0,fr52>
<./images//frames/frame-53.png, id=2354, 331.2375pt x 339.76938pt>
File: ./images//frames/frame-53.png Graphic file (type png)
<use ./images//frames/frame-53.png>
Package pdftex.def Info: ./images//frames/frame-53.png  used on input line 221.
(pdftex.def)             Requested size: 331.23668pt x 339.76854pt.
 <./images//frames/frame-53.png> <a0,fr53>
<./images//frames/frame-54.png, id=2363, 331.2375pt x 339.76938pt>
File: ./images//frames/frame-54.png Graphic file (type png)
<use ./images//frames/frame-54.png>
Package pdftex.def Info: ./images//frames/frame-54.png  used on input line 221.
(pdftex.def)             Requested size: 331.23668pt x 339.76854pt.
 <./images//frames/frame-54.png> <a0,fr54>
<./images//frames/frame-55.png, id=2372, 331.2375pt x 339.76938pt>
File: ./images//frames/frame-55.png Graphic file (type png)
<use ./images//frames/frame-55.png>
Package pdftex.def Info: ./images//frames/frame-55.png  used on input line 221.
(pdftex.def)             Requested size: 331.23668pt x 339.76854pt.
 <./images//frames/frame-55.png> <a0,fr55>
<./images//frames/frame-56.png, id=2381, 662.475pt x 679.53876pt>
File: ./images//frames/frame-56.png Graphic file (type png)
<use ./images//frames/frame-56.png>
Package pdftex.def Info: ./images//frames/frame-56.png  used on input line 221.
(pdftex.def)             Requested size: 662.47339pt x 679.53711pt.
 <./images//frames/frame-56.png> <a0,fr56> [68

]
<./images//VD_diagram.PNG, id=2447, 390.96063pt x 346.79562pt>
File: ./images//VD_diagram.PNG Graphic file (type png)
<use ./images//VD_diagram.PNG>
Package pdftex.def Info: ./images//VD_diagram.PNG  used on input line 255.
(pdftex.def)             Requested size: 78.19073pt x 69.3579pt.
<./images//redblacktree.png, id=2448, 575.32588pt x 401.02765pt>
File: ./images//redblacktree.png Graphic file (type png)
<use ./images//redblacktree.png>
Package pdftex.def Info: ./images//redblacktree.png  used on input line 255.
(pdftex.def)             Requested size: 86.29515pt x 60.15155pt.
 [69

 <./images//VD_diagram.PNG> <./images//redblacktree.png>]
File: ./images//VD_diagram.PNG Graphic file (type png)
<use ./images//VD_diagram.PNG>
Package pdftex.def Info: ./images//VD_diagram.PNG  used on input line 255.
(pdftex.def)             Requested size: 78.19073pt x 69.3579pt.
File: ./images//redblacktree.png Graphic file (type png)
<use ./images//redblacktree.png>
Package pdftex.def Info: ./images//redblacktree.png  used on input line 255.
(pdftex.def)             Requested size: 86.29515pt x 60.15155pt.
 [70

]
File: ./images//VD_diagram.PNG Graphic file (type png)
<use ./images//VD_diagram.PNG>
Package pdftex.def Info: ./images//VD_diagram.PNG  used on input line 255.
(pdftex.def)             Requested size: 78.19073pt x 69.3579pt.
File: ./images//redblacktree.png Graphic file (type png)
<use ./images//redblacktree.png>
Package pdftex.def Info: ./images//redblacktree.png  used on input line 255.
(pdftex.def)             Requested size: 86.29515pt x 60.15155pt.
 [71

]
File: ./images//VD_diagram.PNG Graphic file (type png)
<use ./images//VD_diagram.PNG>
Package pdftex.def Info: ./images//VD_diagram.PNG  used on input line 255.
(pdftex.def)             Requested size: 78.19073pt x 69.3579pt.
File: ./images//redblacktree.png Graphic file (type png)
<use ./images//redblacktree.png>
Package pdftex.def Info: ./images//redblacktree.png  used on input line 255.
(pdftex.def)             Requested size: 86.29515pt x 60.15155pt.
 [72

]
File: ./images//VD_diagram.PNG Graphic file (type png)
<use ./images//VD_diagram.PNG>
Package pdftex.def Info: ./images//VD_diagram.PNG  used on input line 255.
(pdftex.def)             Requested size: 78.19073pt x 69.3579pt.
File: ./images//redblacktree.png Graphic file (type png)
<use ./images//redblacktree.png>
Package pdftex.def Info: ./images//redblacktree.png  used on input line 255.
(pdftex.def)             Requested size: 86.29515pt x 60.15155pt.
 [73

]
File: ./images//VD_diagram.PNG Graphic file (type png)
<use ./images//VD_diagram.PNG>
Package pdftex.def Info: ./images//VD_diagram.PNG  used on input line 255.
(pdftex.def)             Requested size: 78.19073pt x 69.3579pt.
File: ./images//redblacktree.png Graphic file (type png)
<use ./images//redblacktree.png>
Package pdftex.def Info: ./images//redblacktree.png  used on input line 255.
(pdftex.def)             Requested size: 86.29515pt x 60.15155pt.
 [74

]
File: ./images//VD_diagram.PNG Graphic file (type png)
<use ./images//VD_diagram.PNG>
Package pdftex.def Info: ./images//VD_diagram.PNG  used on input line 255.
(pdftex.def)             Requested size: 78.19073pt x 69.3579pt.
File: ./images//redblacktree.png Graphic file (type png)
<use ./images//redblacktree.png>
Package pdftex.def Info: ./images//redblacktree.png  used on input line 255.
(pdftex.def)             Requested size: 86.29515pt x 60.15155pt.
 [75

]
File: ./images//VD_diagram.PNG Graphic file (type png)
<use ./images//VD_diagram.PNG>
Package pdftex.def Info: ./images//VD_diagram.PNG  used on input line 255.
(pdftex.def)             Requested size: 78.19073pt x 69.3579pt.
File: ./images//redblacktree.png Graphic file (type png)
<use ./images//redblacktree.png>
Package pdftex.def Info: ./images//redblacktree.png  used on input line 255.
(pdftex.def)             Requested size: 86.29515pt x 60.15155pt.
 [76

]
File: ./images//VD_diagram.PNG Graphic file (type png)
<use ./images//VD_diagram.PNG>
Package pdftex.def Info: ./images//VD_diagram.PNG  used on input line 255.
(pdftex.def)             Requested size: 78.19073pt x 69.3579pt.
File: ./images//redblacktree.png Graphic file (type png)
<use ./images//redblacktree.png>
Package pdftex.def Info: ./images//redblacktree.png  used on input line 255.
(pdftex.def)             Requested size: 86.29515pt x 60.15155pt.
 [77

]
File: ./images//VD_diagram.PNG Graphic file (type png)
<use ./images//VD_diagram.PNG>
Package pdftex.def Info: ./images//VD_diagram.PNG  used on input line 255.
(pdftex.def)             Requested size: 78.19073pt x 69.3579pt.
File: ./images//redblacktree.png Graphic file (type png)
<use ./images//redblacktree.png>
Package pdftex.def Info: ./images//redblacktree.png  used on input line 255.
(pdftex.def)             Requested size: 86.29515pt x 60.15155pt.
 [78

] [79

]
Overfull \vbox (17.90524pt too high) detected at line 299
 []

[80

] [81

] [82

] [83

] [84

] [85

] [86

] [87

] [88

] [89

] [90

]
Overfull \vbox (15.77608pt too high) detected at line 341
 []

[91

]
<./images//siscone.PNG, id=3082, 766.865pt x 169.63374pt>
File: ./images//siscone.PNG Graphic file (type png)
<use ./images//siscone.PNG>
Package pdftex.def Info: ./images//siscone.PNG  used on input line 355.
(pdftex.def)             Requested size: 207.05632pt x 45.80171pt.
 [92

 <./images//siscone.PNG>]
File: ./images//siscone.PNG Graphic file (type png)
<use ./images//siscone.PNG>
Package pdftex.def Info: ./images//siscone.PNG  used on input line 355.
(pdftex.def)             Requested size: 207.05632pt x 45.80171pt.
 [93

]
File: ./images//siscone.PNG Graphic file (type png)
<use ./images//siscone.PNG>
Package pdftex.def Info: ./images//siscone.PNG  used on input line 355.
(pdftex.def)             Requested size: 207.05632pt x 45.80171pt.
 [94

]
File: ./images//siscone.PNG Graphic file (type png)
<use ./images//siscone.PNG>
Package pdftex.def Info: ./images//siscone.PNG  used on input line 355.
(pdftex.def)             Requested size: 207.05632pt x 45.80171pt.
 [95

] [96

] [97

] [98

] [99

] [100

] [101

] [102

] [103

] [104

 <d:/Programs/texlive/2021/texmf-dist/tex/latex/beamer/beamericonarticle.pdf>]
\tf@nav=\write6
\openout6 = `Jet_Alg_Complexity.nav'.

\tf@toc=\write7
\openout7 = `Jet_Alg_Complexity.toc'.

\tf@snm=\write8
\openout8 = `Jet_Alg_Complexity.snm'.

 (./Jet_Alg_Complexity.aux)
Package rerunfilecheck Info: File `Jet_Alg_Complexity.out' has not changed.
(rerunfilecheck)             Checksum: D41D8CD98F00B204E9800998ECF8427E;0.
 ) 
Here is how much of TeX's memory you used:
 27597 strings out of 478286
 541264 string characters out of 5846229
 786950 words of memory out of 5000000
 44955 multiletter control sequences out of 15000+600000
 485543 words of font info for 90 fonts, out of 8000000 for 9000
 1141 hyphenation exceptions out of 8191
 128i,15n,122p,487b,863s stack positions out of 5000i,500n,10000p,200000b,80000s
<d:/Programs/texlive/2021/texmf-dist/fonts/type1/public/amsfonts/cm/cmmi10.pfb><d:/Programs/texlive/2021/texmf-dist/fonts/type1/public/amsfonts/cm/cmmi7.pfb><d:/Programs/texlive/2021/texmf-dist/fonts/type1/public/amsfonts/cm/cmmi8.pfb><d:/Programs/texlive/2021/texmf-dist/fonts/type1/public/amsfonts/cm/cmss10.pfb><d:/Programs/texlive/2021/texmf-dist/fonts/type1/public/amsfonts/cm/cmss12.pfb><d:/Programs/texlive/2021/texmf-dist/fonts/type1/public/amsfonts/cm/cmss8.pfb><d:/Programs/texlive/2021/texmf-dist/fonts/type1/public/amsfonts/cm/cmss9.pfb><d:/Programs/texlive/2021/texmf-dist/fonts/type1/public/amsfonts/cm/cmssbx10.pfb><d:/Programs/texlive/2021/texmf-dist/fonts/type1/public/amsfonts/cm/cmssi10.pfb><d:/Programs/texlive/2021/texmf-dist/fonts/type1/public/amsfonts/cm/cmssi12.pfb><d:/Programs/texlive/2021/texmf-dist/fonts/type1/public/amsfonts/cm/cmssi8.pfb><d:/Programs/texlive/2021/texmf-dist/fonts/type1/public/amsfonts/cm/cmssi9.pfb><d:/Programs/texlive/2021/texmf-dist/fonts/type1/public/amsfonts/cm/cmsy10.pfb><d:/Programs/texlive/2021/texmf-dist/fonts/type1/public/amsfonts/cm/cmsy7.pfb><d:/Programs/texlive/2021/texmf-dist/fonts/type1/public/amsfonts/cm/cmsy8.pfb><d:/Programs/texlive/2021/texmf-dist/fonts/type1/public/amsfonts/cm/cmsy9.pfb><d:/Programs/texlive/2021/texmf-dist/fonts/type1/public/amsfonts/cm/cmtt10.pfb><d:/Programs/texlive/2021/texmf-dist/fonts/type1/public/amsfonts/symbols/msam10.pfb>
Output written on Jet_Alg_Complexity.pdf (104 pages, 1200121 bytes).
PDF statistics:
 3575 PDF objects out of 3580 (max. 8388607)
 3085 compressed objects within 31 object streams
 213 named destinations out of 1000 (max. 500000)
 1441 words of extra memory for PDF output out of 10000 (max. 10000000)

