This is pdfTeX, Version 3.141592653-2.6-1.40.23 (TeX Live 2021/W32TeX) (preloaded format=pdflatex 2022.1.17)  20 FEB 2024 20:39
entering extended mode
 restricted \write18 enabled.
 file:line:error style messages enabled.
 %&-line parsing enabled.
**d:/Programming/GitHub/Physics-Homework/GR/Midterm/Answers/Midterm.tex
(d:/Programming/GitHub/Physics-Homework/GR/Midterm/Answers/Midterm.tex
LaTeX2e <2021-11-15> patch level 1
L3 programming layer <2022-01-12> (d:/Programs/texlive/2021/texmf-dist/tex/latex/base/article.cls
Document Class: article 2021/10/04 v1.4n Standard LaTeX document class
(d:/Programs/texlive/2021/texmf-dist/tex/latex/base/size12.clo
File: size12.clo 2021/10/04 v1.4n Standard LaTeX file (size option)
)
\c@part=\count185
\c@section=\count186
\c@subsection=\count187
\c@subsubsection=\count188
\c@paragraph=\count189
\c@subparagraph=\count190
\c@figure=\count191
\c@table=\count192
\abovecaptionskip=\skip47
\belowcaptionskip=\skip48
\bibindent=\dimen138
) (d:/Programs/texlive/2021/texmf-dist/tex/latex/geometry/geometry.sty
Package: geometry 2020/01/02 v5.9 Page Geometry
 (d:/Programs/texlive/2021/texmf-dist/tex/latex/graphics/keyval.sty
Package: keyval 2014/10/28 v1.15 key=value parser (DPC)
\KV@toks@=\toks16
) (d:/Programs/texlive/2021/texmf-dist/tex/generic/iftex/ifvtex.sty
Package: ifvtex 2019/10/25 v1.7 ifvtex legacy package. Use iftex instead.
 (d:/Programs/texlive/2021/texmf-dist/tex/generic/iftex/iftex.sty
Package: iftex 2020/03/06 v1.0d TeX engine tests
))
\Gm@cnth=\count193
\Gm@cntv=\count194
\c@Gm@tempcnt=\count195
\Gm@bindingoffset=\dimen139
\Gm@wd@mp=\dimen140
\Gm@odd@mp=\dimen141
\Gm@even@mp=\dimen142
\Gm@layoutwidth=\dimen143
\Gm@layoutheight=\dimen144
\Gm@layouthoffset=\dimen145
\Gm@layoutvoffset=\dimen146
\Gm@dimlist=\toks17
) (d:/Programs/texlive/2021/texmf-dist/tex/latex/amsmath/amsmath.sty
Package: amsmath 2021/10/15 v2.17l AMS math features
\@mathmargin=\skip49

For additional information on amsmath, use the `?' option.
(d:/Programs/texlive/2021/texmf-dist/tex/latex/amsmath/amstext.sty
Package: amstext 2021/08/26 v2.01 AMS text
 (d:/Programs/texlive/2021/texmf-dist/tex/latex/amsmath/amsgen.sty
File: amsgen.sty 1999/11/30 v2.0 generic functions
\@emptytoks=\toks18
\ex@=\dimen147
)) (d:/Programs/texlive/2021/texmf-dist/tex/latex/amsmath/amsbsy.sty
Package: amsbsy 1999/11/29 v1.2d Bold Symbols
\pmbraise@=\dimen148
) (d:/Programs/texlive/2021/texmf-dist/tex/latex/amsmath/amsopn.sty
Package: amsopn 2021/08/26 v2.02 operator names
)
\inf@bad=\count196
LaTeX Info: Redefining \frac on input line 234.
\uproot@=\count197
\leftroot@=\count198
LaTeX Info: Redefining \overline on input line 399.
\classnum@=\count199
\DOTSCASE@=\count266
LaTeX Info: Redefining \ldots on input line 496.
LaTeX Info: Redefining \dots on input line 499.
LaTeX Info: Redefining \cdots on input line 620.
\Mathstrutbox@=\box50
\strutbox@=\box51
\big@size=\dimen149
LaTeX Font Info:    Redeclaring font encoding OML on input line 743.
LaTeX Font Info:    Redeclaring font encoding OMS on input line 744.
\macc@depth=\count267
\c@MaxMatrixCols=\count268
\dotsspace@=\muskip16
\c@parentequation=\count269
\dspbrk@lvl=\count270
\tag@help=\toks19
\row@=\count271
\column@=\count272
\maxfields@=\count273
\andhelp@=\toks20
\eqnshift@=\dimen150
\alignsep@=\dimen151
\tagshift@=\dimen152
\tagwidth@=\dimen153
\totwidth@=\dimen154
\lineht@=\dimen155
\@envbody=\toks21
\multlinegap=\skip50
\multlinetaggap=\skip51
\mathdisplay@stack=\toks22
LaTeX Info: Redefining \[ on input line 2938.
LaTeX Info: Redefining \] on input line 2939.
) (d:/Programs/texlive/2021/texmf-dist/tex/latex/amscls/amsthm.sty
Package: amsthm 2020/05/29 v2.20.6
\thm@style=\toks23
\thm@bodyfont=\toks24
\thm@headfont=\toks25
\thm@notefont=\toks26
\thm@headpunct=\toks27
\thm@preskip=\skip52
\thm@postskip=\skip53
\thm@headsep=\skip54
\dth@everypar=\toks28
) (d:/Programs/texlive/2021/texmf-dist/tex/latex/amsfonts/amssymb.sty
Package: amssymb 2013/01/14 v3.01 AMS font symbols
 (d:/Programs/texlive/2021/texmf-dist/tex/latex/amsfonts/amsfonts.sty
Package: amsfonts 2013/01/14 v3.01 Basic AMSFonts support
\symAMSa=\mathgroup4
\symAMSb=\mathgroup5
LaTeX Font Info:    Redeclaring math symbol \hbar on input line 98.
LaTeX Font Info:    Overwriting math alphabet `\mathfrak' in version `bold'
(Font)                  U/euf/m/n --> U/euf/b/n on input line 106.
)) (d:/Programs/texlive/2021/texmf-dist/tex/latex/ncctools/nccmath.sty
Package: nccmath 2006/01/20 v1.3 Additional Math Commands (NCC)
\NCC@fracrulewidth=\dimen156
) (d:/Programs/texlive/2021/texmf-dist/tex/latex/mathtools/mathtools.sty
Package: mathtools 2021/04/12 v1.27 mathematical typesetting tools
 (d:/Programs/texlive/2021/texmf-dist/tex/latex/tools/calc.sty
Package: calc 2017/05/25 v4.3 Infix arithmetic (KKT,FJ)
\calc@Acount=\count274
\calc@Bcount=\count275
\calc@Adimen=\dimen157
\calc@Bdimen=\dimen158
\calc@Askip=\skip55
\calc@Bskip=\skip56
LaTeX Info: Redefining \setlength on input line 80.
LaTeX Info: Redefining \addtolength on input line 81.
\calc@Ccount=\count276
\calc@Cskip=\skip57
) (d:/Programs/texlive/2021/texmf-dist/tex/latex/mathtools/mhsetup.sty
Package: mhsetup 2021/03/18 v1.4 programming setup (MH)
)
LaTeX Info: Thecontrolsequence`\('isalreadyrobust on input line 130.
LaTeX Info: Thecontrolsequence`\)'isalreadyrobust on input line 130.
LaTeX Info: Thecontrolsequence`\['isalreadyrobust on input line 130.
LaTeX Info: Thecontrolsequence`\]'isalreadyrobust on input line 130.
\g_MT_multlinerow_int=\count277
\l_MT_multwidth_dim=\dimen159
\origjot=\skip58
\l_MT_shortvdotswithinadjustabove_dim=\dimen160
\l_MT_shortvdotswithinadjustbelow_dim=\dimen161
\l_MT_above_intertext_sep=\dimen162
\l_MT_below_intertext_sep=\dimen163
\l_MT_above_shortintertext_sep=\dimen164
\l_MT_below_shortintertext_sep=\dimen165
\xmathstrut@box=\box52
\xmathstrut@dim=\dimen166
) (d:/Programs/texlive/2021/texmf-dist/tex/latex/jknapltx/mathrsfs.sty
Package: mathrsfs 1996/01/01 Math RSFS package v1.0 (jk)
\symrsfs=\mathgroup6
) (d:/Programs/texlive/2021/texmf-dist/tex/latex/enumitem/enumitem.sty
Package: enumitem 2019/06/20 v3.9 Customized lists
\labelindent=\skip59
\enit@outerparindent=\dimen167
\enit@toks=\toks29
\enit@inbox=\box53
\enit@count@id=\count278
\enitdp@description=\count279
) (d:/Programs/texlive/2021/texmf-dist/tex/latex/physics/physics.sty
Package: physics 
 (d:/Programs/texlive/2021/texmf-dist/tex/latex/l3packages/xparse/xparse.sty (d:/Programs/texlive/2021/texmf-dist/tex/latex/l3kernel/expl3.sty
Package: expl3 2022-01-12 L3 programming layer (loader) 
 (d:/Programs/texlive/2021/texmf-dist/tex/latex/l3backend/l3backend-pdftex.def
File: l3backend-pdftex.def 2022-01-12 L3 backend support: PDF output (pdfTeX)
\l__color_backend_stack_int=\count280
\l__pdf_internal_box=\box54
))
Package: xparse 2022-01-12 L3 Experimental document command parser
)) (d:/Programs/texlive/2021/texmf-dist/tex/latex/tensor/tensor.sty
Package: tensor 2004/12/20 v2.1 tensor indices package (PGR)
\tnsr@Sps=\toks30
\tnsr@Sbs=\toks31
\tnsr@Spe=\toks32
\tnsr@Sbe=\toks33
\ncld@Mno=\toks34
) (d:/Programs/texlive/2021/texmf-dist/tex/latex/caption/subcaption.sty
Package: subcaption 2020/10/07 v1.3j Sub-captions (AR)
 (d:/Programs/texlive/2021/texmf-dist/tex/latex/caption/caption.sty
Package: caption 2020/10/26 v3.5g Customizing captions (AR)
 (d:/Programs/texlive/2021/texmf-dist/tex/latex/caption/caption3.sty
Package: caption3 2020/10/21 v2.2e caption3 kernel (AR)
\captionmargin=\dimen168
\captionmargin@=\dimen169
\captionwidth=\dimen170
\caption@tempdima=\dimen171
\caption@indent=\dimen172
\caption@parindent=\dimen173
\caption@hangindent=\dimen174
Package caption Info: Standard document class detected.
)
\c@caption@flags=\count281
\c@continuedfloat=\count282
)
\c@subfigure=\count283
\c@subtable=\count284
) (d:/Programs/texlive/2021/texmf-dist/tex/latex/pdfpages/pdfpages.sty
Package: pdfpages 2021/03/06 v0.5t Insert pages of external PDF documents (AM)
 (d:/Programs/texlive/2021/texmf-dist/tex/latex/base/ifthen.sty
Package: ifthen 2020/11/24 v1.1c Standard LaTeX ifthen package (DPC)
) (d:/Programs/texlive/2021/texmf-dist/tex/latex/eso-pic/eso-pic.sty
Package: eso-pic 2020/10/14 v3.0a eso-pic (RN)
\ESO@tempdima=\dimen175
\ESO@tempdimb=\dimen176
 (d:/Programs/texlive/2021/texmf-dist/tex/latex/xcolor/xcolor.sty
Package: xcolor 2021/10/31 v2.13 LaTeX color extensions (UK)
 (d:/Programs/texlive/2021/texmf-dist/tex/latex/graphics-cfg/color.cfg
File: color.cfg 2016/01/02 v1.6 sample color configuration
)
Package xcolor Info: Driver file: pdftex.def on input line 227.
 (d:/Programs/texlive/2021/texmf-dist/tex/latex/graphics-def/pdftex.def
File: pdftex.def 2020/10/05 v1.2a Graphics/color driver for pdftex
)
Package xcolor Info: Model `cmy' substituted by `cmy0' on input line 1352.
Package xcolor Info: Model `hsb' substituted by `rgb' on input line 1356.
Package xcolor Info: Model `RGB' extended on input line 1368.
Package xcolor Info: Model `HTML' substituted by `rgb' on input line 1370.
Package xcolor Info: Model `Hsb' substituted by `hsb' on input line 1371.
Package xcolor Info: Model `tHsb' substituted by `hsb' on input line 1372.
Package xcolor Info: Model `HSB' substituted by `hsb' on input line 1373.
Package xcolor Info: Model `Gray' substituted by `gray' on input line 1374.
Package xcolor Info: Model `wave' substituted by `hsb' on input line 1375.
)) (d:/Programs/texlive/2021/texmf-dist/tex/latex/graphics/graphicx.sty
Package: graphicx 2021/09/16 v1.2d Enhanced LaTeX Graphics (DPC,SPQR)
 (d:/Programs/texlive/2021/texmf-dist/tex/latex/graphics/graphics.sty
Package: graphics 2021/03/04 v1.4d Standard LaTeX Graphics (DPC,SPQR)
 (d:/Programs/texlive/2021/texmf-dist/tex/latex/graphics/trig.sty
Package: trig 2021/08/11 v1.11 sin cos tan (DPC)
) (d:/Programs/texlive/2021/texmf-dist/tex/latex/graphics-cfg/graphics.cfg
File: graphics.cfg 2016/06/04 v1.11 sample graphics configuration
)
Package graphics Info: Driver file: pdftex.def on input line 107.
)
\Gin@req@height=\dimen177
\Gin@req@width=\dimen178
)
\AM@pagewidth=\dimen179
\AM@pageheight=\dimen180
\AM@fboxrule=\dimen181
 (d:/Programs/texlive/2021/texmf-dist/tex/latex/pdfpages/pppdftex.def
File: pppdftex.def 2021/03/06 v0.5t Pdfpages driver for pdfTeX (AM)
)
\pdfpages@includegraphics@status=\count285
\AM@pagebox=\box55
\AM@global@opts=\toks35
\AM@pagecnt=\count286
\AM@toc@title=\toks36
\c@AM@survey=\count287
\AM@templatesizebox=\box56
) (d:/Programs/texlive/2021/texmf-dist/tex/latex/pgf/frontendlayer/tikz.sty (d:/Programs/texlive/2021/texmf-dist/tex/latex/pgf/basiclayer/pgf.sty (d:/Programs/texlive/2021/texmf-dist/tex/latex/pgf/utilities/pgfrcs.sty (d:/Programs/texlive/2021/texmf-dist/tex/generic/pgf/utilities/pgfutil-common.tex
\pgfutil@everybye=\toks37
\pgfutil@tempdima=\dimen182
\pgfutil@tempdimb=\dimen183
 (d:/Programs/texlive/2021/texmf-dist/tex/generic/pgf/utilities/pgfutil-common-lists.tex)) (d:/Programs/texlive/2021/texmf-dist/tex/generic/pgf/utilities/pgfutil-latex.def
\pgfutil@abb=\box57
) (d:/Programs/texlive/2021/texmf-dist/tex/generic/pgf/utilities/pgfrcs.code.tex (d:/Programs/texlive/2021/texmf-dist/tex/generic/pgf/pgf.revision.tex)
Package: pgfrcs 2021/05/15 v3.1.9a (3.1.9a)
))
Package: pgf 2021/05/15 v3.1.9a (3.1.9a)
 (d:/Programs/texlive/2021/texmf-dist/tex/latex/pgf/basiclayer/pgfcore.sty (d:/Programs/texlive/2021/texmf-dist/tex/latex/pgf/systemlayer/pgfsys.sty (d:/Programs/texlive/2021/texmf-dist/tex/generic/pgf/systemlayer/pgfsys.code.tex
Package: pgfsys 2021/05/15 v3.1.9a (3.1.9a)
 (d:/Programs/texlive/2021/texmf-dist/tex/generic/pgf/utilities/pgfkeys.code.tex
\pgfkeys@pathtoks=\toks38
\pgfkeys@temptoks=\toks39
 (d:/Programs/texlive/2021/texmf-dist/tex/generic/pgf/utilities/pgfkeysfiltered.code.tex
\pgfkeys@tmptoks=\toks40
))
\pgf@x=\dimen184
\pgf@y=\dimen185
\pgf@xa=\dimen186
\pgf@ya=\dimen187
\pgf@xb=\dimen188
\pgf@yb=\dimen189
\pgf@xc=\dimen190
\pgf@yc=\dimen191
\pgf@xd=\dimen192
\pgf@yd=\dimen193
\w@pgf@writea=\write3
\r@pgf@reada=\read2
\c@pgf@counta=\count288
\c@pgf@countb=\count289
\c@pgf@countc=\count290
\c@pgf@countd=\count291
\t@pgf@toka=\toks41
\t@pgf@tokb=\toks42
\t@pgf@tokc=\toks43
\pgf@sys@id@count=\count292
 (d:/Programs/texlive/2021/texmf-dist/tex/generic/pgf/systemlayer/pgf.cfg
File: pgf.cfg 2021/05/15 v3.1.9a (3.1.9a)
)
Driver file for pgf: pgfsys-pdftex.def
 (d:/Programs/texlive/2021/texmf-dist/tex/generic/pgf/systemlayer/pgfsys-pdftex.def
File: pgfsys-pdftex.def 2021/05/15 v3.1.9a (3.1.9a)
 (d:/Programs/texlive/2021/texmf-dist/tex/generic/pgf/systemlayer/pgfsys-common-pdf.def
File: pgfsys-common-pdf.def 2021/05/15 v3.1.9a (3.1.9a)
))) (d:/Programs/texlive/2021/texmf-dist/tex/generic/pgf/systemlayer/pgfsyssoftpath.code.tex
File: pgfsyssoftpath.code.tex 2021/05/15 v3.1.9a (3.1.9a)
\pgfsyssoftpath@smallbuffer@items=\count293
\pgfsyssoftpath@bigbuffer@items=\count294
) (d:/Programs/texlive/2021/texmf-dist/tex/generic/pgf/systemlayer/pgfsysprotocol.code.tex
File: pgfsysprotocol.code.tex 2021/05/15 v3.1.9a (3.1.9a)
)) (d:/Programs/texlive/2021/texmf-dist/tex/generic/pgf/basiclayer/pgfcore.code.tex
Package: pgfcore 2021/05/15 v3.1.9a (3.1.9a)
 (d:/Programs/texlive/2021/texmf-dist/tex/generic/pgf/math/pgfmath.code.tex (d:/Programs/texlive/2021/texmf-dist/tex/generic/pgf/math/pgfmathcalc.code.tex (d:/Programs/texlive/2021/texmf-dist/tex/generic/pgf/math/pgfmathutil.code.tex) (d:/Programs/texlive/2021/texmf-dist/tex/generic/pgf/math/pgfmathparser.code.tex
\pgfmath@dimen=\dimen194
\pgfmath@count=\count295
\pgfmath@box=\box58
\pgfmath@toks=\toks44
\pgfmath@stack@operand=\toks45
\pgfmath@stack@operation=\toks46
) (d:/Programs/texlive/2021/texmf-dist/tex/generic/pgf/math/pgfmathfunctions.code.tex (d:/Programs/texlive/2021/texmf-dist/tex/generic/pgf/math/pgfmathfunctions.basic.code.tex) (d:/Programs/texlive/2021/texmf-dist/tex/generic/pgf/math/pgfmathfunctions.trigonometric.code.tex) (d:/Programs/texlive/2021/texmf-dist/tex/generic/pgf/math/pgfmathfunctions.random.code.tex) (d:/Programs/texlive/2021/texmf-dist/tex/generic/pgf/math/pgfmathfunctions.comparison.code.tex) (d:/Programs/texlive/2021/texmf-dist/tex/generic/pgf/math/pgfmathfunctions.base.code.tex) (d:/Programs/texlive/2021/texmf-dist/tex/generic/pgf/math/pgfmathfunctions.round.code.tex) (d:/Programs/texlive/2021/texmf-dist/tex/generic/pgf/math/pgfmathfunctions.misc.code.tex) (d:/Programs/texlive/2021/texmf-dist/tex/generic/pgf/math/pgfmathfunctions.integerarithmetics.code.tex))) (d:/Programs/texlive/2021/texmf-dist/tex/generic/pgf/math/pgfmathfloat.code.tex
\c@pgfmathroundto@lastzeros=\count296
)) (d:/Programs/texlive/2021/texmf-dist/tex/generic/pgf/math/pgfint.code.tex) (d:/Programs/texlive/2021/texmf-dist/tex/generic/pgf/basiclayer/pgfcorepoints.code.tex
File: pgfcorepoints.code.tex 2021/05/15 v3.1.9a (3.1.9a)
\pgf@picminx=\dimen195
\pgf@picmaxx=\dimen196
\pgf@picminy=\dimen197
\pgf@picmaxy=\dimen198
\pgf@pathminx=\dimen199
\pgf@pathmaxx=\dimen256
\pgf@pathminy=\dimen257
\pgf@pathmaxy=\dimen258
\pgf@xx=\dimen259
\pgf@xy=\dimen260
\pgf@yx=\dimen261
\pgf@yy=\dimen262
\pgf@zx=\dimen263
\pgf@zy=\dimen264
) (d:/Programs/texlive/2021/texmf-dist/tex/generic/pgf/basiclayer/pgfcorepathconstruct.code.tex
File: pgfcorepathconstruct.code.tex 2021/05/15 v3.1.9a (3.1.9a)
\pgf@path@lastx=\dimen265
\pgf@path@lasty=\dimen266
) (d:/Programs/texlive/2021/texmf-dist/tex/generic/pgf/basiclayer/pgfcorepathusage.code.tex
File: pgfcorepathusage.code.tex 2021/05/15 v3.1.9a (3.1.9a)
\pgf@shorten@end@additional=\dimen267
\pgf@shorten@start@additional=\dimen268
) (d:/Programs/texlive/2021/texmf-dist/tex/generic/pgf/basiclayer/pgfcorescopes.code.tex
File: pgfcorescopes.code.tex 2021/05/15 v3.1.9a (3.1.9a)
\pgfpic=\box59
\pgf@hbox=\box60
\pgf@layerbox@main=\box61
\pgf@picture@serial@count=\count297
) (d:/Programs/texlive/2021/texmf-dist/tex/generic/pgf/basiclayer/pgfcoregraphicstate.code.tex
File: pgfcoregraphicstate.code.tex 2021/05/15 v3.1.9a (3.1.9a)
\pgflinewidth=\dimen269
) (d:/Programs/texlive/2021/texmf-dist/tex/generic/pgf/basiclayer/pgfcoretransformations.code.tex
File: pgfcoretransformations.code.tex 2021/05/15 v3.1.9a (3.1.9a)
\pgf@pt@x=\dimen270
\pgf@pt@y=\dimen271
\pgf@pt@temp=\dimen272
) (d:/Programs/texlive/2021/texmf-dist/tex/generic/pgf/basiclayer/pgfcorequick.code.tex
File: pgfcorequick.code.tex 2021/05/15 v3.1.9a (3.1.9a)
) (d:/Programs/texlive/2021/texmf-dist/tex/generic/pgf/basiclayer/pgfcoreobjects.code.tex
File: pgfcoreobjects.code.tex 2021/05/15 v3.1.9a (3.1.9a)
) (d:/Programs/texlive/2021/texmf-dist/tex/generic/pgf/basiclayer/pgfcorepathprocessing.code.tex
File: pgfcorepathprocessing.code.tex 2021/05/15 v3.1.9a (3.1.9a)
) (d:/Programs/texlive/2021/texmf-dist/tex/generic/pgf/basiclayer/pgfcorearrows.code.tex
File: pgfcorearrows.code.tex 2021/05/15 v3.1.9a (3.1.9a)
\pgfarrowsep=\dimen273
) (d:/Programs/texlive/2021/texmf-dist/tex/generic/pgf/basiclayer/pgfcoreshade.code.tex
File: pgfcoreshade.code.tex 2021/05/15 v3.1.9a (3.1.9a)
\pgf@max=\dimen274
\pgf@sys@shading@range@num=\count298
\pgf@shadingcount=\count299
) (d:/Programs/texlive/2021/texmf-dist/tex/generic/pgf/basiclayer/pgfcoreimage.code.tex
File: pgfcoreimage.code.tex 2021/05/15 v3.1.9a (3.1.9a)
 (d:/Programs/texlive/2021/texmf-dist/tex/generic/pgf/basiclayer/pgfcoreexternal.code.tex
File: pgfcoreexternal.code.tex 2021/05/15 v3.1.9a (3.1.9a)
\pgfexternal@startupbox=\box62
)) (d:/Programs/texlive/2021/texmf-dist/tex/generic/pgf/basiclayer/pgfcorelayers.code.tex
File: pgfcorelayers.code.tex 2021/05/15 v3.1.9a (3.1.9a)
) (d:/Programs/texlive/2021/texmf-dist/tex/generic/pgf/basiclayer/pgfcoretransparency.code.tex
File: pgfcoretransparency.code.tex 2021/05/15 v3.1.9a (3.1.9a)
) (d:/Programs/texlive/2021/texmf-dist/tex/generic/pgf/basiclayer/pgfcorepatterns.code.tex
File: pgfcorepatterns.code.tex 2021/05/15 v3.1.9a (3.1.9a)
) (d:/Programs/texlive/2021/texmf-dist/tex/generic/pgf/basiclayer/pgfcorerdf.code.tex
File: pgfcorerdf.code.tex 2021/05/15 v3.1.9a (3.1.9a)
))) (d:/Programs/texlive/2021/texmf-dist/tex/generic/pgf/modules/pgfmoduleshapes.code.tex
File: pgfmoduleshapes.code.tex 2021/05/15 v3.1.9a (3.1.9a)
\pgfnodeparttextbox=\box63
) (d:/Programs/texlive/2021/texmf-dist/tex/generic/pgf/modules/pgfmoduleplot.code.tex
File: pgfmoduleplot.code.tex 2021/05/15 v3.1.9a (3.1.9a)
) (d:/Programs/texlive/2021/texmf-dist/tex/latex/pgf/compatibility/pgfcomp-version-0-65.sty
Package: pgfcomp-version-0-65 2021/05/15 v3.1.9a (3.1.9a)
\pgf@nodesepstart=\dimen275
\pgf@nodesepend=\dimen276
) (d:/Programs/texlive/2021/texmf-dist/tex/latex/pgf/compatibility/pgfcomp-version-1-18.sty
Package: pgfcomp-version-1-18 2021/05/15 v3.1.9a (3.1.9a)
)) (d:/Programs/texlive/2021/texmf-dist/tex/latex/pgf/utilities/pgffor.sty (d:/Programs/texlive/2021/texmf-dist/tex/latex/pgf/utilities/pgfkeys.sty (d:/Programs/texlive/2021/texmf-dist/tex/generic/pgf/utilities/pgfkeys.code.tex)) (d:/Programs/texlive/2021/texmf-dist/tex/latex/pgf/math/pgfmath.sty (d:/Programs/texlive/2021/texmf-dist/tex/generic/pgf/math/pgfmath.code.tex)) (d:/Programs/texlive/2021/texmf-dist/tex/generic/pgf/utilities/pgffor.code.tex
Package: pgffor 2021/05/15 v3.1.9a (3.1.9a)
 (d:/Programs/texlive/2021/texmf-dist/tex/generic/pgf/math/pgfmath.code.tex)
\pgffor@iter=\dimen277
\pgffor@skip=\dimen278
\pgffor@stack=\toks47
\pgffor@toks=\toks48
)) (d:/Programs/texlive/2021/texmf-dist/tex/generic/pgf/frontendlayer/tikz/tikz.code.tex
Package: tikz 2021/05/15 v3.1.9a (3.1.9a)
 (d:/Programs/texlive/2021/texmf-dist/tex/generic/pgf/libraries/pgflibraryplothandlers.code.tex
File: pgflibraryplothandlers.code.tex 2021/05/15 v3.1.9a (3.1.9a)
\pgf@plot@mark@count=\count300
\pgfplotmarksize=\dimen279
)
\tikz@lastx=\dimen280
\tikz@lasty=\dimen281
\tikz@lastxsaved=\dimen282
\tikz@lastysaved=\dimen283
\tikz@lastmovetox=\dimen284
\tikz@lastmovetoy=\dimen285
\tikzleveldistance=\dimen286
\tikzsiblingdistance=\dimen287
\tikz@figbox=\box64
\tikz@figbox@bg=\box65
\tikz@tempbox=\box66
\tikz@tempbox@bg=\box67
\tikztreelevel=\count301
\tikznumberofchildren=\count302
\tikznumberofcurrentchild=\count303
\tikz@fig@count=\count304
 (d:/Programs/texlive/2021/texmf-dist/tex/generic/pgf/modules/pgfmodulematrix.code.tex
File: pgfmodulematrix.code.tex 2021/05/15 v3.1.9a (3.1.9a)
\pgfmatrixcurrentrow=\count305
\pgfmatrixcurrentcolumn=\count306
\pgf@matrix@numberofcolumns=\count307
)
\tikz@expandcount=\count308
 (d:/Programs/texlive/2021/texmf-dist/tex/generic/pgf/frontendlayer/tikz/libraries/tikzlibrarytopaths.code.tex
File: tikzlibrarytopaths.code.tex 2021/05/15 v3.1.9a (3.1.9a)
))) (d:/Programs/texlive/2021/texmf-dist/tex/generic/pgf/frontendlayer/tikz/libraries/tikzlibrarycalc.code.tex
File: tikzlibrarycalc.code.tex 2021/05/15 v3.1.9a (3.1.9a)
) (d:/Programs/texlive/2021/texmf-dist/tex/generic/pgf/frontendlayer/tikz/libraries/tikzlibrarydecorations.markings.code.tex (d:/Programs/texlive/2021/texmf-dist/tex/generic/pgf/frontendlayer/tikz/libraries/tikzlibrarydecorations.code.tex (d:/Programs/texlive/2021/texmf-dist/tex/generic/pgf/modules/pgfmoduledecorations.code.tex
\pgfdecoratedcompleteddistance=\dimen288
\pgfdecoratedremainingdistance=\dimen289
\pgfdecoratedinputsegmentcompleteddistance=\dimen290
\pgfdecoratedinputsegmentremainingdistance=\dimen291
\pgf@decorate@distancetomove=\dimen292
\pgf@decorate@repeatstate=\count309
\pgfdecorationsegmentamplitude=\dimen293
\pgfdecorationsegmentlength=\dimen294
)
\tikz@lib@dec@box=\box68
) (d:/Programs/texlive/2021/texmf-dist/tex/generic/pgf/libraries/decorations/pgflibrarydecorations.markings.code.tex)) (d:/Programs/texlive/2021/texmf-dist/tex/generic/pgf/frontendlayer/tikz/libraries/tikzlibrarypatterns.code.tex
File: tikzlibrarypatterns.code.tex 2021/05/15 v3.1.9a (3.1.9a)
 (d:/Programs/texlive/2021/texmf-dist/tex/generic/pgf/libraries/pgflibrarypatterns.code.tex
File: pgflibrarypatterns.code.tex 2021/05/15 v3.1.9a (3.1.9a)
)) (./Midterm.aux)
\openout1 = `Midterm.aux'.

LaTeX Font Info:    Checking defaults for OML/cmm/m/it on input line 21.
LaTeX Font Info:    ... okay on input line 21.
LaTeX Font Info:    Checking defaults for OMS/cmsy/m/n on input line 21.
LaTeX Font Info:    ... okay on input line 21.
LaTeX Font Info:    Checking defaults for OT1/cmr/m/n on input line 21.
LaTeX Font Info:    ... okay on input line 21.
LaTeX Font Info:    Checking defaults for T1/cmr/m/n on input line 21.
LaTeX Font Info:    ... okay on input line 21.
LaTeX Font Info:    Checking defaults for TS1/cmr/m/n on input line 21.
LaTeX Font Info:    ... okay on input line 21.
LaTeX Font Info:    Checking defaults for OMX/cmex/m/n on input line 21.
LaTeX Font Info:    ... okay on input line 21.
LaTeX Font Info:    Checking defaults for U/cmr/m/n on input line 21.
LaTeX Font Info:    ... okay on input line 21.

*geometry* driver: auto-detecting
*geometry* detected driver: pdftex
*geometry* verbose mode - [ preamble ] result:
* driver: pdftex
* paper: <default>
* layout: <same size as paper>
* layoutoffset:(h,v)=(0.0pt,0.0pt)
* modes: 
* h-part:(L,W,R)=(72.26999pt, 469.75502pt, 72.26999pt)
* v-part:(T,H,B)=(72.26999pt, 650.43001pt, 72.26999pt)
* \paperwidth=614.295pt
* \paperheight=794.96999pt
* \textwidth=469.75502pt
* \textheight=650.43001pt
* \oddsidemargin=0.0pt
* \evensidemargin=0.0pt
* \topmargin=-37.0pt
* \headheight=12.0pt
* \headsep=25.0pt
* \topskip=12.0pt
* \footskip=30.0pt
* \marginparwidth=44.0pt
* \marginparsep=10.0pt
* \columnsep=10.0pt
* \skip\footins=10.8pt plus 4.0pt minus 2.0pt
* \hoffset=0.0pt
* \voffset=0.0pt
* \mag=1000
* \@twocolumnfalse
* \@twosidefalse
* \@mparswitchfalse
* \@reversemarginfalse
* (1in=72.27pt=25.4mm, 1cm=28.453pt)

Package caption Info: Begin \AtBeginDocument code.
Package caption Info: End \AtBeginDocument code.
(d:/Programs/texlive/2021/texmf-dist/tex/context/base/mkii/supp-pdf.mkii
[Loading MPS to PDF converter (version 2006.09.02).]
\scratchcounter=\count310
\scratchdimen=\dimen295
\scratchbox=\box69
\nofMPsegments=\count311
\nofMParguments=\count312
\everyMPshowfont=\toks49
\MPscratchCnt=\count313
\MPscratchDim=\dimen296
\MPnumerator=\count314
\makeMPintoPDFobject=\count315
\everyMPtoPDFconversion=\toks50
) (d:/Programs/texlive/2021/texmf-dist/tex/latex/epstopdf-pkg/epstopdf-base.sty
Package: epstopdf-base 2020-01-24 v2.11 Base part for package epstopdf
Package epstopdf-base Info: Redefining graphics rule for `.eps' on input line 485.
 (d:/Programs/texlive/2021/texmf-dist/tex/latex/latexconfig/epstopdf-sys.cfg
File: epstopdf-sys.cfg 2010/07/13 v1.3 Configuration of (r)epstopdf for TeX Live
)) (d:/Programs/texlive/2021/texmf-dist/tex/latex/pdflscape/pdflscape.sty
Package: pdflscape 2019/12/05 v0.12 Display of landscape pages in PDF (HO)
 (d:/Programs/texlive/2021/texmf-dist/tex/latex/graphics/lscape.sty
Package: lscape 2020/05/28 v3.02 Landscape Pages (DPC)
)
Package pdflscape Info: Auto-detected driver: pdftex on input line 81.
)
LaTeX Font Info:    Trying to load font information for U+msa on input line 25.
 (d:/Programs/texlive/2021/texmf-dist/tex/latex/amsfonts/umsa.fd
File: umsa.fd 2013/01/14 v3.01 AMS symbols A
)
LaTeX Font Info:    Trying to load font information for U+msb on input line 25.
 (d:/Programs/texlive/2021/texmf-dist/tex/latex/amsfonts/umsb.fd
File: umsb.fd 2013/01/14 v3.01 AMS symbols B
)
LaTeX Font Info:    Trying to load font information for U+rsfs on input line 25.
 (d:/Programs/texlive/2021/texmf-dist/tex/latex/jknapltx/ursfs.fd
File: ursfs.fd 1998/03/24 rsfs font definition file (jk)
) [1

{d:/Programs/texlive/2021/texmf-var/fonts/map/pdftex/updmap/pdftex.map}]
Overfull \hbox (46.14836pt too wide) detected at line 56
[]
 []

[2]
<./images//NoMass.PNG, id=22, 572.1375pt x 227.34938pt>
File: ./images//NoMass.PNG Graphic file (type png)
<use ./images//NoMass.PNG>
Package pdftex.def Info: ./images//NoMass.PNG  used on input line 85.
(pdftex.def)             Requested size: 343.28514pt x 136.41068pt.
 [3 <./images//NoMass.PNG>]
<./images//prob7.PNG, id=28, 1423.81938pt x 750.30313pt>
File: ./images//prob7.PNG Graphic file (type png)
<use ./images//prob7.PNG>
Package pdftex.def Info: ./images//prob7.PNG  used on input line 105.
(pdftex.def)             Requested size: 355.95398pt x 187.57532pt.
<./images//prob8.PNG, id=29, 1499.6025pt x 270.51062pt>
File: ./images//prob8.PNG Graphic file (type png)
<use ./images//prob8.PNG>
Package pdftex.def Info: ./images//prob8.PNG  used on input line 115.
(pdftex.def)             Requested size: 449.88422pt x 81.15381pt.
 [4 <./images//prob7.PNG>]
<integration.pdf, id=34, 614.295pt x 794.97pt>
File: integration.pdf Graphic file (type pdf)
<use integration.pdf>
Package pdftex.def Info: integration.pdf  used on input line 122.
(pdftex.def)             Requested size: 614.29349pt x 794.96806pt.
File: integration.pdf Graphic file (type pdf)
<use integration.pdf>
Package pdftex.def Info: integration.pdf  used on input line 122.
(pdftex.def)             Requested size: 614.29349pt x 794.96806pt.
<integration.pdf, id=37, page=1, 614.295pt x 794.97pt>
File: integration.pdf Graphic file (type pdf)
<use integration.pdf, page 1>
Package pdftex.def Info: integration.pdf , page1 used on input line 122.
(pdftex.def)             Requested size: 614.29349pt x 794.96806pt.
File: integration.pdf Graphic file (type pdf)
<use integration.pdf, page 1>
Package pdftex.def Info: integration.pdf , page1 used on input line 122.
(pdftex.def)             Requested size: 614.58406pt x 795.3441pt.
 [5 <./images//prob8.PNG>]
File: integration.pdf Graphic file (type pdf)
<use integration.pdf, page 1>
Package pdftex.def Info: integration.pdf , page1 used on input line 122.
(pdftex.def)             Requested size: 614.58406pt x 795.3441pt.
File: integration.pdf Graphic file (type pdf)
<use integration.pdf, page 1>
Package pdftex.def Info: integration.pdf , page1 used on input line 122.
(pdftex.def)             Requested size: 614.58406pt x 795.3441pt.
File: integration.pdf Graphic file (type pdf)
<use integration.pdf, page 1>
Package pdftex.def Info: integration.pdf , page1 used on input line 122.
(pdftex.def)             Requested size: 614.58406pt x 795.3441pt.
 [6 <./integration.pdf>]
<integration.pdf, id=81, page=2, 614.295pt x 794.97pt>
File: integration.pdf Graphic file (type pdf)
<use integration.pdf, page 2>
Package pdftex.def Info: integration.pdf , page2 used on input line 122.
(pdftex.def)             Requested size: 614.58406pt x 795.3441pt.
File: integration.pdf Graphic file (type pdf)
<use integration.pdf, page 2>
Package pdftex.def Info: integration.pdf , page2 used on input line 122.
(pdftex.def)             Requested size: 614.58406pt x 795.3441pt.
File: integration.pdf Graphic file (type pdf)
<use integration.pdf, page 2>
Package pdftex.def Info: integration.pdf , page2 used on input line 122.
(pdftex.def)             Requested size: 614.58406pt x 795.3441pt.
 [7 <./integration.pdf>]
<integration.pdf, id=88, page=3, 614.295pt x 794.97pt>
File: integration.pdf Graphic file (type pdf)
<use integration.pdf, page 3>
Package pdftex.def Info: integration.pdf , page3 used on input line 122.
(pdftex.def)             Requested size: 614.58406pt x 795.3441pt.
File: integration.pdf Graphic file (type pdf)
<use integration.pdf, page 3>
Package pdftex.def Info: integration.pdf , page3 used on input line 122.
(pdftex.def)             Requested size: 614.58406pt x 795.3441pt.
File: integration.pdf Graphic file (type pdf)
<use integration.pdf, page 3>
Package pdftex.def Info: integration.pdf , page3 used on input line 122.
(pdftex.def)             Requested size: 614.58406pt x 795.3441pt.
 [8 <./integration.pdf>]
<integration.pdf, id=94, page=4, 614.295pt x 794.97pt>
File: integration.pdf Graphic file (type pdf)
<use integration.pdf, page 4>
Package pdftex.def Info: integration.pdf , page4 used on input line 122.
(pdftex.def)             Requested size: 614.58406pt x 795.3441pt.
File: integration.pdf Graphic file (type pdf)
<use integration.pdf, page 4>
Package pdftex.def Info: integration.pdf , page4 used on input line 122.
(pdftex.def)             Requested size: 614.58406pt x 795.3441pt.
File: integration.pdf Graphic file (type pdf)
<use integration.pdf, page 4>
Package pdftex.def Info: integration.pdf , page4 used on input line 122.
(pdftex.def)             Requested size: 614.58406pt x 795.3441pt.
 [9 <./integration.pdf>]
<integration.pdf, id=106, page=5, 614.295pt x 794.97pt>
File: integration.pdf Graphic file (type pdf)
<use integration.pdf, page 5>
Package pdftex.def Info: integration.pdf , page5 used on input line 122.
(pdftex.def)             Requested size: 614.58406pt x 795.3441pt.
File: integration.pdf Graphic file (type pdf)
<use integration.pdf, page 5>
Package pdftex.def Info: integration.pdf , page5 used on input line 122.
(pdftex.def)             Requested size: 614.58406pt x 795.3441pt.
File: integration.pdf Graphic file (type pdf)
<use integration.pdf, page 5>
Package pdftex.def Info: integration.pdf , page5 used on input line 122.
(pdftex.def)             Requested size: 614.58406pt x 795.3441pt.
 [10 <./integration.pdf>]
<integration.pdf, id=112, page=6, 614.295pt x 794.97pt>
File: integration.pdf Graphic file (type pdf)
<use integration.pdf, page 6>
Package pdftex.def Info: integration.pdf , page6 used on input line 122.
(pdftex.def)             Requested size: 614.58406pt x 795.3441pt.
File: integration.pdf Graphic file (type pdf)
<use integration.pdf, page 6>
Package pdftex.def Info: integration.pdf , page6 used on input line 122.
(pdftex.def)             Requested size: 614.58406pt x 795.3441pt.
File: integration.pdf Graphic file (type pdf)
<use integration.pdf, page 6>
Package pdftex.def Info: integration.pdf , page6 used on input line 122.
(pdftex.def)             Requested size: 614.58406pt x 795.3441pt.
 [11 <./integration.pdf>]

pdfTeX warning: pdflatex.exe (file ./calcs.pdf): PDF inclusion: found PDF version <1.7>, but at most version <1.5> allowed
<calcs.pdf, id=118, 614.295pt x 794.97pt>
File: calcs.pdf Graphic file (type pdf)
<use calcs.pdf>
Package pdftex.def Info: calcs.pdf  used on input line 125.
(pdftex.def)             Requested size: 614.29349pt x 794.96806pt.


pdfTeX warning: pdflatex.exe (file ./calcs.pdf): PDF inclusion: found PDF version <1.7>, but at most version <1.5> allowed
File: calcs.pdf Graphic file (type pdf)
<use calcs.pdf>
Package pdftex.def Info: calcs.pdf  used on input line 125.
(pdftex.def)             Requested size: 614.29349pt x 794.96806pt.


pdfTeX warning: pdflatex.exe (file ./calcs.pdf): PDF inclusion: found PDF version <1.7>, but at most version <1.5> allowed


pdfTeX warning: pdflatex.exe (file ./calcs.pdf): PDF inclusion: found PDF version <1.7>, but at most version <1.5> allowed
<calcs.pdf, id=121, page=1, 614.295pt x 794.97pt>
File: calcs.pdf Graphic file (type pdf)
<use calcs.pdf, page 1>
Package pdftex.def Info: calcs.pdf , page1 used on input line 125.
(pdftex.def)             Requested size: 614.29349pt x 794.96806pt.
File: calcs.pdf Graphic file (type pdf)
<use calcs.pdf, page 1>
Package pdftex.def Info: calcs.pdf , page1 used on input line 125.
(pdftex.def)             Requested size: 614.58406pt x 795.3441pt.
[12]
File: calcs.pdf Graphic file (type pdf)
<use calcs.pdf, page 1>
Package pdftex.def Info: calcs.pdf , page1 used on input line 125.
(pdftex.def)             Requested size: 614.58406pt x 795.3441pt.
File: calcs.pdf Graphic file (type pdf)
<use calcs.pdf, page 1>
Package pdftex.def Info: calcs.pdf , page1 used on input line 125.
(pdftex.def)             Requested size: 614.58406pt x 795.3441pt.
File: calcs.pdf Graphic file (type pdf)
<use calcs.pdf, page 1>
Package pdftex.def Info: calcs.pdf , page1 used on input line 125.
(pdftex.def)             Requested size: 614.58406pt x 795.3441pt.
 [13 <./calcs.pdf>]

pdfTeX warning: pdflatex.exe (file ./calcs.pdf): PDF inclusion: found PDF version <1.7>, but at most version <1.5> allowed
<calcs.pdf, id=195, page=2, 614.295pt x 794.97pt>
File: calcs.pdf Graphic file (type pdf)
<use calcs.pdf, page 2>
Package pdftex.def Info: calcs.pdf , page2 used on input line 125.
(pdftex.def)             Requested size: 614.58406pt x 795.3441pt.
File: calcs.pdf Graphic file (type pdf)
<use calcs.pdf, page 2>
Package pdftex.def Info: calcs.pdf , page2 used on input line 125.
(pdftex.def)             Requested size: 614.58406pt x 795.3441pt.
File: calcs.pdf Graphic file (type pdf)
<use calcs.pdf, page 2>
Package pdftex.def Info: calcs.pdf , page2 used on input line 125.
(pdftex.def)             Requested size: 614.58406pt x 795.3441pt.
[14 <./calcs.pdf>]

pdfTeX warning: pdflatex.exe (file ./calcs.pdf): PDF inclusion: found PDF version <1.7>, but at most version <1.5> allowed
<calcs.pdf, id=224, page=3, 614.295pt x 794.97pt>
File: calcs.pdf Graphic file (type pdf)
<use calcs.pdf, page 3>
Package pdftex.def Info: calcs.pdf , page3 used on input line 125.
(pdftex.def)             Requested size: 614.58406pt x 795.3441pt.
File: calcs.pdf Graphic file (type pdf)
<use calcs.pdf, page 3>
Package pdftex.def Info: calcs.pdf , page3 used on input line 125.
(pdftex.def)             Requested size: 614.58406pt x 795.3441pt.
File: calcs.pdf Graphic file (type pdf)
<use calcs.pdf, page 3>
Package pdftex.def Info: calcs.pdf , page3 used on input line 125.
(pdftex.def)             Requested size: 614.58406pt x 795.3441pt.
[15 <./calcs.pdf>]

pdfTeX warning: pdflatex.exe (file ./calcs.pdf): PDF inclusion: found PDF version <1.7>, but at most version <1.5> allowed
<calcs.pdf, id=244, page=4, 614.295pt x 794.97pt>
File: calcs.pdf Graphic file (type pdf)
<use calcs.pdf, page 4>
Package pdftex.def Info: calcs.pdf , page4 used on input line 125.
(pdftex.def)             Requested size: 614.58406pt x 795.3441pt.
File: calcs.pdf Graphic file (type pdf)
<use calcs.pdf, page 4>
Package pdftex.def Info: calcs.pdf , page4 used on input line 125.
(pdftex.def)             Requested size: 614.58406pt x 795.3441pt.
File: calcs.pdf Graphic file (type pdf)
<use calcs.pdf, page 4>
Package pdftex.def Info: calcs.pdf , page4 used on input line 125.
(pdftex.def)             Requested size: 614.58406pt x 795.3441pt.
[16 <./calcs.pdf>] (./Midterm.aux) ) 
Here is how much of TeX's memory you used:
 18208 strings out of 478286
 362976 string characters out of 5846229
 641362 words of memory out of 5000000
 36074 multiletter control sequences out of 15000+600000
 478398 words of font info for 66 fonts, out of 8000000 for 9000
 1141 hyphenation exceptions out of 8191
 84i,18n,80p,497b,426s stack positions out of 5000i,500n,10000p,200000b,80000s
<d:/Programs/texlive/2021/texmf-dist/fonts/type1/public/amsfonts/cm/cmbx12.pfb><d:/Programs/texlive/2021/texmf-dist/fonts/type1/public/amsfonts/cm/cmex10.pfb><d:/Programs/texlive/2021/texmf-dist/fonts/type1/public/amsfonts/cm/cmmi12.pfb><d:/Programs/texlive/2021/texmf-dist/fonts/type1/public/amsfonts/cm/cmmi8.pfb><d:/Programs/texlive/2021/texmf-dist/fonts/type1/public/amsfonts/cm/cmr12.pfb><d:/Programs/texlive/2021/texmf-dist/fonts/type1/public/amsfonts/cm/cmr17.pfb><d:/Programs/texlive/2021/texmf-dist/fonts/type1/public/amsfonts/cm/cmr6.pfb><d:/Programs/texlive/2021/texmf-dist/fonts/type1/public/amsfonts/cm/cmr8.pfb><d:/Programs/texlive/2021/texmf-dist/fonts/type1/public/amsfonts/cm/cmsy10.pfb><d:/Programs/texlive/2021/texmf-dist/fonts/type1/public/amsfonts/cm/cmsy8.pfb>
Output written on Midterm.pdf (16 pages, 5378198 bytes).
PDF statistics:
 307 PDF objects out of 1000 (max. 8388607)
 186 compressed objects within 2 object streams
 0 named destinations out of 1000 (max. 500000)
 108 words of extra memory for PDF output out of 10000 (max. 10000000)

